{"C:\\Users\\Daniel\\Desktop\\obsidian-db\\.obsidian\\plugins\\flashcards-obsidian-v2\\src\\utils.ts": {"path":"C:\\Users\\Daniel\\Desktop\\obsidian-db\\.obsidian\\plugins\\flashcards-obsidian-v2\\src\\utils.ts","all":false,"statementMap":{"0":{"start":{"line":1,"column":0},"end":{"line":1,"column":66}},"1":{"start":{"line":2,"column":0},"end":{"line":2,"column":18}},"2":{"start":{"line":3,"column":0},"end":{"line":3,"column":39}},"3":{"start":{"line":4,"column":0},"end":{"line":4,"column":31}},"4":{"start":{"line":5,"column":0},"end":{"line":5,"column":33}},"5":{"start":{"line":6,"column":0},"end":{"line":6,"column":44}},"6":{"start":{"line":7,"column":0},"end":{"line":7,"column":3}},"7":{"start":{"line":8,"column":0},"end":{"line":8,"column":29}},"8":{"start":{"line":9,"column":0},"end":{"line":9,"column":1}},"9":{"start":{"line":10,"column":0},"end":{"line":10,"column":0}},"10":{"start":{"line":11,"column":0},"end":{"line":11,"column":55}},"11":{"start":{"line":12,"column":0},"end":{"line":12,"column":27}},"12":{"start":{"line":13,"column":0},"end":{"line":13,"column":43}},"13":{"start":{"line":14,"column":0},"end":{"line":14,"column":42}},"14":{"start":{"line":15,"column":0},"end":{"line":15,"column":0}},"15":{"start":{"line":16,"column":0},"end":{"line":16,"column":11}},"16":{"start":{"line":17,"column":0},"end":{"line":17,"column":11}},"17":{"start":{"line":18,"column":0},"end":{"line":18,"column":0}},"18":{"start":{"line":19,"column":0},"end":{"line":19,"column":38}},"19":{"start":{"line":20,"column":0},"end":{"line":20,"column":36}},"20":{"start":{"line":21,"column":0},"end":{"line":21,"column":3}},"21":{"start":{"line":22,"column":0},"end":{"line":22,"column":14}},"22":{"start":{"line":23,"column":0},"end":{"line":23,"column":1}},"23":{"start":{"line":24,"column":0},"end":{"line":24,"column":0}},"24":{"start":{"line":25,"column":0},"end":{"line":25,"column":70}},"25":{"start":{"line":26,"column":0},"end":{"line":26,"column":29}},"26":{"start":{"line":27,"column":0},"end":{"line":27,"column":35}},"27":{"start":{"line":28,"column":0},"end":{"line":28,"column":32}},"28":{"start":{"line":29,"column":0},"end":{"line":29,"column":33}},"29":{"start":{"line":30,"column":0},"end":{"line":30,"column":33}},"30":{"start":{"line":31,"column":0},"end":{"line":31,"column":34}},"31":{"start":{"line":32,"column":0},"end":{"line":32,"column":34}},"32":{"start":{"line":33,"column":0},"end":{"line":33,"column":38}},"33":{"start":{"line":34,"column":0},"end":{"line":34,"column":38}},"34":{"start":{"line":35,"column":0},"end":{"line":35,"column":37}},"35":{"start":{"line":36,"column":0},"end":{"line":36,"column":37}},"36":{"start":{"line":37,"column":0},"end":{"line":37,"column":33}},"37":{"start":{"line":38,"column":0},"end":{"line":38,"column":4}},"38":{"start":{"line":39,"column":0},"end":{"line":39,"column":0}},"39":{"start":{"line":40,"column":0},"end":{"line":40,"column":69}},"40":{"start":{"line":41,"column":0},"end":{"line":41,"column":32}},"41":{"start":{"line":42,"column":0},"end":{"line":42,"column":45}},"42":{"start":{"line":43,"column":0},"end":{"line":43,"column":9}},"43":{"start":{"line":44,"column":0},"end":{"line":44,"column":50}},"44":{"start":{"line":45,"column":0},"end":{"line":45,"column":13}},"45":{"start":{"line":46,"column":0},"end":{"line":46,"column":1}},"46":{"start":{"line":47,"column":0},"end":{"line":47,"column":0}},"47":{"start":{"line":48,"column":0},"end":{"line":48,"column":0}},"48":{"start":{"line":49,"column":0},"end":{"line":49,"column":45}},"49":{"start":{"line":50,"column":0},"end":{"line":50,"column":91}},"50":{"start":{"line":51,"column":0},"end":{"line":51,"column":3}}},"s":{"0":0,"1":0,"2":0,"3":0,"4":0,"5":0,"6":0,"7":0,"8":0,"9":1,"10":18,"11":18,"12":18,"13":18,"14":14,"15":14,"16":14,"17":14,"18":18,"19":15,"20":15,"21":12,"22":12,"23":1,"24":12,"25":12,"26":12,"27":12,"28":12,"29":12,"30":12,"31":12,"32":12,"33":12,"34":12,"35":12,"36":12,"37":12,"38":12,"39":12,"40":108,"41":108,"42":108,"43":108,"44":12,"45":12,"46":1,"47":1,"48":1,"49":3,"50":3},"branchMap":{"0":{"type":"branch","line":11,"loc":{"start":{"line":11,"column":0},"end":{"line":23,"column":1}},"locations":[{"start":{"line":11,"column":0},"end":{"line":23,"column":1}}]},"1":{"type":"branch","line":12,"loc":{"start":{"line":12,"column":15},"end":{"line":12,"column":27}},"locations":[{"start":{"line":12,"column":15},"end":{"line":12,"column":27}}]},"2":{"type":"branch","line":13,"loc":{"start":{"line":13,"column":-2},"end":{"line":13,"column":19}},"locations":[{"start":{"line":13,"column":-2},"end":{"line":13,"column":19}}]},"3":{"type":"branch","line":13,"loc":{"start":{"line":13,"column":15},"end":{"line":13,"column":28}},"locations":[{"start":{"line":13,"column":15},"end":{"line":13,"column":28}}]},"4":{"type":"branch","line":13,"loc":{"start":{"line":13,"column":30},"end":{"line":13,"column":43}},"locations":[{"start":{"line":13,"column":30},"end":{"line":13,"column":43}}]},"5":{"type":"branch","line":14,"loc":{"start":{"line":14,"column":-2},"end":{"line":14,"column":36}},"locations":[{"start":{"line":14,"column":-2},"end":{"line":14,"column":36}}]},"6":{"type":"branch","line":14,"loc":{"start":{"line":14,"column":29},"end":{"line":14,"column":42}},"locations":[{"start":{"line":14,"column":29},"end":{"line":14,"column":42}}]},"7":{"type":"branch","line":15,"loc":{"start":{"line":15,"column":-2},"end":{"line":19,"column":37}},"locations":[{"start":{"line":15,"column":-2},"end":{"line":19,"column":37}}]},"8":{"type":"branch","line":19,"loc":{"start":{"line":19,"column":37},"end":{"line":21,"column":3}},"locations":[{"start":{"line":19,"column":37},"end":{"line":21,"column":3}}]},"9":{"type":"branch","line":20,"loc":{"start":{"line":20,"column":23},"end":{"line":20,"column":36}},"locations":[{"start":{"line":20,"column":23},"end":{"line":20,"column":36}}]},"10":{"type":"branch","line":22,"loc":{"start":{"line":22,"column":-2},"end":{"line":23,"column":1}},"locations":[{"start":{"line":22,"column":-2},"end":{"line":23,"column":1}}]},"11":{"type":"branch","line":25,"loc":{"start":{"line":25,"column":0},"end":{"line":46,"column":1}},"locations":[{"start":{"line":25,"column":0},"end":{"line":46,"column":1}}]},"12":{"type":"branch","line":25,"loc":{"start":{"line":25,"column":47},"end":{"line":25,"column":70}},"locations":[{"start":{"line":25,"column":47},"end":{"line":25,"column":70}}]},"13":{"type":"branch","line":40,"loc":{"start":{"line":40,"column":29},"end":{"line":45,"column":3}},"locations":[{"start":{"line":40,"column":29},"end":{"line":45,"column":3}}]},"14":{"type":"branch","line":43,"loc":{"start":{"line":43,"column":6},"end":{"line":43,"column":9}},"locations":[{"start":{"line":43,"column":6},"end":{"line":43,"column":9}}]},"15":{"type":"branch","line":44,"loc":{"start":{"line":44,"column":6},"end":{"line":44,"column":49}},"locations":[{"start":{"line":44,"column":6},"end":{"line":44,"column":49}}]},"16":{"type":"branch","line":49,"loc":{"start":{"line":49,"column":2},"end":{"line":51,"column":3}},"locations":[{"start":{"line":49,"column":2},"end":{"line":51,"column":3}}]}},"b":{"0":[18],"1":[1],"2":[17],"3":[16],"4":[2],"5":[15],"6":[1],"7":[14],"8":[15],"9":[2],"10":[12],"11":[12],"12":[11],"13":[108],"14":[4],"15":[104],"16":[3]},"fnMap":{"0":{"name":"arrayBufferToBase64","decl":{"start":{"line":1,"column":0},"end":{"line":9,"column":1}},"loc":{"start":{"line":1,"column":0},"end":{"line":9,"column":1}},"line":1},"1":{"name":"arraysEqual","decl":{"start":{"line":11,"column":0},"end":{"line":23,"column":1}},"loc":{"start":{"line":11,"column":0},"end":{"line":23,"column":1}},"line":11},"2":{"name":"escapeMarkdown","decl":{"start":{"line":25,"column":0},"end":{"line":46,"column":1}},"loc":{"start":{"line":25,"column":0},"end":{"line":46,"column":1}},"line":25},"3":{"name":"escapeRegExp","decl":{"start":{"line":49,"column":2},"end":{"line":51,"column":3}},"loc":{"start":{"line":49,"column":2},"end":{"line":51,"column":3}},"line":49}},"f":{"0":0,"1":18,"2":12,"3":3}}
,"C:\\Users\\Daniel\\Desktop\\obsidian-db\\.obsidian\\plugins\\flashcards-obsidian-v2\\src\\conf\\constants.ts": {"path":"C:\\Users\\Daniel\\Desktop\\obsidian-db\\.obsidian\\plugins\\flashcards-obsidian-v2\\src\\conf\\constants.ts","all":false,"statementMap":{"0":{"start":{"line":1,"column":0},"end":{"line":1,"column":39}},"1":{"start":{"line":2,"column":0},"end":{"line":2,"column":45}},"2":{"start":{"line":3,"column":0},"end":{"line":3,"column":41}},"3":{"start":{"line":4,"column":0},"end":{"line":4,"column":1116}},"4":{"start":{"line":5,"column":0},"end":{"line":5,"column":75}},"5":{"start":{"line":6,"column":0},"end":{"line":6,"column":25}},"6":{"start":{"line":7,"column":0},"end":{"line":7,"column":522}},"7":{"start":{"line":8,"column":0},"end":{"line":8,"column":443780}},"8":{"start":{"line":9,"column":0},"end":{"line":9,"column":168}},"9":{"start":{"line":10,"column":0},"end":{"line":10,"column":1961}}},"s":{"0":1,"1":1,"2":1,"3":1,"4":1,"5":1,"6":1,"7":1,"8":1,"9":1},"branchMap":{},"b":{},"fnMap":{},"f":{}}
,"C:\\Users\\Daniel\\Desktop\\obsidian-db\\.obsidian\\plugins\\flashcards-obsidian-v2\\src\\conf\\regex.ts": {"path":"C:\\Users\\Daniel\\Desktop\\obsidian-db\\.obsidian\\plugins\\flashcards-obsidian-v2\\src\\conf\\regex.ts","all":false,"statementMap":{"0":{"start":{"line":1,"column":0},"end":{"line":1,"column":46}},"1":{"start":{"line":2,"column":0},"end":{"line":2,"column":0}},"2":{"start":{"line":3,"column":0},"end":{"line":3,"column":20}},"3":{"start":{"line":4,"column":0},"end":{"line":4,"column":24}},"4":{"start":{"line":5,"column":0},"end":{"line":5,"column":25}},"5":{"start":{"line":6,"column":0},"end":{"line":6,"column":29}},"6":{"start":{"line":7,"column":0},"end":{"line":7,"column":25}},"7":{"start":{"line":8,"column":0},"end":{"line":8,"column":47}},"8":{"start":{"line":9,"column":0},"end":{"line":9,"column":20}},"9":{"start":{"line":10,"column":0},"end":{"line":10,"column":35}},"10":{"start":{"line":11,"column":0},"end":{"line":11,"column":34}},"11":{"start":{"line":12,"column":0},"end":{"line":12,"column":24}},"12":{"start":{"line":13,"column":0},"end":{"line":13,"column":24}},"13":{"start":{"line":14,"column":0},"end":{"line":14,"column":29}},"14":{"start":{"line":15,"column":0},"end":{"line":15,"column":23}},"15":{"start":{"line":16,"column":0},"end":{"line":16,"column":0}},"16":{"start":{"line":17,"column":0},"end":{"line":17,"column":29}},"17":{"start":{"line":18,"column":0},"end":{"line":18,"column":27}},"18":{"start":{"line":19,"column":0},"end":{"line":19,"column":27}},"19":{"start":{"line":20,"column":0},"end":{"line":20,"column":30}},"20":{"start":{"line":21,"column":0},"end":{"line":21,"column":27}},"21":{"start":{"line":22,"column":0},"end":{"line":22,"column":31}},"22":{"start":{"line":23,"column":0},"end":{"line":23,"column":25}},"23":{"start":{"line":24,"column":0},"end":{"line":24,"column":0}},"24":{"start":{"line":25,"column":0},"end":{"line":25,"column":21}},"25":{"start":{"line":26,"column":0},"end":{"line":26,"column":0}},"26":{"start":{"line":27,"column":0},"end":{"line":27,"column":36}},"27":{"start":{"line":28,"column":0},"end":{"line":28,"column":26}},"28":{"start":{"line":29,"column":0},"end":{"line":29,"column":3}},"29":{"start":{"line":30,"column":0},"end":{"line":30,"column":0}},"30":{"start":{"line":31,"column":0},"end":{"line":31,"column":38}},"31":{"start":{"line":32,"column":0},"end":{"line":32,"column":38}},"32":{"start":{"line":33,"column":0},"end":{"line":33,"column":75}},"33":{"start":{"line":34,"column":0},"end":{"line":34,"column":0}},"34":{"start":{"line":35,"column":0},"end":{"line":35,"column":75}},"35":{"start":{"line":36,"column":0},"end":{"line":36,"column":25}},"36":{"start":{"line":37,"column":0},"end":{"line":37,"column":100}},"37":{"start":{"line":38,"column":0},"end":{"line":38,"column":29}},"38":{"start":{"line":39,"column":0},"end":{"line":39,"column":108}},"39":{"start":{"line":40,"column":0},"end":{"line":40,"column":0}},"40":{"start":{"line":41,"column":0},"end":{"line":41,"column":25}},"41":{"start":{"line":42,"column":0},"end":{"line":42,"column":63}},"42":{"start":{"line":43,"column":0},"end":{"line":43,"column":0}},"43":{"start":{"line":44,"column":0},"end":{"line":44,"column":38}},"44":{"start":{"line":45,"column":0},"end":{"line":45,"column":65}},"45":{"start":{"line":46,"column":0},"end":{"line":46,"column":0}},"46":{"start":{"line":47,"column":0},"end":{"line":47,"column":54}},"47":{"start":{"line":48,"column":0},"end":{"line":48,"column":0}},"48":{"start":{"line":49,"column":0},"end":{"line":49,"column":44}},"49":{"start":{"line":50,"column":0},"end":{"line":50,"column":40}},"50":{"start":{"line":51,"column":0},"end":{"line":51,"column":0}},"51":{"start":{"line":52,"column":0},"end":{"line":52,"column":51}},"52":{"start":{"line":53,"column":0},"end":{"line":53,"column":77}},"53":{"start":{"line":54,"column":0},"end":{"line":54,"column":0}},"54":{"start":{"line":55,"column":0},"end":{"line":55,"column":38}},"55":{"start":{"line":56,"column":0},"end":{"line":56,"column":29}},"56":{"start":{"line":57,"column":0},"end":{"line":57,"column":63}},"57":{"start":{"line":58,"column":0},"end":{"line":58,"column":31}},"58":{"start":{"line":59,"column":0},"end":{"line":59,"column":0}},"59":{"start":{"line":60,"column":0},"end":{"line":60,"column":12}},"60":{"start":{"line":61,"column":0},"end":{"line":61,"column":25}},"61":{"start":{"line":62,"column":0},"end":{"line":62,"column":38}},"62":{"start":{"line":63,"column":0},"end":{"line":63,"column":13}},"63":{"start":{"line":64,"column":0},"end":{"line":64,"column":121}},"64":{"start":{"line":65,"column":0},"end":{"line":65,"column":56}},"65":{"start":{"line":66,"column":0},"end":{"line":66,"column":71}},"66":{"start":{"line":67,"column":0},"end":{"line":67,"column":30}},"67":{"start":{"line":68,"column":0},"end":{"line":68,"column":93}},"68":{"start":{"line":69,"column":0},"end":{"line":69,"column":53}},"69":{"start":{"line":70,"column":0},"end":{"line":70,"column":0}},"70":{"start":{"line":71,"column":0},"end":{"line":71,"column":38}},"71":{"start":{"line":72,"column":0},"end":{"line":72,"column":158}},"72":{"start":{"line":73,"column":0},"end":{"line":73,"column":158}},"73":{"start":{"line":74,"column":0},"end":{"line":74,"column":160}},"74":{"start":{"line":75,"column":0},"end":{"line":75,"column":34}},"75":{"start":{"line":76,"column":0},"end":{"line":76,"column":28}},"76":{"start":{"line":77,"column":0},"end":{"line":77,"column":11}},"77":{"start":{"line":78,"column":0},"end":{"line":78,"column":184}},"78":{"start":{"line":79,"column":0},"end":{"line":79,"column":12}},"79":{"start":{"line":80,"column":0},"end":{"line":80,"column":11}},"80":{"start":{"line":81,"column":0},"end":{"line":81,"column":183}},"81":{"start":{"line":82,"column":0},"end":{"line":82,"column":5}},"82":{"start":{"line":83,"column":0},"end":{"line":83,"column":51}},"83":{"start":{"line":84,"column":0},"end":{"line":84,"column":0}},"84":{"start":{"line":85,"column":0},"end":{"line":85,"column":38}},"85":{"start":{"line":86,"column":0},"end":{"line":86,"column":9}},"86":{"start":{"line":87,"column":0},"end":{"line":87,"column":42}},"87":{"start":{"line":88,"column":0},"end":{"line":88,"column":30}},"88":{"start":{"line":89,"column":0},"end":{"line":89,"column":79}},"89":{"start":{"line":90,"column":0},"end":{"line":90,"column":51}},"90":{"start":{"line":91,"column":0},"end":{"line":91,"column":0}},"91":{"start":{"line":92,"column":0},"end":{"line":92,"column":38}},"92":{"start":{"line":93,"column":0},"end":{"line":93,"column":0}},"93":{"start":{"line":94,"column":0},"end":{"line":94,"column":149}},"94":{"start":{"line":95,"column":0},"end":{"line":95,"column":54}},"95":{"start":{"line":96,"column":0},"end":{"line":96,"column":4}},"96":{"start":{"line":97,"column":0},"end":{"line":97,"column":60}},"97":{"start":{"line":98,"column":0},"end":{"line":98,"column":55}},"98":{"start":{"line":99,"column":0},"end":{"line":99,"column":0}},"99":{"start":{"line":100,"column":0},"end":{"line":100,"column":87}},"100":{"start":{"line":101,"column":0},"end":{"line":101,"column":110}},"101":{"start":{"line":102,"column":0},"end":{"line":102,"column":3}},"102":{"start":{"line":103,"column":0},"end":{"line":103,"column":1}}},"s":{"0":1,"1":1,"2":2,"3":2,"4":2,"5":2,"6":2,"7":2,"8":2,"9":2,"10":2,"11":2,"12":2,"13":2,"14":2,"15":2,"16":2,"17":2,"18":2,"19":2,"20":2,"21":2,"22":2,"23":2,"24":2,"25":2,"26":2,"27":2,"28":2,"29":2,"30":2,"31":2,"32":2,"33":2,"34":2,"35":2,"36":2,"37":2,"38":2,"39":2,"40":2,"41":2,"42":2,"43":2,"44":2,"45":2,"46":2,"47":2,"48":2,"49":2,"50":2,"51":2,"52":2,"53":2,"54":2,"55":2,"56":2,"57":2,"58":2,"59":2,"60":2,"61":2,"62":2,"63":2,"64":2,"65":2,"66":2,"67":2,"68":2,"69":2,"70":2,"71":2,"72":2,"73":2,"74":2,"75":2,"76":0,"77":0,"78":2,"79":2,"80":2,"81":2,"82":2,"83":2,"84":2,"85":2,"86":2,"87":2,"88":2,"89":2,"90":2,"91":2,"92":2,"93":2,"94":2,"95":2,"96":2,"97":2,"98":2,"99":2,"100":2,"101":2,"102":2},"branchMap":{"0":{"type":"branch","line":3,"loc":{"start":{"line":3,"column":0},"end":{"line":103,"column":1}},"locations":[{"start":{"line":3,"column":0},"end":{"line":103,"column":1}}]},"1":{"type":"branch","line":27,"loc":{"start":{"line":27,"column":2},"end":{"line":29,"column":3}},"locations":[{"start":{"line":27,"column":2},"end":{"line":29,"column":3}}]},"2":{"type":"branch","line":31,"loc":{"start":{"line":31,"column":2},"end":{"line":102,"column":3}},"locations":[{"start":{"line":31,"column":2},"end":{"line":102,"column":3}}]},"3":{"type":"branch","line":72,"loc":{"start":{"line":72,"column":97},"end":{"line":72,"column":123}},"locations":[{"start":{"line":72,"column":97},"end":{"line":72,"column":123}}]},"4":{"type":"branch","line":73,"loc":{"start":{"line":73,"column":124},"end":{"line":73,"column":157}},"locations":[{"start":{"line":73,"column":124},"end":{"line":73,"column":157}}]},"5":{"type":"branch","line":76,"loc":{"start":{"line":76,"column":27},"end":{"line":79,"column":11}},"locations":[{"start":{"line":76,"column":27},"end":{"line":79,"column":11}}]}},"b":{"0":[2],"1":[2],"2":[2],"3":[0],"4":[0],"5":[0]},"fnMap":{"0":{"name":"Regex","decl":{"start":{"line":27,"column":2},"end":{"line":29,"column":3}},"loc":{"start":{"line":27,"column":2},"end":{"line":29,"column":3}},"line":27},"1":{"name":"Object.<anonymous>.Regex.update","decl":{"start":{"line":31,"column":2},"end":{"line":102,"column":3}},"loc":{"start":{"line":31,"column":2},"end":{"line":102,"column":3}},"line":31}},"f":{"0":2,"1":2}}
,"C:\\Users\\Daniel\\Desktop\\obsidian-db\\.obsidian\\plugins\\flashcards-obsidian-v2\\src\\entities\\card.ts": {"path":"C:\\Users\\Daniel\\Desktop\\obsidian-db\\.obsidian\\plugins\\flashcards-obsidian-v2\\src\\entities\\card.ts","all":false,"statementMap":{"0":{"start":{"line":1,"column":0},"end":{"line":1,"column":55}},"1":{"start":{"line":2,"column":0},"end":{"line":2,"column":40}},"2":{"start":{"line":3,"column":0},"end":{"line":3,"column":0}},"3":{"start":{"line":4,"column":0},"end":{"line":4,"column":28}},"4":{"start":{"line":5,"column":0},"end":{"line":5,"column":13}},"5":{"start":{"line":6,"column":0},"end":{"line":6,"column":19}},"6":{"start":{"line":7,"column":0},"end":{"line":7,"column":25}},"7":{"start":{"line":8,"column":0},"end":{"line":8,"column":33}},"8":{"start":{"line":9,"column":0},"end":{"line":9,"column":20}},"9":{"start":{"line":10,"column":0},"end":{"line":10,"column":24}},"10":{"start":{"line":11,"column":0},"end":{"line":11,"column":20}},"11":{"start":{"line":12,"column":0},"end":{"line":12,"column":17}},"12":{"start":{"line":13,"column":0},"end":{"line":13,"column":20}},"13":{"start":{"line":14,"column":0},"end":{"line":14,"column":23}},"14":{"start":{"line":15,"column":0},"end":{"line":15,"column":31}},"15":{"start":{"line":16,"column":0},"end":{"line":16,"column":20}},"16":{"start":{"line":17,"column":0},"end":{"line":17,"column":24}},"17":{"start":{"line":18,"column":0},"end":{"line":18,"column":20}},"18":{"start":{"line":19,"column":0},"end":{"line":19,"column":0}},"19":{"start":{"line":20,"column":0},"end":{"line":20,"column":14}},"20":{"start":{"line":21,"column":0},"end":{"line":21,"column":15}},"21":{"start":{"line":22,"column":0},"end":{"line":22,"column":21}},"22":{"start":{"line":23,"column":0},"end":{"line":23,"column":27}},"23":{"start":{"line":24,"column":0},"end":{"line":24,"column":35}},"24":{"start":{"line":25,"column":0},"end":{"line":25,"column":22}},"25":{"start":{"line":26,"column":0},"end":{"line":26,"column":26}},"26":{"start":{"line":27,"column":0},"end":{"line":27,"column":22}},"27":{"start":{"line":28,"column":0},"end":{"line":28,"column":19}},"28":{"start":{"line":29,"column":0},"end":{"line":29,"column":22}},"29":{"start":{"line":30,"column":0},"end":{"line":30,"column":25}},"30":{"start":{"line":31,"column":0},"end":{"line":31,"column":24}},"31":{"start":{"line":32,"column":0},"end":{"line":32,"column":5}},"32":{"start":{"line":33,"column":0},"end":{"line":33,"column":17}},"33":{"start":{"line":34,"column":0},"end":{"line":34,"column":29}},"34":{"start":{"line":35,"column":0},"end":{"line":35,"column":41}},"35":{"start":{"line":36,"column":0},"end":{"line":36,"column":25}},"36":{"start":{"line":37,"column":0},"end":{"line":37,"column":29}},"37":{"start":{"line":38,"column":0},"end":{"line":38,"column":38}},"38":{"start":{"line":39,"column":0},"end":{"line":39,"column":31}},"39":{"start":{"line":40,"column":0},"end":{"line":40,"column":21}},"40":{"start":{"line":41,"column":0},"end":{"line":41,"column":29}},"41":{"start":{"line":42,"column":0},"end":{"line":42,"column":33}},"42":{"start":{"line":43,"column":0},"end":{"line":43,"column":33}},"43":{"start":{"line":44,"column":0},"end":{"line":44,"column":22}},"44":{"start":{"line":45,"column":0},"end":{"line":45,"column":37}},"45":{"start":{"line":46,"column":0},"end":{"line":46,"column":24}},"46":{"start":{"line":47,"column":0},"end":{"line":47,"column":3}},"47":{"start":{"line":48,"column":0},"end":{"line":48,"column":0}},"48":{"start":{"line":49,"column":0},"end":{"line":49,"column":30}},"49":{"start":{"line":50,"column":0},"end":{"line":50,"column":44}},"50":{"start":{"line":51,"column":0},"end":{"line":51,"column":33}},"51":{"start":{"line":52,"column":0},"end":{"line":52,"column":33}},"52":{"start":{"line":53,"column":0},"end":{"line":53,"column":0}},"53":{"start":{"line":54,"column":0},"end":{"line":54,"column":29}},"54":{"start":{"line":55,"column":0},"end":{"line":55,"column":35}},"55":{"start":{"line":56,"column":0},"end":{"line":56,"column":47}},"56":{"start":{"line":57,"column":0},"end":{"line":57,"column":23}},"57":{"start":{"line":58,"column":0},"end":{"line":58,"column":8}},"58":{"start":{"line":59,"column":0},"end":{"line":59,"column":0}},"59":{"start":{"line":60,"column":0},"end":{"line":60,"column":53}},"60":{"start":{"line":61,"column":0},"end":{"line":61,"column":86}},"61":{"start":{"line":62,"column":0},"end":{"line":62,"column":63}},"62":{"start":{"line":63,"column":0},"end":{"line":63,"column":18}},"63":{"start":{"line":64,"column":0},"end":{"line":64,"column":5}},"64":{"start":{"line":65,"column":0},"end":{"line":65,"column":0}},"65":{"start":{"line":66,"column":0},"end":{"line":66,"column":33}},"66":{"start":{"line":67,"column":0},"end":{"line":67,"column":33}},"67":{"start":{"line":68,"column":0},"end":{"line":68,"column":59}},"68":{"start":{"line":69,"column":0},"end":{"line":69,"column":67}},"69":{"start":{"line":70,"column":0},"end":{"line":70,"column":6}},"70":{"start":{"line":71,"column":0},"end":{"line":71,"column":36}},"71":{"start":{"line":72,"column":0},"end":{"line":72,"column":100}},"72":{"start":{"line":73,"column":0},"end":{"line":73,"column":65}},"73":{"start":{"line":74,"column":0},"end":{"line":74,"column":65}},"74":{"start":{"line":75,"column":0},"end":{"line":75,"column":8}},"75":{"start":{"line":76,"column":0},"end":{"line":76,"column":58}},"76":{"start":{"line":77,"column":0},"end":{"line":77,"column":23}},"77":{"start":{"line":78,"column":0},"end":{"line":78,"column":9}},"78":{"start":{"line":79,"column":0},"end":{"line":79,"column":7}},"79":{"start":{"line":80,"column":0},"end":{"line":80,"column":5}},"80":{"start":{"line":81,"column":0},"end":{"line":81,"column":0}},"81":{"start":{"line":82,"column":0},"end":{"line":82,"column":45}},"82":{"start":{"line":83,"column":0},"end":{"line":83,"column":3}},"83":{"start":{"line":84,"column":0},"end":{"line":84,"column":0}},"84":{"start":{"line":85,"column":0},"end":{"line":85,"column":5}},"85":{"start":{"line":86,"column":0},"end":{"line":86,"column":42}},"86":{"start":{"line":87,"column":0},"end":{"line":87,"column":55}},"87":{"start":{"line":88,"column":0},"end":{"line":88,"column":29}},"88":{"start":{"line":89,"column":0},"end":{"line":89,"column":5}},"89":{"start":{"line":90,"column":0},"end":{"line":90,"column":54}},"90":{"start":{"line":91,"column":0},"end":{"line":91,"column":32}},"91":{"start":{"line":92,"column":0},"end":{"line":92,"column":4}},"92":{"start":{"line":93,"column":0},"end":{"line":93,"column":64}},"93":{"start":{"line":94,"column":0},"end":{"line":94,"column":63}},"94":{"start":{"line":95,"column":0},"end":{"line":95,"column":4}},"95":{"start":{"line":96,"column":0},"end":{"line":96,"column":54}},"96":{"start":{"line":97,"column":0},"end":{"line":97,"column":63}},"97":{"start":{"line":98,"column":0},"end":{"line":98,"column":4}},"98":{"start":{"line":99,"column":0},"end":{"line":99,"column":37}},"99":{"start":{"line":100,"column":0},"end":{"line":100,"column":52}},"100":{"start":{"line":101,"column":0},"end":{"line":101,"column":4}},"101":{"start":{"line":102,"column":0},"end":{"line":102,"column":36}},"102":{"start":{"line":103,"column":0},"end":{"line":103,"column":50}},"103":{"start":{"line":104,"column":0},"end":{"line":104,"column":3}},"104":{"start":{"line":105,"column":0},"end":{"line":105,"column":2}},"105":{"start":{"line":106,"column":0},"end":{"line":106,"column":5}},"106":{"start":{"line":107,"column":0},"end":{"line":107,"column":54}},"107":{"start":{"line":108,"column":0},"end":{"line":108,"column":52}},"108":{"start":{"line":109,"column":0},"end":{"line":109,"column":28}},"109":{"start":{"line":110,"column":0},"end":{"line":110,"column":5}},"110":{"start":{"line":111,"column":0},"end":{"line":111,"column":46}},"111":{"start":{"line":112,"column":0},"end":{"line":112,"column":25}},"112":{"start":{"line":113,"column":0},"end":{"line":113,"column":4}},"113":{"start":{"line":114,"column":0},"end":{"line":114,"column":50}},"114":{"start":{"line":115,"column":0},"end":{"line":115,"column":50}},"115":{"start":{"line":116,"column":0},"end":{"line":116,"column":3}},"116":{"start":{"line":117,"column":0},"end":{"line":117,"column":0}},"117":{"start":{"line":118,"column":0},"end":{"line":118,"column":30}},"118":{"start":{"line":119,"column":0},"end":{"line":119,"column":54}},"119":{"start":{"line":120,"column":0},"end":{"line":120,"column":3}},"120":{"start":{"line":121,"column":0},"end":{"line":121,"column":1}}},"s":{"0":1,"1":1,"2":1,"3":4,"4":4,"5":4,"6":4,"7":4,"8":4,"9":4,"10":4,"11":4,"12":4,"13":4,"14":4,"15":4,"16":4,"17":4,"18":4,"19":4,"20":74,"21":74,"22":74,"23":74,"24":74,"25":74,"26":74,"27":74,"28":74,"29":74,"30":74,"31":74,"32":74,"33":74,"34":74,"35":74,"36":74,"37":74,"38":74,"39":74,"40":74,"41":74,"42":74,"43":74,"44":74,"45":74,"46":74,"47":4,"48":4,"49":4,"50":4,"51":4,"52":4,"53":4,"54":12,"55":12,"56":12,"57":12,"58":12,"59":12,"60":12,"61":12,"62":1,"63":1,"64":11,"65":12,"66":22,"67":22,"68":22,"69":22,"70":22,"71":1,"72":1,"73":1,"74":1,"75":1,"76":1,"77":1,"78":1,"79":22,"80":12,"81":12,"82":12,"83":4,"84":4,"85":4,"86":4,"87":4,"88":4,"89":4,"90":44,"91":44,"92":44,"93":44,"94":44,"95":44,"96":44,"97":44,"98":44,"99":44,"100":44,"101":44,"102":44,"103":44,"104":4,"105":4,"106":4,"107":4,"108":4,"109":4,"110":4,"111":2,"112":2,"113":2,"114":2,"115":2,"116":4,"117":4,"118":0,"119":0,"120":4},"branchMap":{"0":{"type":"branch","line":4,"loc":{"start":{"line":4,"column":0},"end":{"line":121,"column":1}},"locations":[{"start":{"line":4,"column":0},"end":{"line":121,"column":1}}]},"1":{"type":"branch","line":20,"loc":{"start":{"line":20,"column":2},"end":{"line":47,"column":3}},"locations":[{"start":{"line":20,"column":2},"end":{"line":47,"column":3}}]},"2":{"type":"branch","line":31,"loc":{"start":{"line":31,"column":4},"end":{"line":31,"column":24}},"locations":[{"start":{"line":31,"column":4},"end":{"line":31,"column":24}}]},"3":{"type":"branch","line":54,"loc":{"start":{"line":54,"column":2},"end":{"line":83,"column":3}},"locations":[{"start":{"line":54,"column":2},"end":{"line":83,"column":3}}]},"4":{"type":"branch","line":62,"loc":{"start":{"line":62,"column":62},"end":{"line":64,"column":5}},"locations":[{"start":{"line":62,"column":62},"end":{"line":64,"column":5}}]},"5":{"type":"branch","line":65,"loc":{"start":{"line":65,"column":-2},"end":{"line":66,"column":32}},"locations":[{"start":{"line":65,"column":-2},"end":{"line":66,"column":32}}]},"6":{"type":"branch","line":66,"loc":{"start":{"line":66,"column":32},"end":{"line":80,"column":5}},"locations":[{"start":{"line":66,"column":32},"end":{"line":80,"column":5}}]},"7":{"type":"branch","line":71,"loc":{"start":{"line":71,"column":35},"end":{"line":79,"column":7}},"locations":[{"start":{"line":71,"column":35},"end":{"line":79,"column":7}}]},"8":{"type":"branch","line":90,"loc":{"start":{"line":90,"column":2},"end":{"line":104,"column":3}},"locations":[{"start":{"line":90,"column":2},"end":{"line":104,"column":3}}]},"9":{"type":"branch","line":91,"loc":{"start":{"line":91,"column":22},"end":{"line":91,"column":32}},"locations":[{"start":{"line":91,"column":22},"end":{"line":91,"column":32}}]},"10":{"type":"branch","line":111,"loc":{"start":{"line":111,"column":2},"end":{"line":116,"column":3}},"locations":[{"start":{"line":111,"column":2},"end":{"line":116,"column":3}}]},"11":{"type":"branch","line":112,"loc":{"start":{"line":112,"column":15},"end":{"line":112,"column":25}},"locations":[{"start":{"line":112,"column":15},"end":{"line":112,"column":25}}]}},"b":{"0":[4],"1":[74],"2":[0],"3":[12],"4":[1],"5":[11],"6":[22],"7":[1],"8":[44],"9":[0],"10":[2],"11":[0]},"fnMap":{"0":{"name":"Card","decl":{"start":{"line":20,"column":2},"end":{"line":47,"column":3}},"loc":{"start":{"line":20,"column":2},"end":{"line":47,"column":3}},"line":20},"1":{"name":"Object.<anonymous>.Card.match","decl":{"start":{"line":54,"column":2},"end":{"line":83,"column":3}},"loc":{"start":{"line":54,"column":2},"end":{"line":83,"column":3}},"line":54},"2":{"name":"Object.<anonymous>.Card.normalizeHtml","decl":{"start":{"line":90,"column":2},"end":{"line":104,"column":3}},"loc":{"start":{"line":90,"column":2},"end":{"line":104,"column":3}},"line":90},"3":{"name":"Object.<anonymous>.Card.simplifyText","decl":{"start":{"line":111,"column":2},"end":{"line":116,"column":3}},"loc":{"start":{"line":111,"column":2},"end":{"line":116,"column":3}},"line":111},"4":{"name":"Object.<anonymous>.Card.getCodeDeckNameExtension","decl":{"start":{"line":118,"column":2},"end":{"line":120,"column":3}},"loc":{"start":{"line":118,"column":2},"end":{"line":120,"column":3}},"line":118}},"f":{"0":74,"1":12,"2":44,"3":2,"4":0}}
,"C:\\Users\\Daniel\\Desktop\\obsidian-db\\.obsidian\\plugins\\flashcards-obsidian-v2\\src\\entities\\clozecard.ts": {"path":"C:\\Users\\Daniel\\Desktop\\obsidian-db\\.obsidian\\plugins\\flashcards-obsidian-v2\\src\\entities\\clozecard.ts","all":false,"statementMap":{"0":{"start":{"line":1,"column":0},"end":{"line":1,"column":76}},"1":{"start":{"line":2,"column":0},"end":{"line":2,"column":41}},"2":{"start":{"line":3,"column":0},"end":{"line":3,"column":0}},"3":{"start":{"line":4,"column":0},"end":{"line":4,"column":37}},"4":{"start":{"line":5,"column":0},"end":{"line":5,"column":14}},"5":{"start":{"line":6,"column":0},"end":{"line":6,"column":12}},"6":{"start":{"line":7,"column":0},"end":{"line":7,"column":21}},"7":{"start":{"line":8,"column":0},"end":{"line":8,"column":27}},"8":{"start":{"line":9,"column":0},"end":{"line":9,"column":35}},"9":{"start":{"line":10,"column":0},"end":{"line":10,"column":22}},"10":{"start":{"line":11,"column":0},"end":{"line":11,"column":26}},"11":{"start":{"line":12,"column":0},"end":{"line":12,"column":22}},"12":{"start":{"line":13,"column":0},"end":{"line":13,"column":24}},"13":{"start":{"line":14,"column":0},"end":{"line":14,"column":21}},"14":{"start":{"line":15,"column":0},"end":{"line":15,"column":25}},"15":{"start":{"line":16,"column":0},"end":{"line":16,"column":25}},"16":{"start":{"line":17,"column":0},"end":{"line":17,"column":5}},"17":{"start":{"line":18,"column":0},"end":{"line":18,"column":10}},"18":{"start":{"line":19,"column":0},"end":{"line":19,"column":9}},"19":{"start":{"line":20,"column":0},"end":{"line":20,"column":15}},"20":{"start":{"line":21,"column":0},"end":{"line":21,"column":21}},"21":{"start":{"line":22,"column":0},"end":{"line":22,"column":13}},"22":{"start":{"line":23,"column":0},"end":{"line":23,"column":15}},"23":{"start":{"line":24,"column":0},"end":{"line":24,"column":20}},"24":{"start":{"line":25,"column":0},"end":{"line":25,"column":16}},"25":{"start":{"line":26,"column":0},"end":{"line":26,"column":11}},"26":{"start":{"line":27,"column":0},"end":{"line":27,"column":15}},"27":{"start":{"line":28,"column":0},"end":{"line":28,"column":17}},"28":{"start":{"line":29,"column":0},"end":{"line":29,"column":18}},"29":{"start":{"line":30,"column":0},"end":{"line":30,"column":6}},"30":{"start":{"line":31,"column":0},"end":{"line":31,"column":38}},"31":{"start":{"line":32,"column":0},"end":{"line":32,"column":27}},"32":{"start":{"line":33,"column":0},"end":{"line":33,"column":44}},"33":{"start":{"line":34,"column":0},"end":{"line":34,"column":5}},"34":{"start":{"line":35,"column":0},"end":{"line":35,"column":23}},"35":{"start":{"line":36,"column":0},"end":{"line":36,"column":42}},"36":{"start":{"line":37,"column":0},"end":{"line":37,"column":5}},"37":{"start":{"line":38,"column":0},"end":{"line":38,"column":3}},"38":{"start":{"line":39,"column":0},"end":{"line":39,"column":0}},"39":{"start":{"line":40,"column":0},"end":{"line":40,"column":42}},"40":{"start":{"line":41,"column":0},"end":{"line":41,"column":23}},"41":{"start":{"line":42,"column":0},"end":{"line":42,"column":30}},"42":{"start":{"line":43,"column":0},"end":{"line":43,"column":32}},"43":{"start":{"line":44,"column":0},"end":{"line":44,"column":26}},"44":{"start":{"line":45,"column":0},"end":{"line":45,"column":22}},"45":{"start":{"line":46,"column":0},"end":{"line":46,"column":6}},"46":{"start":{"line":47,"column":0},"end":{"line":47,"column":0}},"47":{"start":{"line":48,"column":0},"end":{"line":48,"column":17}},"48":{"start":{"line":49,"column":0},"end":{"line":49,"column":27}},"49":{"start":{"line":50,"column":0},"end":{"line":50,"column":5}},"50":{"start":{"line":51,"column":0},"end":{"line":51,"column":0}},"51":{"start":{"line":52,"column":0},"end":{"line":52,"column":16}},"52":{"start":{"line":53,"column":0},"end":{"line":53,"column":3}},"53":{"start":{"line":54,"column":0},"end":{"line":54,"column":0}},"54":{"start":{"line":55,"column":0},"end":{"line":55,"column":32}},"55":{"start":{"line":56,"column":0},"end":{"line":56,"column":32}},"56":{"start":{"line":57,"column":0},"end":{"line":57,"column":54}},"57":{"start":{"line":58,"column":0},"end":{"line":58,"column":19}},"58":{"start":{"line":59,"column":0},"end":{"line":59,"column":41}},"59":{"start":{"line":60,"column":0},"end":{"line":60,"column":19}},"60":{"start":{"line":61,"column":0},"end":{"line":61,"column":9}},"61":{"start":{"line":62,"column":0},"end":{"line":62,"column":7}},"62":{"start":{"line":63,"column":0},"end":{"line":63,"column":0}},"63":{"start":{"line":64,"column":0},"end":{"line":64,"column":18}},"64":{"start":{"line":65,"column":0},"end":{"line":65,"column":3}},"65":{"start":{"line":66,"column":0},"end":{"line":66,"column":0}},"66":{"start":{"line":67,"column":0},"end":{"line":67,"column":35}},"67":{"start":{"line":68,"column":0},"end":{"line":68,"column":38}},"68":{"start":{"line":69,"column":0},"end":{"line":69,"column":4}},"69":{"start":{"line":70,"column":0},"end":{"line":70,"column":0}},"70":{"start":{"line":71,"column":0},"end":{"line":71,"column":32}},"71":{"start":{"line":72,"column":0},"end":{"line":72,"column":41}},"72":{"start":{"line":73,"column":0},"end":{"line":73,"column":3}},"73":{"start":{"line":74,"column":0},"end":{"line":74,"column":1}}},"s":{"0":1,"1":1,"2":1,"3":3,"4":3,"5":15,"6":15,"7":15,"8":15,"9":15,"10":15,"11":15,"12":15,"13":15,"14":15,"15":15,"16":15,"17":15,"18":15,"19":15,"20":15,"21":15,"22":15,"23":15,"24":15,"25":15,"26":15,"27":15,"28":15,"29":15,"30":15,"31":15,"32":0,"33":0,"34":15,"35":1,"36":1,"37":15,"38":3,"39":3,"40":1,"41":1,"42":1,"43":1,"44":1,"45":1,"46":1,"47":1,"48":1,"49":1,"50":1,"51":1,"52":1,"53":3,"54":3,"55":1,"56":1,"57":1,"58":1,"59":1,"60":1,"61":1,"62":1,"63":1,"64":1,"65":3,"66":3,"67":1,"68":3,"69":3,"70":3,"71":1,"72":1,"73":3},"branchMap":{"0":{"type":"branch","line":4,"loc":{"start":{"line":4,"column":0},"end":{"line":74,"column":1}},"locations":[{"start":{"line":4,"column":0},"end":{"line":74,"column":1}}]},"1":{"type":"branch","line":5,"loc":{"start":{"line":5,"column":2},"end":{"line":38,"column":3}},"locations":[{"start":{"line":5,"column":2},"end":{"line":38,"column":3}}]},"2":{"type":"branch","line":6,"loc":{"start":{"line":6,"column":4},"end":{"line":6,"column":12}},"locations":[{"start":{"line":6,"column":4},"end":{"line":6,"column":12}}]},"3":{"type":"branch","line":13,"loc":{"start":{"line":13,"column":4},"end":{"line":13,"column":24}},"locations":[{"start":{"line":13,"column":4},"end":{"line":13,"column":24}}]},"4":{"type":"branch","line":14,"loc":{"start":{"line":14,"column":4},"end":{"line":14,"column":21}},"locations":[{"start":{"line":14,"column":4},"end":{"line":14,"column":21}}]},"5":{"type":"branch","line":32,"loc":{"start":{"line":32,"column":26},"end":{"line":34,"column":5}},"locations":[{"start":{"line":32,"column":26},"end":{"line":34,"column":5}}]},"6":{"type":"branch","line":35,"loc":{"start":{"line":35,"column":22},"end":{"line":37,"column":5}},"locations":[{"start":{"line":35,"column":22},"end":{"line":37,"column":5}}]},"7":{"type":"branch","line":67,"loc":{"start":{"line":67,"column":20},"end":{"line":69,"column":3}},"locations":[{"start":{"line":67,"column":20},"end":{"line":69,"column":3}}]},"8":{"type":"branch","line":40,"loc":{"start":{"line":40,"column":2},"end":{"line":53,"column":3}},"locations":[{"start":{"line":40,"column":2},"end":{"line":53,"column":3}}]},"9":{"type":"branch","line":40,"loc":{"start":{"line":40,"column":17},"end":{"line":40,"column":42}},"locations":[{"start":{"line":40,"column":17},"end":{"line":40,"column":42}}]},"10":{"type":"branch","line":55,"loc":{"start":{"line":55,"column":2},"end":{"line":65,"column":3}},"locations":[{"start":{"line":55,"column":2},"end":{"line":65,"column":3}}]},"11":{"type":"branch","line":57,"loc":{"start":{"line":57,"column":36},"end":{"line":62,"column":5}},"locations":[{"start":{"line":57,"column":36},"end":{"line":62,"column":5}}]},"12":{"type":"branch","line":71,"loc":{"start":{"line":71,"column":2},"end":{"line":73,"column":3}},"locations":[{"start":{"line":71,"column":2},"end":{"line":73,"column":3}}]}},"b":{"0":[3],"1":[15],"2":[0],"3":[0],"4":[0],"5":[0],"6":[1],"7":[1],"8":[1],"9":[0],"10":[1],"11":[1],"12":[1]},"fnMap":{"0":{"name":"Clozecard","decl":{"start":{"line":5,"column":2},"end":{"line":38,"column":3}},"loc":{"start":{"line":5,"column":2},"end":{"line":38,"column":3}},"line":5},"1":{"name":"Clozecard._this.toString","decl":{"start":{"line":67,"column":20},"end":{"line":69,"column":3}},"loc":{"start":{"line":67,"column":20},"end":{"line":69,"column":3}},"line":67},"2":{"name":"Object.<anonymous>.Clozecard.getCard","decl":{"start":{"line":40,"column":2},"end":{"line":53,"column":3}},"loc":{"start":{"line":40,"column":2},"end":{"line":53,"column":3}},"line":40},"3":{"name":"Object.<anonymous>.Clozecard.getMedias","decl":{"start":{"line":55,"column":2},"end":{"line":65,"column":3}},"loc":{"start":{"line":55,"column":2},"end":{"line":65,"column":3}},"line":55},"4":{"name":"Object.<anonymous>.Clozecard.getIdFormat","decl":{"start":{"line":71,"column":2},"end":{"line":73,"column":3}},"loc":{"start":{"line":71,"column":2},"end":{"line":73,"column":3}},"line":71}},"f":{"0":15,"1":1,"2":1,"3":1,"4":1}}
,"C:\\Users\\Daniel\\Desktop\\obsidian-db\\.obsidian\\plugins\\flashcards-obsidian-v2\\src\\entities\\flashcard.ts": {"path":"C:\\Users\\Daniel\\Desktop\\obsidian-db\\.obsidian\\plugins\\flashcards-obsidian-v2\\src\\entities\\flashcard.ts","all":false,"statementMap":{"0":{"start":{"line":1,"column":0},"end":{"line":1,"column":76}},"1":{"start":{"line":2,"column":0},"end":{"line":2,"column":41}},"2":{"start":{"line":3,"column":0},"end":{"line":3,"column":0}},"3":{"start":{"line":4,"column":0},"end":{"line":4,"column":37}},"4":{"start":{"line":5,"column":0},"end":{"line":5,"column":14}},"5":{"start":{"line":6,"column":0},"end":{"line":6,"column":12}},"6":{"start":{"line":7,"column":0},"end":{"line":7,"column":21}},"7":{"start":{"line":8,"column":0},"end":{"line":8,"column":27}},"8":{"start":{"line":9,"column":0},"end":{"line":9,"column":35}},"9":{"start":{"line":10,"column":0},"end":{"line":10,"column":22}},"10":{"start":{"line":11,"column":0},"end":{"line":11,"column":26}},"11":{"start":{"line":12,"column":0},"end":{"line":12,"column":22}},"12":{"start":{"line":13,"column":0},"end":{"line":13,"column":24}},"13":{"start":{"line":14,"column":0},"end":{"line":14,"column":21}},"14":{"start":{"line":15,"column":0},"end":{"line":15,"column":25}},"15":{"start":{"line":16,"column":0},"end":{"line":16,"column":25}},"16":{"start":{"line":17,"column":0},"end":{"line":17,"column":5}},"17":{"start":{"line":18,"column":0},"end":{"line":18,"column":10}},"18":{"start":{"line":19,"column":0},"end":{"line":19,"column":9}},"19":{"start":{"line":20,"column":0},"end":{"line":20,"column":15}},"20":{"start":{"line":21,"column":0},"end":{"line":21,"column":21}},"21":{"start":{"line":22,"column":0},"end":{"line":22,"column":13}},"22":{"start":{"line":23,"column":0},"end":{"line":23,"column":15}},"23":{"start":{"line":24,"column":0},"end":{"line":24,"column":20}},"24":{"start":{"line":25,"column":0},"end":{"line":25,"column":16}},"25":{"start":{"line":26,"column":0},"end":{"line":26,"column":11}},"26":{"start":{"line":27,"column":0},"end":{"line":27,"column":15}},"27":{"start":{"line":28,"column":0},"end":{"line":28,"column":17}},"28":{"start":{"line":29,"column":0},"end":{"line":29,"column":18}},"29":{"start":{"line":30,"column":0},"end":{"line":30,"column":6}},"30":{"start":{"line":31,"column":0},"end":{"line":31,"column":34}},"31":{"start":{"line":32,"column":0},"end":{"line":32,"column":33}},"32":{"start":{"line":33,"column":0},"end":{"line":33,"column":25}},"33":{"start":{"line":34,"column":0},"end":{"line":34,"column":27}},"34":{"start":{"line":35,"column":0},"end":{"line":35,"column":44}},"35":{"start":{"line":36,"column":0},"end":{"line":36,"column":5}},"36":{"start":{"line":37,"column":0},"end":{"line":37,"column":23}},"37":{"start":{"line":38,"column":0},"end":{"line":38,"column":42}},"38":{"start":{"line":39,"column":0},"end":{"line":39,"column":5}},"39":{"start":{"line":40,"column":0},"end":{"line":40,"column":3}},"40":{"start":{"line":41,"column":0},"end":{"line":41,"column":0}},"41":{"start":{"line":42,"column":0},"end":{"line":42,"column":42}},"42":{"start":{"line":43,"column":0},"end":{"line":43,"column":23}},"43":{"start":{"line":44,"column":0},"end":{"line":44,"column":30}},"44":{"start":{"line":45,"column":0},"end":{"line":45,"column":32}},"45":{"start":{"line":46,"column":0},"end":{"line":46,"column":26}},"46":{"start":{"line":47,"column":0},"end":{"line":47,"column":22}},"47":{"start":{"line":48,"column":0},"end":{"line":48,"column":6}},"48":{"start":{"line":49,"column":0},"end":{"line":49,"column":0}},"49":{"start":{"line":50,"column":0},"end":{"line":50,"column":17}},"50":{"start":{"line":51,"column":0},"end":{"line":51,"column":27}},"51":{"start":{"line":52,"column":0},"end":{"line":52,"column":5}},"52":{"start":{"line":53,"column":0},"end":{"line":53,"column":0}},"53":{"start":{"line":54,"column":0},"end":{"line":54,"column":16}},"54":{"start":{"line":55,"column":0},"end":{"line":55,"column":3}},"55":{"start":{"line":56,"column":0},"end":{"line":56,"column":0}},"56":{"start":{"line":57,"column":0},"end":{"line":57,"column":32}},"57":{"start":{"line":58,"column":0},"end":{"line":58,"column":32}},"58":{"start":{"line":59,"column":0},"end":{"line":59,"column":54}},"59":{"start":{"line":60,"column":0},"end":{"line":60,"column":19}},"60":{"start":{"line":61,"column":0},"end":{"line":61,"column":41}},"61":{"start":{"line":62,"column":0},"end":{"line":62,"column":19}},"62":{"start":{"line":63,"column":0},"end":{"line":63,"column":9}},"63":{"start":{"line":64,"column":0},"end":{"line":64,"column":7}},"64":{"start":{"line":65,"column":0},"end":{"line":65,"column":0}},"65":{"start":{"line":66,"column":0},"end":{"line":66,"column":18}},"66":{"start":{"line":67,"column":0},"end":{"line":67,"column":3}},"67":{"start":{"line":68,"column":0},"end":{"line":68,"column":0}},"68":{"start":{"line":69,"column":0},"end":{"line":69,"column":35}},"69":{"start":{"line":70,"column":0},"end":{"line":70,"column":56}},"70":{"start":{"line":71,"column":0},"end":{"line":71,"column":4}},"71":{"start":{"line":72,"column":0},"end":{"line":72,"column":0}},"72":{"start":{"line":73,"column":0},"end":{"line":73,"column":32}},"73":{"start":{"line":74,"column":0},"end":{"line":74,"column":41}},"74":{"start":{"line":75,"column":0},"end":{"line":75,"column":3}},"75":{"start":{"line":76,"column":0},"end":{"line":76,"column":1}}},"s":{"0":1,"1":1,"2":1,"3":4,"4":4,"5":41,"6":41,"7":41,"8":41,"9":41,"10":41,"11":41,"12":41,"13":41,"14":41,"15":41,"16":41,"17":41,"18":41,"19":41,"20":41,"21":41,"22":41,"23":41,"24":41,"25":41,"26":41,"27":41,"28":41,"29":41,"30":41,"31":41,"32":41,"33":41,"34":0,"35":0,"36":41,"37":4,"38":4,"39":41,"40":4,"41":4,"42":4,"43":4,"44":4,"45":4,"46":4,"47":4,"48":4,"49":4,"50":3,"51":3,"52":4,"53":4,"54":4,"55":4,"56":4,"57":1,"58":1,"59":1,"60":1,"61":1,"62":1,"63":1,"64":1,"65":1,"66":1,"67":4,"68":4,"69":2,"70":4,"71":4,"72":4,"73":3,"74":3,"75":4},"branchMap":{"0":{"type":"branch","line":4,"loc":{"start":{"line":4,"column":0},"end":{"line":76,"column":1}},"locations":[{"start":{"line":4,"column":0},"end":{"line":76,"column":1}}]},"1":{"type":"branch","line":5,"loc":{"start":{"line":5,"column":2},"end":{"line":40,"column":3}},"locations":[{"start":{"line":5,"column":2},"end":{"line":40,"column":3}}]},"2":{"type":"branch","line":6,"loc":{"start":{"line":6,"column":4},"end":{"line":6,"column":12}},"locations":[{"start":{"line":6,"column":4},"end":{"line":6,"column":12}}]},"3":{"type":"branch","line":13,"loc":{"start":{"line":13,"column":4},"end":{"line":13,"column":24}},"locations":[{"start":{"line":13,"column":4},"end":{"line":13,"column":24}}]},"4":{"type":"branch","line":14,"loc":{"start":{"line":14,"column":4},"end":{"line":14,"column":21}},"locations":[{"start":{"line":14,"column":4},"end":{"line":14,"column":21}}]},"5":{"type":"branch","line":32,"loc":{"start":{"line":32,"column":6},"end":{"line":32,"column":33}},"locations":[{"start":{"line":32,"column":6},"end":{"line":32,"column":33}}]},"6":{"type":"branch","line":33,"loc":{"start":{"line":33,"column":6},"end":{"line":33,"column":24}},"locations":[{"start":{"line":33,"column":6},"end":{"line":33,"column":24}}]},"7":{"type":"branch","line":34,"loc":{"start":{"line":34,"column":26},"end":{"line":36,"column":5}},"locations":[{"start":{"line":34,"column":26},"end":{"line":36,"column":5}}]},"8":{"type":"branch","line":37,"loc":{"start":{"line":37,"column":22},"end":{"line":39,"column":5}},"locations":[{"start":{"line":37,"column":22},"end":{"line":39,"column":5}}]},"9":{"type":"branch","line":69,"loc":{"start":{"line":69,"column":20},"end":{"line":71,"column":3}},"locations":[{"start":{"line":69,"column":20},"end":{"line":71,"column":3}}]},"10":{"type":"branch","line":42,"loc":{"start":{"line":42,"column":2},"end":{"line":55,"column":3}},"locations":[{"start":{"line":42,"column":2},"end":{"line":55,"column":3}}]},"11":{"type":"branch","line":42,"loc":{"start":{"line":42,"column":17},"end":{"line":42,"column":42}},"locations":[{"start":{"line":42,"column":17},"end":{"line":42,"column":42}}]},"12":{"type":"branch","line":50,"loc":{"start":{"line":50,"column":16},"end":{"line":52,"column":5}},"locations":[{"start":{"line":50,"column":16},"end":{"line":52,"column":5}}]},"13":{"type":"branch","line":57,"loc":{"start":{"line":57,"column":2},"end":{"line":67,"column":3}},"locations":[{"start":{"line":57,"column":2},"end":{"line":67,"column":3}}]},"14":{"type":"branch","line":59,"loc":{"start":{"line":59,"column":36},"end":{"line":64,"column":5}},"locations":[{"start":{"line":59,"column":36},"end":{"line":64,"column":5}}]},"15":{"type":"branch","line":73,"loc":{"start":{"line":73,"column":2},"end":{"line":75,"column":3}},"locations":[{"start":{"line":73,"column":2},"end":{"line":75,"column":3}}]}},"b":{"0":[4],"1":[41],"2":[0],"3":[0],"4":[0],"5":[1],"6":[40],"7":[0],"8":[4],"9":[2],"10":[4],"11":[0],"12":[3],"13":[1],"14":[1],"15":[3]},"fnMap":{"0":{"name":"Flashcard","decl":{"start":{"line":5,"column":2},"end":{"line":40,"column":3}},"loc":{"start":{"line":5,"column":2},"end":{"line":40,"column":3}},"line":5},"1":{"name":"Flashcard._this.toString","decl":{"start":{"line":69,"column":20},"end":{"line":71,"column":3}},"loc":{"start":{"line":69,"column":20},"end":{"line":71,"column":3}},"line":69},"2":{"name":"Object.<anonymous>.Flashcard.getCard","decl":{"start":{"line":42,"column":2},"end":{"line":55,"column":3}},"loc":{"start":{"line":42,"column":2},"end":{"line":55,"column":3}},"line":42},"3":{"name":"Object.<anonymous>.Flashcard.getMedias","decl":{"start":{"line":57,"column":2},"end":{"line":67,"column":3}},"loc":{"start":{"line":57,"column":2},"end":{"line":67,"column":3}},"line":57},"4":{"name":"Object.<anonymous>.Flashcard.getIdFormat","decl":{"start":{"line":73,"column":2},"end":{"line":75,"column":3}},"loc":{"start":{"line":73,"column":2},"end":{"line":75,"column":3}},"line":73}},"f":{"0":41,"1":2,"2":4,"3":1,"4":3}}
,"C:\\Users\\Daniel\\Desktop\\obsidian-db\\.obsidian\\plugins\\flashcards-obsidian-v2\\src\\entities\\inlinecard.ts": {"path":"C:\\Users\\Daniel\\Desktop\\obsidian-db\\.obsidian\\plugins\\flashcards-obsidian-v2\\src\\entities\\inlinecard.ts","all":false,"statementMap":{"0":{"start":{"line":1,"column":0},"end":{"line":1,"column":76}},"1":{"start":{"line":2,"column":0},"end":{"line":2,"column":41}},"2":{"start":{"line":3,"column":0},"end":{"line":3,"column":0}},"3":{"start":{"line":4,"column":0},"end":{"line":4,"column":38}},"4":{"start":{"line":5,"column":0},"end":{"line":5,"column":14}},"5":{"start":{"line":6,"column":0},"end":{"line":6,"column":12}},"6":{"start":{"line":7,"column":0},"end":{"line":7,"column":21}},"7":{"start":{"line":8,"column":0},"end":{"line":8,"column":27}},"8":{"start":{"line":9,"column":0},"end":{"line":9,"column":35}},"9":{"start":{"line":10,"column":0},"end":{"line":10,"column":22}},"10":{"start":{"line":11,"column":0},"end":{"line":11,"column":26}},"11":{"start":{"line":12,"column":0},"end":{"line":12,"column":22}},"12":{"start":{"line":13,"column":0},"end":{"line":13,"column":24}},"13":{"start":{"line":14,"column":0},"end":{"line":14,"column":21}},"14":{"start":{"line":15,"column":0},"end":{"line":15,"column":25}},"15":{"start":{"line":16,"column":0},"end":{"line":16,"column":25}},"16":{"start":{"line":17,"column":0},"end":{"line":17,"column":5}},"17":{"start":{"line":18,"column":0},"end":{"line":18,"column":10}},"18":{"start":{"line":19,"column":0},"end":{"line":19,"column":9}},"19":{"start":{"line":20,"column":0},"end":{"line":20,"column":15}},"20":{"start":{"line":21,"column":0},"end":{"line":21,"column":21}},"21":{"start":{"line":22,"column":0},"end":{"line":22,"column":13}},"22":{"start":{"line":23,"column":0},"end":{"line":23,"column":15}},"23":{"start":{"line":24,"column":0},"end":{"line":24,"column":20}},"24":{"start":{"line":25,"column":0},"end":{"line":25,"column":16}},"25":{"start":{"line":26,"column":0},"end":{"line":26,"column":11}},"26":{"start":{"line":27,"column":0},"end":{"line":27,"column":15}},"27":{"start":{"line":28,"column":0},"end":{"line":28,"column":17}},"28":{"start":{"line":29,"column":0},"end":{"line":29,"column":18}},"29":{"start":{"line":30,"column":0},"end":{"line":30,"column":21}},"30":{"start":{"line":31,"column":0},"end":{"line":31,"column":0}},"31":{"start":{"line":32,"column":0},"end":{"line":32,"column":34}},"32":{"start":{"line":33,"column":0},"end":{"line":33,"column":33}},"33":{"start":{"line":34,"column":0},"end":{"line":34,"column":25}},"34":{"start":{"line":35,"column":0},"end":{"line":35,"column":27}},"35":{"start":{"line":36,"column":0},"end":{"line":36,"column":44}},"36":{"start":{"line":37,"column":0},"end":{"line":37,"column":5}},"37":{"start":{"line":38,"column":0},"end":{"line":38,"column":23}},"38":{"start":{"line":39,"column":0},"end":{"line":39,"column":42}},"39":{"start":{"line":40,"column":0},"end":{"line":40,"column":5}},"40":{"start":{"line":41,"column":0},"end":{"line":41,"column":3}},"41":{"start":{"line":42,"column":0},"end":{"line":42,"column":0}},"42":{"start":{"line":43,"column":0},"end":{"line":43,"column":42}},"43":{"start":{"line":44,"column":0},"end":{"line":44,"column":23}},"44":{"start":{"line":45,"column":0},"end":{"line":45,"column":30}},"45":{"start":{"line":46,"column":0},"end":{"line":46,"column":32}},"46":{"start":{"line":47,"column":0},"end":{"line":47,"column":26}},"47":{"start":{"line":48,"column":0},"end":{"line":48,"column":22}},"48":{"start":{"line":49,"column":0},"end":{"line":49,"column":6}},"49":{"start":{"line":50,"column":0},"end":{"line":50,"column":0}},"50":{"start":{"line":51,"column":0},"end":{"line":51,"column":17}},"51":{"start":{"line":52,"column":0},"end":{"line":52,"column":27}},"52":{"start":{"line":53,"column":0},"end":{"line":53,"column":5}},"53":{"start":{"line":54,"column":0},"end":{"line":54,"column":0}},"54":{"start":{"line":55,"column":0},"end":{"line":55,"column":16}},"55":{"start":{"line":56,"column":0},"end":{"line":56,"column":3}},"56":{"start":{"line":57,"column":0},"end":{"line":57,"column":0}},"57":{"start":{"line":58,"column":0},"end":{"line":58,"column":32}},"58":{"start":{"line":59,"column":0},"end":{"line":59,"column":32}},"59":{"start":{"line":60,"column":0},"end":{"line":60,"column":54}},"60":{"start":{"line":61,"column":0},"end":{"line":61,"column":19}},"61":{"start":{"line":62,"column":0},"end":{"line":62,"column":41}},"62":{"start":{"line":63,"column":0},"end":{"line":63,"column":19}},"63":{"start":{"line":64,"column":0},"end":{"line":64,"column":9}},"64":{"start":{"line":65,"column":0},"end":{"line":65,"column":7}},"65":{"start":{"line":66,"column":0},"end":{"line":66,"column":0}},"66":{"start":{"line":67,"column":0},"end":{"line":67,"column":18}},"67":{"start":{"line":68,"column":0},"end":{"line":68,"column":3}},"68":{"start":{"line":69,"column":0},"end":{"line":69,"column":0}},"69":{"start":{"line":70,"column":0},"end":{"line":70,"column":35}},"70":{"start":{"line":71,"column":0},"end":{"line":71,"column":58}},"71":{"start":{"line":72,"column":0},"end":{"line":72,"column":4}},"72":{"start":{"line":73,"column":0},"end":{"line":73,"column":0}},"73":{"start":{"line":74,"column":0},"end":{"line":74,"column":32}},"74":{"start":{"line":75,"column":0},"end":{"line":75,"column":41}},"75":{"start":{"line":76,"column":0},"end":{"line":76,"column":3}},"76":{"start":{"line":77,"column":0},"end":{"line":77,"column":1}}},"s":{"0":1,"1":1,"2":1,"3":3,"4":3,"5":9,"6":9,"7":9,"8":9,"9":9,"10":9,"11":9,"12":9,"13":9,"14":9,"15":9,"16":9,"17":9,"18":9,"19":9,"20":9,"21":9,"22":9,"23":9,"24":9,"25":9,"26":9,"27":9,"28":9,"29":9,"30":9,"31":9,"32":9,"33":9,"34":9,"35":2,"36":2,"37":9,"38":2,"39":2,"40":9,"41":3,"42":3,"43":3,"44":3,"45":3,"46":3,"47":3,"48":3,"49":3,"50":3,"51":3,"52":3,"53":3,"54":3,"55":3,"56":3,"57":3,"58":1,"59":1,"60":1,"61":1,"62":1,"63":1,"64":1,"65":1,"66":1,"67":1,"68":3,"69":3,"70":1,"71":3,"72":3,"73":3,"74":0,"75":0,"76":3},"branchMap":{"0":{"type":"branch","line":4,"loc":{"start":{"line":4,"column":0},"end":{"line":77,"column":1}},"locations":[{"start":{"line":4,"column":0},"end":{"line":77,"column":1}}]},"1":{"type":"branch","line":5,"loc":{"start":{"line":5,"column":2},"end":{"line":41,"column":3}},"locations":[{"start":{"line":5,"column":2},"end":{"line":41,"column":3}}]},"2":{"type":"branch","line":6,"loc":{"start":{"line":6,"column":4},"end":{"line":6,"column":12}},"locations":[{"start":{"line":6,"column":4},"end":{"line":6,"column":12}}]},"3":{"type":"branch","line":13,"loc":{"start":{"line":13,"column":4},"end":{"line":13,"column":24}},"locations":[{"start":{"line":13,"column":4},"end":{"line":13,"column":24}}]},"4":{"type":"branch","line":14,"loc":{"start":{"line":14,"column":4},"end":{"line":14,"column":21}},"locations":[{"start":{"line":14,"column":4},"end":{"line":14,"column":21}}]},"5":{"type":"branch","line":33,"loc":{"start":{"line":33,"column":6},"end":{"line":33,"column":33}},"locations":[{"start":{"line":33,"column":6},"end":{"line":33,"column":33}}]},"6":{"type":"branch","line":34,"loc":{"start":{"line":34,"column":6},"end":{"line":34,"column":24}},"locations":[{"start":{"line":34,"column":6},"end":{"line":34,"column":24}}]},"7":{"type":"branch","line":35,"loc":{"start":{"line":35,"column":26},"end":{"line":37,"column":5}},"locations":[{"start":{"line":35,"column":26},"end":{"line":37,"column":5}}]},"8":{"type":"branch","line":38,"loc":{"start":{"line":38,"column":22},"end":{"line":40,"column":5}},"locations":[{"start":{"line":38,"column":22},"end":{"line":40,"column":5}}]},"9":{"type":"branch","line":70,"loc":{"start":{"line":70,"column":20},"end":{"line":72,"column":3}},"locations":[{"start":{"line":70,"column":20},"end":{"line":72,"column":3}}]},"10":{"type":"branch","line":43,"loc":{"start":{"line":43,"column":2},"end":{"line":56,"column":3}},"locations":[{"start":{"line":43,"column":2},"end":{"line":56,"column":3}}]},"11":{"type":"branch","line":43,"loc":{"start":{"line":43,"column":17},"end":{"line":43,"column":42}},"locations":[{"start":{"line":43,"column":17},"end":{"line":43,"column":42}}]},"12":{"type":"branch","line":58,"loc":{"start":{"line":58,"column":2},"end":{"line":68,"column":3}},"locations":[{"start":{"line":58,"column":2},"end":{"line":68,"column":3}}]},"13":{"type":"branch","line":60,"loc":{"start":{"line":60,"column":36},"end":{"line":65,"column":5}},"locations":[{"start":{"line":60,"column":36},"end":{"line":65,"column":5}}]}},"b":{"0":[3],"1":[9],"2":[0],"3":[0],"4":[0],"5":[1],"6":[8],"7":[2],"8":[2],"9":[1],"10":[3],"11":[0],"12":[1],"13":[1]},"fnMap":{"0":{"name":"Inlinecard","decl":{"start":{"line":5,"column":2},"end":{"line":41,"column":3}},"loc":{"start":{"line":5,"column":2},"end":{"line":41,"column":3}},"line":5},"1":{"name":"Inlinecard._this.toString","decl":{"start":{"line":70,"column":20},"end":{"line":72,"column":3}},"loc":{"start":{"line":70,"column":20},"end":{"line":72,"column":3}},"line":70},"2":{"name":"Object.<anonymous>.Inlinecard.getCard","decl":{"start":{"line":43,"column":2},"end":{"line":56,"column":3}},"loc":{"start":{"line":43,"column":2},"end":{"line":56,"column":3}},"line":43},"3":{"name":"Object.<anonymous>.Inlinecard.getMedias","decl":{"start":{"line":58,"column":2},"end":{"line":68,"column":3}},"loc":{"start":{"line":58,"column":2},"end":{"line":68,"column":3}},"line":58},"4":{"name":"Object.<anonymous>.Inlinecard.getIdFormat","decl":{"start":{"line":74,"column":2},"end":{"line":76,"column":3}},"loc":{"start":{"line":74,"column":2},"end":{"line":76,"column":3}},"line":74}},"f":{"0":9,"1":1,"2":3,"3":1,"4":0}}
,"C:\\Users\\Daniel\\Desktop\\obsidian-db\\.obsidian\\plugins\\flashcards-obsidian-v2\\src\\entities\\spacedcard.ts": {"path":"C:\\Users\\Daniel\\Desktop\\obsidian-db\\.obsidian\\plugins\\flashcards-obsidian-v2\\src\\entities\\spacedcard.ts","all":false,"statementMap":{"0":{"start":{"line":1,"column":0},"end":{"line":1,"column":76}},"1":{"start":{"line":2,"column":0},"end":{"line":2,"column":41}},"2":{"start":{"line":3,"column":0},"end":{"line":3,"column":0}},"3":{"start":{"line":4,"column":0},"end":{"line":4,"column":38}},"4":{"start":{"line":5,"column":0},"end":{"line":5,"column":14}},"5":{"start":{"line":6,"column":0},"end":{"line":6,"column":12}},"6":{"start":{"line":7,"column":0},"end":{"line":7,"column":21}},"7":{"start":{"line":8,"column":0},"end":{"line":8,"column":27}},"8":{"start":{"line":9,"column":0},"end":{"line":9,"column":35}},"9":{"start":{"line":10,"column":0},"end":{"line":10,"column":22}},"10":{"start":{"line":11,"column":0},"end":{"line":11,"column":26}},"11":{"start":{"line":12,"column":0},"end":{"line":12,"column":22}},"12":{"start":{"line":13,"column":0},"end":{"line":13,"column":24}},"13":{"start":{"line":14,"column":0},"end":{"line":14,"column":21}},"14":{"start":{"line":15,"column":0},"end":{"line":15,"column":25}},"15":{"start":{"line":16,"column":0},"end":{"line":16,"column":25}},"16":{"start":{"line":17,"column":0},"end":{"line":17,"column":5}},"17":{"start":{"line":18,"column":0},"end":{"line":18,"column":10}},"18":{"start":{"line":19,"column":0},"end":{"line":19,"column":9}},"19":{"start":{"line":20,"column":0},"end":{"line":20,"column":15}},"20":{"start":{"line":21,"column":0},"end":{"line":21,"column":21}},"21":{"start":{"line":22,"column":0},"end":{"line":22,"column":13}},"22":{"start":{"line":23,"column":0},"end":{"line":23,"column":15}},"23":{"start":{"line":24,"column":0},"end":{"line":24,"column":20}},"24":{"start":{"line":25,"column":0},"end":{"line":25,"column":16}},"25":{"start":{"line":26,"column":0},"end":{"line":26,"column":11}},"26":{"start":{"line":27,"column":0},"end":{"line":27,"column":15}},"27":{"start":{"line":28,"column":0},"end":{"line":28,"column":17}},"28":{"start":{"line":29,"column":0},"end":{"line":29,"column":18}},"29":{"start":{"line":30,"column":0},"end":{"line":30,"column":6}},"30":{"start":{"line":31,"column":0},"end":{"line":31,"column":39}},"31":{"start":{"line":32,"column":0},"end":{"line":32,"column":27}},"32":{"start":{"line":33,"column":0},"end":{"line":33,"column":44}},"33":{"start":{"line":34,"column":0},"end":{"line":34,"column":5}},"34":{"start":{"line":35,"column":0},"end":{"line":35,"column":23}},"35":{"start":{"line":36,"column":0},"end":{"line":36,"column":42}},"36":{"start":{"line":37,"column":0},"end":{"line":37,"column":5}},"37":{"start":{"line":38,"column":0},"end":{"line":38,"column":3}},"38":{"start":{"line":39,"column":0},"end":{"line":39,"column":0}},"39":{"start":{"line":40,"column":0},"end":{"line":40,"column":42}},"40":{"start":{"line":41,"column":0},"end":{"line":41,"column":23}},"41":{"start":{"line":42,"column":0},"end":{"line":42,"column":30}},"42":{"start":{"line":43,"column":0},"end":{"line":43,"column":32}},"43":{"start":{"line":44,"column":0},"end":{"line":44,"column":26}},"44":{"start":{"line":45,"column":0},"end":{"line":45,"column":22}},"45":{"start":{"line":46,"column":0},"end":{"line":46,"column":6}},"46":{"start":{"line":47,"column":0},"end":{"line":47,"column":0}},"47":{"start":{"line":48,"column":0},"end":{"line":48,"column":17}},"48":{"start":{"line":49,"column":0},"end":{"line":49,"column":27}},"49":{"start":{"line":50,"column":0},"end":{"line":50,"column":5}},"50":{"start":{"line":51,"column":0},"end":{"line":51,"column":0}},"51":{"start":{"line":52,"column":0},"end":{"line":52,"column":16}},"52":{"start":{"line":53,"column":0},"end":{"line":53,"column":3}},"53":{"start":{"line":54,"column":0},"end":{"line":54,"column":0}},"54":{"start":{"line":55,"column":0},"end":{"line":55,"column":32}},"55":{"start":{"line":56,"column":0},"end":{"line":56,"column":32}},"56":{"start":{"line":57,"column":0},"end":{"line":57,"column":54}},"57":{"start":{"line":58,"column":0},"end":{"line":58,"column":19}},"58":{"start":{"line":59,"column":0},"end":{"line":59,"column":41}},"59":{"start":{"line":60,"column":0},"end":{"line":60,"column":19}},"60":{"start":{"line":61,"column":0},"end":{"line":61,"column":9}},"61":{"start":{"line":62,"column":0},"end":{"line":62,"column":7}},"62":{"start":{"line":63,"column":0},"end":{"line":63,"column":0}},"63":{"start":{"line":64,"column":0},"end":{"line":64,"column":18}},"64":{"start":{"line":65,"column":0},"end":{"line":65,"column":3}},"65":{"start":{"line":66,"column":0},"end":{"line":66,"column":0}},"66":{"start":{"line":67,"column":0},"end":{"line":67,"column":35}},"67":{"start":{"line":68,"column":0},"end":{"line":68,"column":39}},"68":{"start":{"line":69,"column":0},"end":{"line":69,"column":4}},"69":{"start":{"line":70,"column":0},"end":{"line":70,"column":0}},"70":{"start":{"line":71,"column":0},"end":{"line":71,"column":32}},"71":{"start":{"line":72,"column":0},"end":{"line":72,"column":41}},"72":{"start":{"line":73,"column":0},"end":{"line":73,"column":3}},"73":{"start":{"line":74,"column":0},"end":{"line":74,"column":1}}},"s":{"0":1,"1":1,"2":1,"3":3,"4":3,"5":9,"6":9,"7":9,"8":9,"9":9,"10":9,"11":9,"12":9,"13":9,"14":9,"15":9,"16":9,"17":9,"18":9,"19":9,"20":9,"21":9,"22":9,"23":9,"24":9,"25":9,"26":9,"27":9,"28":9,"29":9,"30":9,"31":9,"32":0,"33":0,"34":9,"35":1,"36":1,"37":9,"38":3,"39":3,"40":1,"41":1,"42":1,"43":1,"44":1,"45":1,"46":1,"47":1,"48":1,"49":1,"50":1,"51":1,"52":1,"53":3,"54":3,"55":1,"56":1,"57":1,"58":1,"59":1,"60":1,"61":1,"62":1,"63":1,"64":1,"65":3,"66":3,"67":1,"68":3,"69":3,"70":3,"71":1,"72":1,"73":3},"branchMap":{"0":{"type":"branch","line":4,"loc":{"start":{"line":4,"column":0},"end":{"line":74,"column":1}},"locations":[{"start":{"line":4,"column":0},"end":{"line":74,"column":1}}]},"1":{"type":"branch","line":5,"loc":{"start":{"line":5,"column":2},"end":{"line":38,"column":3}},"locations":[{"start":{"line":5,"column":2},"end":{"line":38,"column":3}}]},"2":{"type":"branch","line":6,"loc":{"start":{"line":6,"column":4},"end":{"line":6,"column":12}},"locations":[{"start":{"line":6,"column":4},"end":{"line":6,"column":12}}]},"3":{"type":"branch","line":13,"loc":{"start":{"line":13,"column":4},"end":{"line":13,"column":24}},"locations":[{"start":{"line":13,"column":4},"end":{"line":13,"column":24}}]},"4":{"type":"branch","line":14,"loc":{"start":{"line":14,"column":4},"end":{"line":14,"column":21}},"locations":[{"start":{"line":14,"column":4},"end":{"line":14,"column":21}}]},"5":{"type":"branch","line":32,"loc":{"start":{"line":32,"column":26},"end":{"line":34,"column":5}},"locations":[{"start":{"line":32,"column":26},"end":{"line":34,"column":5}}]},"6":{"type":"branch","line":35,"loc":{"start":{"line":35,"column":22},"end":{"line":37,"column":5}},"locations":[{"start":{"line":35,"column":22},"end":{"line":37,"column":5}}]},"7":{"type":"branch","line":67,"loc":{"start":{"line":67,"column":20},"end":{"line":69,"column":3}},"locations":[{"start":{"line":67,"column":20},"end":{"line":69,"column":3}}]},"8":{"type":"branch","line":40,"loc":{"start":{"line":40,"column":2},"end":{"line":53,"column":3}},"locations":[{"start":{"line":40,"column":2},"end":{"line":53,"column":3}}]},"9":{"type":"branch","line":40,"loc":{"start":{"line":40,"column":17},"end":{"line":40,"column":42}},"locations":[{"start":{"line":40,"column":17},"end":{"line":40,"column":42}}]},"10":{"type":"branch","line":55,"loc":{"start":{"line":55,"column":2},"end":{"line":65,"column":3}},"locations":[{"start":{"line":55,"column":2},"end":{"line":65,"column":3}}]},"11":{"type":"branch","line":57,"loc":{"start":{"line":57,"column":36},"end":{"line":62,"column":5}},"locations":[{"start":{"line":57,"column":36},"end":{"line":62,"column":5}}]},"12":{"type":"branch","line":71,"loc":{"start":{"line":71,"column":2},"end":{"line":73,"column":3}},"locations":[{"start":{"line":71,"column":2},"end":{"line":73,"column":3}}]}},"b":{"0":[3],"1":[9],"2":[0],"3":[0],"4":[0],"5":[0],"6":[1],"7":[1],"8":[1],"9":[0],"10":[1],"11":[1],"12":[1]},"fnMap":{"0":{"name":"Spacedcard","decl":{"start":{"line":5,"column":2},"end":{"line":38,"column":3}},"loc":{"start":{"line":5,"column":2},"end":{"line":38,"column":3}},"line":5},"1":{"name":"Spacedcard._this.toString","decl":{"start":{"line":67,"column":20},"end":{"line":69,"column":3}},"loc":{"start":{"line":67,"column":20},"end":{"line":69,"column":3}},"line":67},"2":{"name":"Object.<anonymous>.Spacedcard.getCard","decl":{"start":{"line":40,"column":2},"end":{"line":53,"column":3}},"loc":{"start":{"line":40,"column":2},"end":{"line":53,"column":3}},"line":40},"3":{"name":"Object.<anonymous>.Spacedcard.getMedias","decl":{"start":{"line":55,"column":2},"end":{"line":65,"column":3}},"loc":{"start":{"line":55,"column":2},"end":{"line":65,"column":3}},"line":55},"4":{"name":"Object.<anonymous>.Spacedcard.getIdFormat","decl":{"start":{"line":71,"column":2},"end":{"line":73,"column":3}},"loc":{"start":{"line":71,"column":2},"end":{"line":73,"column":3}},"line":71}},"f":{"0":9,"1":1,"2":1,"3":1,"4":1}}
,"C:\\Users\\Daniel\\Desktop\\obsidian-db\\.obsidian\\plugins\\flashcards-obsidian-v2\\src\\services\\anki.ts": {"path":"C:\\Users\\Daniel\\Desktop\\obsidian-db\\.obsidian\\plugins\\flashcards-obsidian-v2\\src\\services\\anki.ts","all":false,"statementMap":{"0":{"start":{"line":1,"column":0},"end":{"line":1,"column":20}},"1":{"start":{"line":2,"column":0},"end":{"line":2,"column":41}},"2":{"start":{"line":3,"column":0},"end":{"line":3,"column":8}},"3":{"start":{"line":4,"column":0},"end":{"line":4,"column":14}},"4":{"start":{"line":5,"column":0},"end":{"line":5,"column":13}},"5":{"start":{"line":6,"column":0},"end":{"line":6,"column":20}},"6":{"start":{"line":7,"column":0},"end":{"line":7,"column":24}},"7":{"start":{"line":8,"column":0},"end":{"line":8,"column":21}},"8":{"start":{"line":9,"column":0},"end":{"line":9,"column":20}},"9":{"start":{"line":10,"column":0},"end":{"line":10,"column":22}},"10":{"start":{"line":11,"column":0},"end":{"line":11,"column":28}},"11":{"start":{"line":12,"column":0},"end":{"line":12,"column":0}},"12":{"start":{"line":13,"column":0},"end":{"line":13,"column":19}},"13":{"start":{"line":14,"column":0},"end":{"line":14,"column":28}},"14":{"start":{"line":15,"column":0},"end":{"line":15,"column":27}},"15":{"start":{"line":16,"column":0},"end":{"line":16,"column":33}},"16":{"start":{"line":17,"column":0},"end":{"line":17,"column":5}},"17":{"start":{"line":18,"column":0},"end":{"line":18,"column":54}},"18":{"start":{"line":19,"column":0},"end":{"line":19,"column":31}},"19":{"start":{"line":20,"column":0},"end":{"line":20,"column":66}},"20":{"start":{"line":21,"column":0},"end":{"line":21,"column":5}},"21":{"start":{"line":22,"column":0},"end":{"line":22,"column":0}},"22":{"start":{"line":23,"column":0},"end":{"line":23,"column":56}},"23":{"start":{"line":24,"column":0},"end":{"line":24,"column":3}},"24":{"start":{"line":25,"column":0},"end":{"line":25,"column":0}},"25":{"start":{"line":26,"column":0},"end":{"line":26,"column":59}},"26":{"start":{"line":27,"column":0},"end":{"line":27,"column":60}},"27":{"start":{"line":28,"column":0},"end":{"line":28,"column":3}},"28":{"start":{"line":29,"column":0},"end":{"line":29,"column":0}},"29":{"start":{"line":30,"column":0},"end":{"line":30,"column":47}},"30":{"start":{"line":31,"column":0},"end":{"line":31,"column":30}},"31":{"start":{"line":32,"column":0},"end":{"line":32,"column":0}},"32":{"start":{"line":33,"column":0},"end":{"line":33,"column":31}},"33":{"start":{"line":34,"column":0},"end":{"line":34,"column":45}},"34":{"start":{"line":35,"column":0},"end":{"line":35,"column":22}},"35":{"start":{"line":36,"column":0},"end":{"line":36,"column":35}},"36":{"start":{"line":37,"column":0},"end":{"line":37,"column":24}},"37":{"start":{"line":38,"column":0},"end":{"line":38,"column":11}},"38":{"start":{"line":39,"column":0},"end":{"line":39,"column":7}},"39":{"start":{"line":40,"column":0},"end":{"line":40,"column":5}},"40":{"start":{"line":41,"column":0},"end":{"line":41,"column":0}},"41":{"start":{"line":42,"column":0},"end":{"line":42,"column":18}},"42":{"start":{"line":43,"column":0},"end":{"line":43,"column":59}},"43":{"start":{"line":44,"column":0},"end":{"line":44,"column":12}},"44":{"start":{"line":45,"column":0},"end":{"line":45,"column":16}},"45":{"start":{"line":46,"column":0},"end":{"line":46,"column":5}},"46":{"start":{"line":47,"column":0},"end":{"line":47,"column":3}},"47":{"start":{"line":48,"column":0},"end":{"line":48,"column":0}},"48":{"start":{"line":49,"column":0},"end":{"line":49,"column":43}},"49":{"start":{"line":50,"column":0},"end":{"line":50,"column":66}},"50":{"start":{"line":51,"column":0},"end":{"line":51,"column":36}},"51":{"start":{"line":52,"column":0},"end":{"line":52,"column":7}},"52":{"start":{"line":53,"column":0},"end":{"line":53,"column":0}},"53":{"start":{"line":54,"column":0},"end":{"line":54,"column":22}},"54":{"start":{"line":55,"column":0},"end":{"line":55,"column":27}},"55":{"start":{"line":56,"column":0},"end":{"line":56,"column":33}},"56":{"start":{"line":57,"column":0},"end":{"line":57,"column":17}},"57":{"start":{"line":58,"column":0},"end":{"line":58,"column":36}},"58":{"start":{"line":59,"column":0},"end":{"line":59,"column":34}},"59":{"start":{"line":60,"column":0},"end":{"line":60,"column":10}},"60":{"start":{"line":61,"column":0},"end":{"line":61,"column":8}},"61":{"start":{"line":62,"column":0},"end":{"line":62,"column":31}},"62":{"start":{"line":63,"column":0},"end":{"line":63,"column":33}},"63":{"start":{"line":64,"column":0},"end":{"line":64,"column":17}},"64":{"start":{"line":65,"column":0},"end":{"line":65,"column":40}},"65":{"start":{"line":66,"column":0},"end":{"line":66,"column":38}},"66":{"start":{"line":67,"column":0},"end":{"line":67,"column":10}},"67":{"start":{"line":68,"column":0},"end":{"line":68,"column":8}},"68":{"start":{"line":69,"column":0},"end":{"line":69,"column":29}},"69":{"start":{"line":70,"column":0},"end":{"line":70,"column":33}},"70":{"start":{"line":71,"column":0},"end":{"line":71,"column":17}},"71":{"start":{"line":72,"column":0},"end":{"line":72,"column":37}},"72":{"start":{"line":73,"column":0},"end":{"line":73,"column":35}},"73":{"start":{"line":74,"column":0},"end":{"line":74,"column":10}},"74":{"start":{"line":75,"column":0},"end":{"line":75,"column":8}},"75":{"start":{"line":76,"column":0},"end":{"line":76,"column":38}},"76":{"start":{"line":77,"column":0},"end":{"line":77,"column":63}},"77":{"start":{"line":78,"column":0},"end":{"line":78,"column":9}},"78":{"start":{"line":79,"column":0},"end":{"line":79,"column":5}},"79":{"start":{"line":80,"column":0},"end":{"line":80,"column":3}},"80":{"start":{"line":81,"column":0},"end":{"line":81,"column":0}},"81":{"start":{"line":82,"column":0},"end":{"line":82,"column":59}},"82":{"start":{"line":83,"column":0},"end":{"line":83,"column":26}},"83":{"start":{"line":84,"column":0},"end":{"line":84,"column":4}},"84":{"start":{"line":85,"column":0},"end":{"line":85,"column":61}},"85":{"start":{"line":86,"column":0},"end":{"line":86,"column":0}},"86":{"start":{"line":87,"column":0},"end":{"line":87,"column":9}},"87":{"start":{"line":88,"column":0},"end":{"line":88,"column":57}},"88":{"start":{"line":89,"column":0},"end":{"line":89,"column":25}},"89":{"start":{"line":90,"column":0},"end":{"line":90,"column":11}},"90":{"start":{"line":91,"column":0},"end":{"line":91,"column":8}},"91":{"start":{"line":92,"column":0},"end":{"line":92,"column":46}},"92":{"start":{"line":93,"column":0},"end":{"line":93,"column":55}},"93":{"start":{"line":94,"column":0},"end":{"line":94,"column":30}},"94":{"start":{"line":95,"column":0},"end":{"line":95,"column":37}},"95":{"start":{"line":96,"column":0},"end":{"line":96,"column":13}},"96":{"start":{"line":97,"column":0},"end":{"line":97,"column":11}},"97":{"start":{"line":98,"column":0},"end":{"line":98,"column":8}},"98":{"start":{"line":99,"column":0},"end":{"line":99,"column":22}},"99":{"start":{"line":100,"column":0},"end":{"line":100,"column":21}},"100":{"start":{"line":101,"column":0},"end":{"line":101,"column":52}},"101":{"start":{"line":102,"column":0},"end":{"line":102,"column":20}},"102":{"start":{"line":103,"column":0},"end":{"line":103,"column":5}},"103":{"start":{"line":104,"column":0},"end":{"line":104,"column":1}},"104":{"start":{"line":105,"column":0},"end":{"line":105,"column":0}},"105":{"start":{"line":106,"column":0},"end":{"line":106,"column":5}},"106":{"start":{"line":107,"column":0},"end":{"line":107,"column":86}},"107":{"start":{"line":108,"column":0},"end":{"line":108,"column":4}},"108":{"start":{"line":109,"column":0},"end":{"line":109,"column":105}},"109":{"start":{"line":110,"column":0},"end":{"line":110,"column":46}},"110":{"start":{"line":111,"column":0},"end":{"line":111,"column":32}},"111":{"start":{"line":112,"column":0},"end":{"line":112,"column":39}},"112":{"start":{"line":113,"column":0},"end":{"line":113,"column":5}},"113":{"start":{"line":114,"column":0},"end":{"line":114,"column":57}},"114":{"start":{"line":115,"column":0},"end":{"line":115,"column":36}},"115":{"start":{"line":116,"column":0},"end":{"line":116,"column":0}},"116":{"start":{"line":117,"column":0},"end":{"line":117,"column":31}},"117":{"start":{"line":118,"column":0},"end":{"line":118,"column":21}},"118":{"start":{"line":119,"column":0},"end":{"line":119,"column":67}},"119":{"start":{"line":120,"column":0},"end":{"line":120,"column":17}},"120":{"start":{"line":121,"column":0},"end":{"line":121,"column":7}},"121":{"start":{"line":122,"column":0},"end":{"line":122,"column":0}},"122":{"start":{"line":123,"column":0},"end":{"line":123,"column":11}},"123":{"start":{"line":124,"column":0},"end":{"line":124,"column":39}},"124":{"start":{"line":125,"column":0},"end":{"line":125,"column":60}},"125":{"start":{"line":126,"column":0},"end":{"line":126,"column":26}},"126":{"start":{"line":127,"column":0},"end":{"line":127,"column":11}},"127":{"start":{"line":128,"column":0},"end":{"line":128,"column":0}},"128":{"start":{"line":129,"column":0},"end":{"line":129,"column":46}},"129":{"start":{"line":130,"column":0},"end":{"line":130,"column":26}},"130":{"start":{"line":131,"column":0},"end":{"line":131,"column":30}},"131":{"start":{"line":132,"column":0},"end":{"line":132,"column":39}},"132":{"start":{"line":133,"column":0},"end":{"line":133,"column":21}},"133":{"start":{"line":134,"column":0},"end":{"line":134,"column":21}},"134":{"start":{"line":135,"column":0},"end":{"line":135,"column":28}},"135":{"start":{"line":136,"column":0},"end":{"line":136,"column":35}},"136":{"start":{"line":137,"column":0},"end":{"line":137,"column":15}},"137":{"start":{"line":138,"column":0},"end":{"line":138,"column":13}},"138":{"start":{"line":139,"column":0},"end":{"line":139,"column":13}},"139":{"start":{"line":140,"column":0},"end":{"line":140,"column":0}},"140":{"start":{"line":141,"column":0},"end":{"line":141,"column":24}},"141":{"start":{"line":142,"column":0},"end":{"line":142,"column":54}},"142":{"start":{"line":143,"column":0},"end":{"line":143,"column":32}},"143":{"start":{"line":144,"column":0},"end":{"line":144,"column":39}},"144":{"start":{"line":145,"column":0},"end":{"line":145,"column":23}},"145":{"start":{"line":146,"column":0},"end":{"line":146,"column":32}},"146":{"start":{"line":147,"column":0},"end":{"line":147,"column":15}},"147":{"start":{"line":148,"column":0},"end":{"line":148,"column":15}},"148":{"start":{"line":149,"column":0},"end":{"line":149,"column":0}},"149":{"start":{"line":150,"column":0},"end":{"line":150,"column":39}},"150":{"start":{"line":151,"column":0},"end":{"line":151,"column":34}},"151":{"start":{"line":152,"column":0},"end":{"line":152,"column":34}},"152":{"start":{"line":153,"column":0},"end":{"line":153,"column":25}},
[...]
":[{"start":{"line":481,"column":39},"end":{"line":483,"column":7}}]},"81":{"type":"branch","line":410,"loc":{"start":{"line":410,"column":56},"end":{"line":419,"column":17}},"locations":[{"start":{"line":410,"column":56},"end":{"line":419,"column":17}}]},"82":{"type":"branch","line":417,"loc":{"start":{"line":417,"column":54},"end":{"line":417,"column":88}},"locations":[{"start":{"line":417,"column":54},"end":{"line":417,"column":88}}]},"83":{"type":"branch","line":506,"loc":{"start":{"line":506,"column":2},"end":{"line":647,"column":3}},"locations":[{"start":{"line":506,"column":2},"end":{"line":647,"column":3}}]},"84":{"type":"branch","line":512,"loc":{"start":{"line":512,"column":4},"end":{"line":512,"column":29}},"locations":[{"start":{"line":512,"column":4},"end":{"line":512,"column":29}}]},"85":{"type":"branch","line":522,"loc":{"start":{"line":522,"column":27},"end":{"line":531,"column":5}},"locations":[{"start":{"line":522,"column":27},"end":{"line":531,"column":5}}]},"86":{"type":"branch","line":524,"loc":{"start":{"line":524,"column":47},"end":{"line":529,"column":9}},"locations":[{"start":{"line":524,"column":47},"end":{"line":529,"column":9}}]},"87":{"type":"branch","line":526,"loc":{"start":{"line":526,"column":35},"end":{"line":528,"column":13}},"locations":[{"start":{"line":526,"column":35},"end":{"line":528,"column":13}}]},"88":{"type":"branch","line":530,"loc":{"start":{"line":530,"column":-1},"end":{"line":531,"column":5}},"locations":[{"start":{"line":530,"column":-1},"end":{"line":531,"column":5}}]},"89":{"type":"branch","line":533,"loc":{"start":{"line":533,"column":20},"end":{"line":644,"column":5}},"locations":[{"start":{"line":533,"column":20},"end":{"line":644,"column":5}}]},"90":{"type":"branch","line":546,"loc":{"start":{"line":546,"column":58},"end":{"line":546,"column":75}},"locations":[{"start":{"line":546,"column":58},"end":{"line":546,"column":75}}]},"91":{"type":"branch","line":550,"loc":{"start":{"line":550,"column":12},"end":{"line":550,"column":72}},"locations":[{"start":{"line":550,"column":12},"end":{"line":550,"column":72}}]},"92":{"type":"branch","line":551,"loc":{"start":{"line":551,"column":12},"end":{"line":551,"column":16}},"locations":[{"start":{"line":551,"column":12},"end":{"line":551,"column":16}}]},"93":{"type":"branch","line":556,"loc":{"start":{"line":556,"column":12},"end":{"line":556,"column":81}},"locations":[{"start":{"line":556,"column":12},"end":{"line":556,"column":81}}]},"94":{"type":"branch","line":557,"loc":{"start":{"line":557,"column":12},"end":{"line":557,"column":30}},"locations":[{"start":{"line":557,"column":12},"end":{"line":557,"column":30}}]},"95":{"type":"branch","line":571,"loc":{"start":{"line":571,"column":68},"end":{"line":598,"column":13}},"locations":[{"start":{"line":571,"column":68},"end":{"line":598,"column":13}}]},"96":{"type":"branch","line":613,"loc":{"start":{"line":613,"column":10},"end":{"line":618,"column":9}},"locations":[{"start":{"line":613,"column":10},"end":{"line":618,"column":9}}]},"97":{"type":"branch","line":625,"loc":{"start":{"line":625,"column":41},"end":{"line":627,"column":9}},"locations":[{"start":{"line":625,"column":41},"end":{"line":627,"column":9}}]},"98":{"type":"branch","line":582,"loc":{"start":{"line":582,"column":38},"end":{"line":588,"column":23}},"locations":[{"start":{"line":582,"column":38},"end":{"line":588,"column":23}}]},"99":{"type":"branch","line":588,"loc":{"start":{"line":588,"column":17},"end":{"line":597,"column":17}},"locations":[{"start":{"line":588,"column":17},"end":{"line":597,"column":17}}]},"100":{"type":"branch","line":588,"loc":{"start":{"line":588,"column":73},"end":{"line":592,"column":23}},"locations":[{"start":{"line":588,"column":73},"end":{"line":592,"column":23}}]},"101":{"type":"branch","line":592,"loc":{"start":{"line":592,"column":17},"end":{"line":597,"column":17}},"locations":[{"start":{"line":592,"column":17},"end":{"line":597,"column":17}}]},"102":{"type":"branch","line":577,"loc":{"start":{"line":577,"column":53},"end":{"line":578,"column":32}},"locations":[{"start":{"line":577,"column":53},"end":{"line":578,"column":32}}]},"103":{"type":"branch","line":578,"loc":{"start":{"line":578,"column":45},"end":{"line":578,"column":91}},"locations":[{"start":{"line":578,"column":45},"end":{"line":578,"column":91}}]},"104":{"type":"branch","line":649,"loc":{"start":{"line":649,"column":2},"end":{"line":656,"column":3}},"locations":[{"start":{"line":649,"column":2},"end":{"line":656,"column":3}}]},"105":{"type":"branch","line":650,"loc":{"start":{"line":650,"column":25},"end":{"line":654,"column":5}},"locations":[{"start":{"line":650,"column":25},"end":{"line":654,"column":5}}]},"106":{"type":"branch","line":651,"loc":{"start":{"line":651,"column":41},"end":{"line":653,"column":7}},"locations":[{"start":{"line":651,"column":41},"end":{"line":653,"column":7}}]},"107":{"type":"branch","line":658,"loc":{"start":{"line":658,"column":2},"end":{"line":665,"column":3}},"locations":[{"start":{"line":658,"column":2},"end":{"line":665,"column":3}}]},"108":{"type":"branch","line":662,"loc":{"start":{"line":662,"column":60},"end":{"line":664,"column":5}},"locations":[{"start":{"line":662,"column":60},"end":{"line":664,"column":5}}]},"109":{"type":"branch","line":667,"loc":{"start":{"line":667,"column":2},"end":{"line":689,"column":3}},"locations":[{"start":{"line":667,"column":2},"end":{"line":689,"column":3}}]},"110":{"type":"branch","line":691,"loc":{"start":{"line":691,"column":2},"end":{"line":705,"column":3}},"locations":[{"start":{"line":691,"column":2},"end":{"line":705,"column":3}}]},"111":{"type":"branch","line":696,"loc":{"start":{"line":696,"column":41},"end":{"line":698,"column":5}},"locations":[{"start":{"line":696,"column":41},"end":{"line":698,"column":5}}]},"112":{"type":"branch","line":700,"loc":{"start":{"line":700,"column":49},"end":{"line":702,"column":5}},"locations":[{"start":{"line":700,"column":49},"end":{"line":702,"column":5}}]},"113":{"type":"branch","line":707,"loc":{"start":{"line":707,"column":2},"end":{"line":716,"column":3}},"locations":[{"start":{"line":707,"column":2},"end":{"line":716,"column":3}}]},"114":{"type":"branch","line":711,"loc":{"start":{"line":711,"column":41},"end":{"line":713,"column":5}},"locations":[{"start":{"line":711,"column":41},"end":{"line":713,"column":5}}]},"115":{"type":"branch","line":718,"loc":{"start":{"line":718,"column":2},"end":{"line":729,"column":3}},"locations":[{"start":{"line":718,"column":2},"end":{"line":729,"column":3}}]},"116":{"type":"branch","line":722,"loc":{"start":{"line":722,"column":34},"end":{"line":728,"column":5}},"locations":[{"start":{"line":722,"column":34},"end":{"line":728,"column":5}}]},"117":{"type":"branch","line":726,"loc":{"start":{"line":726,"column":32},"end":{"line":726,"column":40}},"locations":[{"start":{"line":726,"column":32},"end":{"line":726,"column":40}}]},"118":{"type":"branch","line":726,"loc":{"start":{"line":726,"column":41},"end":{"line":726,"column":51}},"locations":[{"start":{"line":726,"column":41},"end":{"line":726,"column":51}}]},"119":{"type":"branch","line":731,"loc":{"start":{"line":731,"column":2},"end":{"line":749,"column":3}},"locations":[{"start":{"line":731,"column":2},"end":{"line":749,"column":3}}]},"120":{"type":"branch","line":733,"loc":{"start":{"line":733,"column":49},"end":{"line":738,"column":5}},"locations":[{"start":{"line":733,"column":49},"end":{"line":738,"column":5}}]},"121":{"type":"branch","line":735,"loc":{"start":{"line":735,"column":20},"end":{"line":735,"column":49}},"locations":[{"start":{"line":735,"column":20},"end":{"line":735,"column":49}}]},"122":{"type":"branch","line":736,"loc":{"start":{"line":736,"column":20},"end":{"line":736,"column":51}},"locations":[{"start":{"line":736,"column":20},"end":{"line":736,"column":51}}]},"123":{"type":"branch","line":741,"loc":{"start":{"line":741,"column":53},"end":{"line":746,"column":5}},"locations":[{"start":{"line":741,"column":53},"end":{"line":746,"column":5}}]},"124":{"type":"branch","line":743,"loc":{"start":{"line":743,"column":20},"end":{"line":743,"column":49}},"locations":[{"start":{"line":743,"column":20},"end":{"line":743,"column":49}}]},"125":{"type":"branch","line":744,"loc":{"start":{"line":744,"column":20},"end":{"line":744,"column":51}},"locations":[{"start":{"line":744,"column":20},"end":{"line":744,"column":51}}]},"126":{"type":"branch","line":751,"loc":{"start":{"line":751,"column":2},"end":{"line":753,"column":3}},"locations":[{"start":{"line":751,"column":2},"end":{"line":753,"column":3}}]},"127":{"type":"branch","line":755,"loc":{"start":{"line":755,"column":2},"end":{"line":765,"column":3}},"locations":[{"start":{"line":755,"column":2},"end":{"line":765,"column":3}}]},"128":{"type":"branch","line":756,"loc":{"start":{"line":756,"column":44},"end":{"line":758,"column":5}},"locations":[{"start":{"line":756,"column":44},"end":{"line":758,"column":5}}]},"129":{"type":"branch","line":760,"loc":{"start":{"line":760,"column":45},"end":{"line":762,"column":5}},"locations":[{"start":{"line":760,"column":45},"end":{"line":762,"column":5}}]},"130":{"type":"branch","line":767,"loc":{"start":{"line":767,"column":2},"end":{"line":782,"column":3}},"locations":[{"start":{"line":767,"column":2},"end":{"line":782,"column":3}}]},"131":{"type":"branch","line":770,"loc":{"start":{"line":770,"column":13},"end":{"line":779,"column":5}},"locations":[{"start":{"line":770,"column":13},"end":{"line":779,"column":5}}]},"132":{"type":"branch","line":771,"loc":{"start":{"line":771,"column":40},"end":{"line":778,"column":7}},"locations":[{"start":{"line":771,"column":40},"end":{"line":778,"column":7}}]},"133":{"type":"branch","line":773,"loc":{"start":{"line":773,"column":20},"end":{"line":777,"column":9}},"locations":[{"start":{"line":773,"column":20},"end":{"line":777,"column":9}}]},"134":{"type":"branch","line":784,"loc":{"start":{"line":784,"column":2},"end":{"line":787,"column":3}},"locations":[{"start":{"line":784,"column":2},"end":{"line":787,"column":3}}]},"135":{"type":"branch","line":791,"loc":{"start":{"line":791,"column":2},"end":{"line":811,"column":3}},"locations":[{"start":{"line":791,"column":2},"end":{"line":811,"column":3}}]},"136":{"type":"branch","line":804,"loc":{"start":{"line":804,"column":6},"end":{"line":809,"column":5}},"locations":[{"start":{"line":804,"column":6},"end":{"line":809,"column":5}}]},"137":{"type":"branch","line":805,"loc":{"start":{"line":805,"column":45},"end":{"line":807,"column":9}},"locations":[{"start":{"line":805,"column":45},"end":{"line":807,"column":9}}]},"138":{"type":"branch","line":795,"loc":{"start":{"line":795,"column":26},"end":{"line":803,"column":9}},"locations":[{"start":{"line":795,"column":26},"end":{"line":803,"column":9}}]},"139":{"type":"branch","line":814,"loc":{"start":{"line":814,"column":2},"end":{"line":835,"column":3}},"locations":[{"start":{"line":814,"column":2},"end":{"line":835,"column":3}}]},"140":{"type":"branch","line":816,"loc":{"start":{"line":816,"column":29},"end":{"line":818,"column":5}},"locations":[{"start":{"line":816,"column":29},"end":{"line":818,"column":5}}]},"141":{"type":"branch","line":819,"loc":{"start":{"line":819,"column":-1},"end":{"line":822,"column":73}},"locations":[{"start":{"line":819,"column":-1},"end":{"line":822,"column":73}}]},"142":{"type":"branch","line":822,"loc":{"start":{"line":822,"column":73},"end":{"line":831,"column":5}},"locations":[{"start":{"line":822,"column":73},"end":{"line":831,"column":5}}]},"143":{"type":"branch","line":825,"loc":{"start":{"line":825,"column":25},"end":{"line":830,"column":7}},"locations":[{"start":{"line":825,"column":25},"end":{"line":830,"column":7}}]},"144":{"type":"branch","line":832,"loc":{"start":{"line":832,"column":-1},"end":{"line":835,"column":3}},"locations":[{"start":{"line":832,"column":-1},"end":{"line":835,"column":3}}]}},"b":{"0":[2],"1":[2],"2":[17],"3":[0],"4":[2],"5":[0],"6":[13],"7":[38],"8":[0],"9":[33],"10":[22],"11":[22],"12":[6],"13":[0],"14":[13],"15":[6],"16":[20],"17":[8],"18":[8],"19":[17],"20":[0],"21":[4],"22":[0],"23":[0],"24":[0],"25":[1],"26":[3],"27":[1],"28":[3],"29":[0],"30":[17],"31":[0],"32":[13],"33":[11],"34":[3],"35":[0],"36":[0],"37":[3],"38":[10],"39":[0],"40":[10],"41":[6],"42":[4],"43":[6],"44":[4],"45":[0],"46":[16],"47":[6],"48":[10],"49":[5],"50":[34],"51":[17],"52":[0],"53":[3],"54":[18],"55":[3],"56":[0],"57":[3],"58":[0],"59":[0],"60":[0],"61":[0],"62":[0],"63":[0],"64":[1],"65":[0],"66":[2],"67":[0],"68":[0],"69":[0],"70":[1],"71":[2],"72":[18],"73":[5],"74":[2],"75":[0],"76":[3],"77":[2],"78":[0],"79":[0],"80":[0],"81":[8],"82":[1],"83":[17],"84":[0],"85":[21],"86":[146],"87":[21],"88":[0],"89":[21],"90":[0],"91":[5],"92":[16],"93":[5],"94":[16],"95":[66],"96":[0],"97":[0],"98":[14],"99":[52],"100":[7],"101":[45],"102":[140],"103":[43],"104":[38],"105":[62],"106":[2],"107":[2],"108":[4],"109":[65],"110":[62],"111":[5],"112":[3],"113":[41],"114":[6],"115":[83],"116":[23],"117":[1],"118":[22],"119":[70],"120":[8],"121":[4],"122":[2],"123":[5],"124":[1],"125":[1],"126":[68],"127":[67],"128":[2],"129":[6],"130":[35],"131":[11],"132":[24],"133":[13],"134":[4],"135":[26],"136":[2],"137":[1],"138":[27],"139":[33],"140":[11],"141":[22],"142":[17],"143":[10],"144":[22]},"fnMap":{"0":{"name":"Parser","decl":{"start":{"line":18,"column":2},"end":{"line":29,"column":3}},"loc":{"start":{"line":18,"column":2},"end":{"line":29,"column":3}},"line":18},"1":{"name":"Object.<anonymous>.Parser.generateFlashcards","decl":{"start":{"line":31,"column":2},"end":{"line":88,"column":3}},"loc":{"start":{"line":31,"column":2},"end":{"line":88,"column":3}},"line":31},"2":{"name":"Object.<anonymous>.Parser.getContext","decl":{"start":{"line":96,"column":2},"end":{"line":136,"column":3}},"loc":{"start":{"line":96,"column":2},"end":{"line":136,"column":3}},"line":96},"3":{"name":"Object.<anonymous>.Parser.generateSpacedCards","decl":{"start":{"line":138,"column":2},"end":{"line":201,"column":3}},"loc":{"start":{"line":138,"column":2},"end":{"line":201,"column":3}},"line":138},"4":{"name":"Object.<anonymous>.Parser.generateClozeCards","decl":{"start":{"line":203,"column":2},"end":{"line":298,"column":3}},"loc":{"start":{"line":203,"column":2},"end":{"line":298,"column":3}},"line":203},"5":{"name":"Object.<anonymous>.Parser.generateInlineCards","decl":{"start":{"line":300,"column":2},"end":{"line":503,"column":3}},"loc":{"start":{"line":300,"column":2},"end":{"line":503,"column":3}},"line":300},"6":{"name":"findLineNumber","decl":{"start":{"line":323,"column":27},"end":{"line":332,"column":5}},"loc":{"start":{"line":323,"column":27},"end":{"line":332,"column":5}},"line":323},"7":{"name":"Object.<anonymous>.Parser.generateCardsWithTag","decl":{"start":{"line":506,"column":2},"end":{"line":647,"column":3}},"loc":{"start":{"line":506,"column":2},"end":{"line":647,"column":3}},"line":506},"8":{"name":"findLineNumber","decl":{"start":{"line":522,"column":27},"end":{"line":531,"column":5}},"loc":{"start":{"line":522,"column":27},"end":{"line":531,"column":5}},"line":522},"9":{"name":"Object.<anonymous>.Parser.containsCode","decl":{"start":{"line":649,"column":2},"end":{"line":656,"column":3}},"loc":{"start":{"line":649,"column":2},"end":{"line":656,"column":3}},"line":649},"10":{"name":"Object.<anonymous>.Parser.getCardsToDelete","decl":{"start":{"line":658,"column":2},"end":{"line":665,"column":3}},"loc":{"start":{"line":658,"column":2},"end":{"line":665,"column":3}},"line":658},"11":{"name":"Object.<anonymous>.Parser.parseLine","decl":{"start":{"line":667,"column":2},"end":{"line":689,"column":3}},"loc":{"start":{"line":667,"column":2},"end":{"line":689,"column":3}},"line":667},"12":{"name":"Object.<anonymous>.Parser.getImageLinks","decl":{"start":{"line":691,"column":2},"end":{"line":705,"column":3}},"loc":{"start":{"line":691,"column":2},"end":{"line":705,"column":3}},"line":691},"13":{"name":"Object.<anonymous>.Parser.getAudioLinks","decl":{"start":{"line":707,"column":2},"end":{"line":716,"column":3}},"loc":{"start":{"line":707,"column":2},"end":{"line":716,"column":3}},"line":707},"14":{"name":"Object.<anonymous>.Parser.substituteObsidianLinks","decl":{"start":{"line":718,"column":2},"end":{"line":729,"column":3}},"loc":{"start":{"line":718,"column":2},"end":{"line":729,"column":3}},"line":718},"15":{"name":"Object.<anonymous>.Parser.substituteImageLinks","decl":{"start":{"line":731,"column":2},"end":{"line":749,"column":3}},"loc":{"start":{"line":731,"column":2},"end":{"line":749,"column":3}},"line":731},"16":{"name":"Object.<anonymous>.Parser.substituteAudioLinks","decl":{"start":{"line":751,"column":2},"end":{"line":753,"column":3}},"loc":{"start":{"line":751,"column":2},"end":{"line":753,"column":3}},"line":751},"17":{"name":"Object.<anonymous>.Parser.mathToAnki","decl":{"start":{"line":755,"column":2},"end":{"line":765,"column":3}},"loc":{"start":{"line":755,"column":2},"end":{"line":765,"column":3}},"line":755},"18":{"name":"Object.<anonymous>.Parser.parseTags","decl":{"start":{"line":767,"column":2},"end":{"line":782,"column":3}},"loc":{"start":{"line":767,"column":2},"end":{"line":782,"column":3}},"line":767},"19":{"name":"Object.<anonymous>.Parser.getAnkiIDsBlocks","decl":{"start":{"line":784,"column":2},"end":{"line":787,"column":3}},"loc":{"start":{"line":784,"column":2},"end":{"line":787,"column":3}},"line":784},"20":{"name":"Object.<anonymous>.Parser.getEmbedMap","decl":{"start":{"line":791,"column":2},"end":{"line":811,"column":3}},"loc":{"start":{"line":791,"column":2},"end":{"line":811,"column":3}},"line":791},"21":{"name":"Object.<anonymous>.Parser.getEmbedWrapContent","decl":{"start":{"line":814,"column":2},"end":{"line":835,"column":3}},"loc":{"start":{"line":814,"column":2},"end":{"line":835,"column":3}},"line":814}},"f":{"0":2,"1":17,"2":6,"3":17,"4":17,"5":17,"6":3,"7":17,"8":21,"9":38,"10":2,"11":65,"12":62,"13":41,"14":83,"15":70,"16":68,"17":67,"18":35,"19":4,"20":26,"21":33}}
,"C:\\Users\\Daniel\\Desktop\\obsidian-db\\.obsidian\\plugins\\flashcards-obsidian-v2\\tests\\mocks\\obsidian.ts": {"path":"C:\\Users\\Daniel\\Desktop\\obsidian-db\\.obsidian\\plugins\\flashcards-obsidian-v2\\tests\\mocks\\obsidian.ts","all":false,"statementMap":{"0":{"start":{"line":1,"column":0},"end":{"line":1,"column":26}},"1":{"start":{"line":2,"column":0},"end":{"line":2,"column":0}},"2":{"start":{"line":3,"column":0},"end":{"line":3,"column":66}},"3":{"start":{"line":4,"column":0},"end":{"line":4,"column":0}},"4":{"start":{"line":5,"column":0},"end":{"line":5,"column":71}},"5":{"start":{"line":6,"column":0},"end":{"line":6,"column":57}},"6":{"start":{"line":7,"column":0},"end":{"line":7,"column":61}},"7":{"start":{"line":8,"column":0},"end":{"line":8,"column":64}},"8":{"start":{"line":9,"column":0},"end":{"line":9,"column":62}},"9":{"start":{"line":10,"column":0},"end":{"line":10,"column":60}},"10":{"start":{"line":11,"column":0},"end":{"line":11,"column":56}},"11":{"start":{"line":12,"column":0},"end":{"line":12,"column":2}},"12":{"start":{"line":13,"column":0},"end":{"line":13,"column":0}},"13":{"start":{"line":14,"column":0},"end":{"line":14,"column":74}},"14":{"start":{"line":15,"column":0},"end":{"line":15,"column":61}},"15":{"start":{"line":16,"column":0},"end":{"line":16,"column":38}},"16":{"start":{"line":17,"column":0},"end":{"line":17,"column":6}},"17":{"start":{"line":18,"column":0},"end":{"line":18,"column":35}}},"s":{"0":1,"1":1,"2":1,"3":1,"4":1,"5":1,"6":27,"7":27,"8":27,"9":27,"10":27,"11":27,"12":1,"13":1,"14":1,"15":1,"16":1,"17":1},"branchMap":{"0":{"type":"branch","line":6,"loc":{"start":{"line":6,"column":30},"end":{"line":12,"column":2}},"locations":[{"start":{"line":6,"column":30},"end":{"line":12,"column":2}}]}},"b":{"0":[27]},"fnMap":{"0":{"name":"htmlToMarkdown","decl":{"start":{"line":6,"column":30},"end":{"line":12,"column":2}},"loc":{"start":{"line":6,"column":30},"end":{"line":12,"column":2}},"line":6}},"f":{"0":27}}
}
