TN:
SF:src\utils.ts
FN:1,arrayBufferToBase64
FN:11,arraysEqual
FN:25,escapeMarkdown
FN:49,escapeRegExp
FNF:4
FNH:3
FNDA:0,arrayBufferToBase64
FNDA:14,arraysEqual
FNDA:12,escapeMarkdown
FNDA:3,escapeRegExp
DA:1,0
DA:2,0
DA:3,0
DA:4,0
DA:5,0
DA:6,0
DA:7,0
DA:8,0
DA:9,0
DA:10,1
DA:11,14
DA:12,14
DA:13,14
DA:14,14
DA:15,10
DA:16,10
DA:17,10
DA:18,10
DA:19,14
DA:20,16
DA:21,16
DA:22,8
DA:23,8
DA:24,1
DA:25,12
DA:26,12
DA:27,12
DA:28,12
DA:29,12
DA:30,12
DA:31,12
DA:32,12
DA:33,12
DA:34,12
DA:35,12
DA:36,12
DA:37,12
DA:38,12
DA:39,12
DA:40,12
DA:41,108
DA:42,108
DA:43,108
DA:44,108
DA:45,12
DA:46,12
DA:47,1
DA:48,1
DA:49,1
DA:50,3
DA:51,3
LF:51
LH:42
BRDA:11,0,0,14
BRDA:12,1,0,1
BRDA:13,2,0,13
BRDA:13,3,0,12
BRDA:13,4,0,2
BRDA:14,5,0,11
BRDA:14,6,0,1
BRDA:15,7,0,10
BRDA:19,8,0,16
BRDA:20,9,0,2
BRDA:22,10,0,8
BRDA:25,11,0,12
BRDA:40,12,0,108
BRDA:43,13,0,4
BRDA:44,14,0,104
BRDA:49,15,0,3
BRF:16
BRH:16
end_of_record
TN:
SF:src\conf\constants.ts
FNF:0
FNH:0
DA:1,1
DA:2,1
DA:3,1
DA:4,1
DA:5,1
DA:6,1
DA:7,1
DA:8,1
DA:9,1
DA:10,1
LF:10
LH:10
BRF:0
BRH:0
end_of_record
TN:
SF:src\conf\regex.ts
FN:27,Regex
FN:31,update
FNF:2
FNH:2
FNDA:12,Regex
FNDA:12,update
DA:1,1
DA:2,1
DA:3,1
DA:4,1
DA:5,1
DA:6,1
DA:7,1
DA:8,1
DA:9,1
DA:10,1
DA:11,1
DA:12,1
DA:13,1
DA:14,1
DA:15,1
DA:16,1
DA:17,1
DA:18,1
DA:19,1
DA:20,1
DA:21,1
DA:22,1
DA:23,1
DA:24,1
DA:25,1
DA:26,1
DA:27,1
DA:28,12
DA:29,12
DA:30,1
DA:31,1
DA:32,12
DA:33,12
DA:34,12
DA:35,12
DA:36,12
DA:37,12
DA:38,12
DA:39,12
DA:40,12
DA:41,12
DA:42,12
DA:43,12
DA:44,12
DA:45,12
DA:46,12
DA:47,12
DA:48,12
DA:49,12
DA:50,12
DA:51,12
DA:52,12
DA:53,12
DA:54,12
DA:55,12
DA:56,12
DA:57,12
DA:58,12
DA:59,12
DA:60,12
DA:61,12
DA:62,12
DA:63,12
DA:64,12
DA:65,12
DA:66,12
DA:67,12
DA:68,12
DA:69,12
DA:70,12
DA:71,12
DA:72,12
DA:73,12
DA:74,12
DA:75,12
DA:76,12
DA:77,12
DA:78,12
DA:79,12
DA:80,12
DA:81,12
DA:82,12
DA:83,12
DA:84,12
DA:85,12
DA:86,12
DA:87,12
DA:88,12
DA:89,12
DA:90,12
DA:91,12
DA:92,12
DA:93,12
DA:94,12
DA:95,12
DA:96,12
DA:97,12
DA:98,1
LF:98
LH:98
BRDA:27,0,0,12
BRDA:31,1,0,12
BRDA:72,2,0,0
BRDA:73,3,0,0
BRF:4
BRH:2
end_of_record
TN:
SF:src\entities\card.ts
FN:20,Card
FN:54,match
FN:89,looselyMatchesFrontField
FN:113,getCodeDeckNameExtension
FNF:4
FNH:3
FNDA:105,Card
FNDA:11,match
FNDA:3,looselyMatchesFrontField
FNDA:0,getCodeDeckNameExtension
DA:1,1
DA:2,1
DA:3,1
DA:4,1
DA:5,1
DA:6,1
DA:7,1
DA:8,1
DA:9,1
DA:10,1
DA:11,1
DA:12,1
DA:13,1
DA:14,1
DA:15,1
DA:16,1
DA:17,1
DA:18,1
DA:19,1
DA:20,1
DA:21,105
DA:22,105
DA:23,105
DA:24,105
DA:25,105
DA:26,105
DA:27,105
DA:28,105
DA:29,105
DA:30,105
DA:31,105
DA:32,105
DA:33,105
DA:34,105
DA:35,105
DA:36,105
DA:37,105
DA:38,105
DA:39,105
DA:40,105
DA:41,105
DA:42,105
DA:43,105
DA:44,105
DA:45,105
DA:46,105
DA:47,105
DA:48,1
DA:49,1
DA:50,1
DA:51,1
DA:52,1
DA:53,1
DA:54,1
DA:55,11
DA:56,11
DA:57,11
DA:58,11
DA:59,11
DA:60,11
DA:61,11
DA:62,11
DA:63,2
DA:64,2
DA:65,9
DA:66,11
DA:67,17
DA:68,17
DA:69,3
DA:70,3
DA:71,3
DA:72,17
DA:73,6
DA:74,6
DA:75,11
DA:76,1
DA:77,1
DA:78,6
DA:79,6
DA:80,6
DA:81,1
DA:82,1
DA:83,1
DA:84,1
DA:85,1
DA:86,1
DA:87,1
DA:88,1
DA:89,1
DA:90,3
DA:91,3
DA:92,3
DA:93,3
DA:94,3
DA:95,0
DA:96,0
DA:97,3
DA:98,3
DA:99,3
DA:100,3
DA:101,3
DA:102,3
DA:103,3
DA:104,3
DA:105,3
DA:106,3
DA:107,3
DA:108,3
DA:109,3
DA:110,3
DA:111,3
DA:112,1
DA:113,1
DA:114,0
DA:115,0
DA:116,1
LF:116
LH:112
BRDA:20,0,0,105
BRDA:54,1,0,11
BRDA:62,2,0,2
BRDA:65,3,0,9
BRDA:66,4,0,17
BRDA:68,5,0,3
BRDA:73,6,0,6
BRDA:75,7,0,1
BRDA:78,8,0,6
BRDA:89,9,0,3
BRDA:94,10,0,0
BRDA:101,11,0,0
BRDA:105,12,0,0
BRF:13
BRH:10
end_of_record
TN:
SF:src\entities\clozecard.ts
FN:5,Clozecard
FN:67,Clozecard.toString
FN:40,getCard
FN:55,getMedias
FN:71,getIdFormat
FNF:5
FNH:5
FNDA:17,Clozecard
FNDA:1,Clozecard.toString
FNDA:1,getCard
FNDA:1,getMedias
FNDA:1,getIdFormat
DA:1,1
DA:2,1
DA:3,1
DA:4,1
DA:5,1
DA:6,17
DA:7,17
DA:8,17
DA:9,17
DA:10,17
DA:11,17
DA:12,17
DA:13,17
DA:14,17
DA:15,17
DA:16,17
DA:17,17
DA:18,17
DA:19,17
DA:20,17
DA:21,17
DA:22,17
DA:23,17
DA:24,17
DA:25,17
DA:26,17
DA:27,17
DA:28,17
DA:29,17
DA:30,17
DA:31,17
DA:32,17
DA:33,0
DA:34,0
DA:35,17
DA:36,1
DA:37,1
DA:38,17
DA:39,1
DA:40,1
DA:41,1
DA:42,1
DA:43,1
DA:44,1
DA:45,1
DA:46,1
DA:47,1
DA:48,1
DA:49,1
DA:50,1
DA:51,1
DA:52,1
DA:53,1
DA:54,1
DA:55,1
DA:56,1
DA:57,1
DA:58,1
DA:59,1
DA:60,1
DA:61,1
DA:62,1
DA:63,1
DA:64,1
DA:65,1
DA:66,1
DA:67,1
DA:68,1
DA:69,1
DA:70,1
DA:71,1
DA:72,1
DA:73,1
DA:74,1
LF:74
LH:72
BRDA:5,0,0,17
BRDA:32,1,0,0
BRDA:35,2,0,1
BRDA:67,3,0,1
BRDA:40,4,0,1
BRDA:55,5,0,1
BRDA:57,6,0,1
BRDA:71,7,0,1
BRF:8
BRH:7
end_of_record
TN:
SF:src\entities\flashcard.ts
FN:5,Flashcard
FN:69,Flashcard.toString
FN:42,getCard
FN:57,getMedias
FN:73,getIdFormat
FNF:5
FNH:5
FNDA:70,Flashcard
FNDA:2,Flashcard.toString
FNDA:12,getCard
FNDA:2,getMedias
FNDA:2,getIdFormat
DA:1,1
DA:2,1
DA:3,1
DA:4,1
DA:5,1
DA:6,70
DA:7,70
DA:8,70
DA:9,70
DA:10,70
DA:11,70
DA:12,70
DA:13,70
DA:14,70
DA:15,70
DA:16,70
DA:17,70
DA:18,70
DA:19,70
DA:20,70
DA:21,70
DA:22,70
DA:23,70
DA:24,70
DA:25,70
DA:26,70
DA:27,70
DA:28,70
DA:29,70
DA:30,70
DA:31,70
DA:32,70
DA:33,70
DA:34,70
DA:35,0
DA:36,0
DA:37,70
DA:38,5
DA:39,5
DA:40,70
DA:41,1
DA:42,1
DA:43,12
DA:44,12
DA:45,12
DA:46,12
DA:47,12
DA:48,12
DA:49,12
DA:50,12
DA:51,3
DA:52,3
DA:53,12
DA:54,12
DA:55,12
DA:56,1
DA:57,1
DA:58,2
DA:59,2
DA:60,3
DA:61,3
DA:62,3
DA:63,3
DA:64,2
DA:65,2
DA:66,2
DA:67,2
DA:68,1
DA:69,1
DA:70,2
DA:71,1
DA:72,1
DA:73,1
DA:74,2
DA:75,2
DA:76,1
LF:76
LH:74
BRDA:5,0,0,70
BRDA:32,1,0,1
BRDA:33,2,0,69
BRDA:34,3,0,0
BRDA:37,4,0,5
BRDA:69,5,0,2
BRDA:42,6,0,12
BRDA:50,7,0,3
BRDA:57,8,0,2
BRDA:59,9,0,3
BRDA:73,10,0,2
BRF:11
BRH:10
end_of_record
TN:
SF:src\entities\inlinecard.ts
FN:5,Inlinecard
FN:70,Inlinecard.toString
FN:43,getCard
FN:58,getMedias
FN:74,getIdFormat
FNF:5
FNH:4
FNDA:9,Inlinecard
FNDA:1,Inlinecard.toString
FNDA:3,getCard
FNDA:1,getMedias
FNDA:0,getIdFormat
DA:1,1
DA:2,1
DA:3,1
DA:4,1
DA:5,1
DA:6,9
DA:7,9
DA:8,9
DA:9,9
DA:10,9
DA:11,9
DA:12,9
DA:13,9
DA:14,9
DA:15,9
DA:16,9
DA:17,9
DA:18,9
DA:19,9
DA:20,9
DA:21,9
DA:22,9
DA:23,9
DA:24,9
DA:25,9
DA:26,9
DA:27,9
DA:28,9
DA:29,9
DA:30,9
DA:31,9
DA:32,9
DA:33,9
DA:34,9
DA:35,9
DA:36,2
DA:37,2
DA:38,9
DA:39,2
DA:40,2
DA:41,9
DA:42,1
DA:43,1
DA:44,3
DA:45,3
DA:46,3
DA:47,3
DA:48,3
DA:49,3
DA:50,3
DA:51,3
DA:52,3
DA:53,3
DA:54,3
DA:55,3
DA:56,3
DA:57,1
DA:58,1
DA:59,1
DA:60,1
DA:61,1
DA:62,1
DA:63,1
DA:64,1
DA:65,1
DA:66,1
DA:67,1
DA:68,1
DA:69,1
DA:70,1
DA:71,1
DA:72,1
DA:73,1
DA:74,1
DA:75,0
DA:76,0
DA:77,1
LF:77
LH:75
BRDA:5,0,0,9
BRDA:33,1,0,1
BRDA:34,2,0,8
BRDA:35,3,0,2
BRDA:38,4,0,2
BRDA:70,5,0,1
BRDA:43,6,0,3
BRDA:58,7,0,1
BRDA:60,8,0,1
BRF:9
BRH:9
end_of_record
TN:
SF:src\entities\spacedcard.ts
FN:5,Spacedcard
FN:67,Spacedcard.toString
FN:40,getCard
FN:55,getMedias
FN:71,getIdFormat
FNF:5
FNH:5
FNDA:9,Spacedcard
FNDA:1,Spacedcard.toString
FNDA:1,getCard
FNDA:1,getMedias
FNDA:1,getIdFormat
DA:1,1
DA:2,1
DA:3,1
DA:4,1
DA:5,1
DA:6,9
DA:7,9
DA:8,9
DA:9,9
DA:10,9
DA:11,9
DA:12,9
DA:13,9
DA:14,9
DA:15,9
DA:16,9
DA:17,9
DA:18,9
DA:19,9
DA:20,9
DA:21,9
DA:22,9
DA:23,9
DA:24,9
DA:25,9
DA:26,9
DA:27,9
DA:28,9
DA:29,9
DA:30,9
DA:31,9
DA:32,9
DA:33,0
DA:34,0
DA:35,9
DA:36,1
DA:37,1
DA:38,9
DA:39,1
DA:40,1
DA:41,1
DA:42,1
DA:43,1
DA:44,1
DA:45,1
DA:46,1
DA:47,1
DA:48,1
DA:49,1
DA:50,1
DA:51,1
DA:52,1
DA:53,1
DA:54,1
DA:55,1
DA:56,1
DA:57,1
DA:58,1
DA:59,1
DA:60,1
DA:61,1
DA:62,1
DA:63,1
DA:64,1
DA:65,1
DA:66,1
DA:67,1
DA:68,1
DA:69,1
DA:70,1
DA:71,1
DA:72,1
DA:73,1
DA:74,1
LF:74
LH:72
BRDA:5,0,0,9
BRDA:32,1,0,0
BRDA:35,2,0,1
BRDA:67,3,0,1
BRDA:40,4,0,1
BRDA:55,5,0,1
BRDA:57,6,0,1
BRDA:71,7,0,1
BRF:8
BRH:7
end_of_record
TN:
SF:src\services\anki.ts
FN:14,createModels
FN:26,createDeck
FN:30,storeMediaFiles
FN:49,storeCodeHighlightMedias
FN:82,addCards
FN:114,updateCards
FN:182,changeDeck
FN:186,cardsInfo
FN:190,getCards
FN:199,findNotes
FN:208,getNotesInDeck
FN:223,deleteCards
FN:227,ping
FN:231,mergeTags
FN:264,invoke
FN:294,getModels
FN:406,requestPermission
FNF:17
FNH:16
FNDA:4,createModels
FNDA:2,createDeck
FNDA:1,storeMediaFiles
FNDA:2,storeCodeHighlightMedias
FNDA:6,addCards
FNDA:3,updateCards
FNDA:2,changeDeck
FNDA:2,cardsInfo
FNDA:2,getCards
FNDA:6,findNotes
FNDA:5,getNotesInDeck
FNDA:2,deleteCards
FNDA:3,ping
FNDA:0,mergeTags
FNDA:39,invoke
FNDA:5,getModels
FNDA:2,requestPermission
DA:1,1
DA:2,1
DA:3,1
DA:4,1
DA:5,1
DA:6,1
DA:7,1
DA:8,1
DA:9,1
DA:10,1
DA:11,1
DA:12,1
DA:13,1
DA:14,1
DA:15,4
DA:16,4
DA:17,4
DA:18,4
DA:19,4
DA:20,1
DA:21,1
DA:22,4
DA:23,4
DA:24,4
DA:25,1
DA:26,1
DA:27,2
DA:28,2
DA:29,1
DA:30,1
DA:31,1
DA:32,1
DA:33,1
DA:34,1
DA:35,1
DA:36,1
DA:37,1
DA:38,1
DA:39,1
DA:40,1
DA:41,1
DA:42,1
DA:43,1
DA:44,1
DA:45,0
DA:46,0
DA:47,1
DA:48,1
DA:49,1
DA:50,2
DA:51,2
DA:52,2
DA:53,2
DA:54,2
DA:55,1
DA:56,1
DA:57,1
DA:58,1
DA:59,1
DA:60,1
DA:61,1
DA:62,1
DA:63,1
DA:64,1
DA:65,1
DA:66,1
DA:67,1
DA:68,1
DA:69,1
DA:70,1
DA:71,1
DA:72,1
DA:73,1
DA:74,1
DA:75,1
DA:76,1
DA:77,1
DA:78,1
DA:79,1
DA:80,2
DA:81,1
DA:82,1
DA:83,6
DA:84,6
DA:85,6
DA:86,6
DA:87,6
DA:88,6
DA:89,6
DA:90,6
DA:91,2
DA:92,2
DA:93,2
DA:94,4
DA:95,3
DA:96,3
DA:97,2
DA:98,2
DA:99,2
DA:100,6
DA:101,4
DA:102,4
DA:103,4
DA:104,6
DA:105,1
DA:106,1
DA:107,1
DA:108,1
DA:109,1
DA:110,1
DA:111,1
DA:112,1
DA:113,1
DA:114,1
DA:115,3
DA:116,3
DA:117,3
DA:118,3
DA:119,0
DA:120,0
DA:121,0
DA:122,3
DA:123,3
DA:124,3
DA:125,3
DA:126,3
DA:127,3
DA:128,2
DA:129,3
DA:130,1
DA:131,1
DA:132,1
DA:133,1
DA:134,1
DA:135,1
DA:136,1
DA:137,1
DA:138,1
DA:139,1
DA:140,1
DA:141,1
DA:142,1
DA:143,1
DA:144,1
DA:145,1
DA:146,1
DA:147,1
DA:148,1
DA:149,1
DA:150,1
DA:151,1
DA:152,1
DA:153,1
DA:154,1
DA:155,1
DA:156,1
DA:157,1
DA:158,1
DA:159,1
DA:160,1
DA:161,1
DA:162,1
DA:163,3
DA:164,1
DA:165,1
DA:166,3
DA:167,3
DA:168,3
DA:169,1
DA:170,1
DA:171,1
DA:172,1
DA:173,1
DA:174,1
DA:175,1
DA:176,1
DA:177,1
DA:178,2
DA:179,2
DA:180,2
DA:181,1
DA:182,1
DA:183,2
DA:184,2
DA:185,1
DA:186,1
DA:187,2
DA:188,2
DA:189,1
DA:190,1
DA:191,2
DA:192,2
DA:193,1
DA:194,1
DA:195,1
DA:196,1
DA:197,1
DA:198,1
DA:199,1
DA:200,6
DA:201,6
DA:202,1
DA:203,1
DA:204,1
DA:205,1
DA:206,1
DA:207,1
DA:208,1
DA:209,5
DA:210,5
DA:211,5
DA:212,4
DA:213,5
DA:214,2
DA:215,2
DA:216,2
DA:217,2
DA:218,2
DA:219,2
DA:220,2
DA:221,2
DA:222,1
DA:223,1
DA:224,2
DA:225,2
DA:226,1
DA:227,1
DA:228,3
DA:229,2
DA:230,1
DA:231,1
DA:232,0
DA:233,0
DA:234,0
DA:235,0
DA:236,0
DA:237,0
DA:238,0
DA:239,0
DA:240,0
DA:241,0
DA:242,0
DA:243,0
DA:244,0
DA:245,0
DA:246,0
DA:247,0
DA:248,0
DA:249,0
DA:250,0
DA:251,0
DA:252,0
DA:253,0
DA:254,0
DA:255,0
DA:256,0
DA:257,0
DA:258,0
DA:259,0
DA:260,0
DA:261,0
DA:262,0
DA:263,1
DA:264,1
DA:265,39
DA:266,39
DA:267,39
DA:268,39
DA:269,37
DA:270,37
DA:271,37
DA:272,1
DA:273,1
DA:274,37
DA:275,0
DA:276,0
DA:277,37
DA:278,0
DA:279,0
DA:280,37
DA:281,10
DA:282,10
DA:283,25
DA:284,37
DA:285,12
DA:286,12
DA:287,39
DA:288,39
DA:289,39
DA:290,39
DA:291,39
DA:292,39
DA:293,1
DA:294,1
DA:295,5
DA:296,5
DA:297,5
DA:298,5
DA:299,5
DA:300,5
DA:301,5
DA:302,5
DA:303,5
DA:304,5
DA:305,5
DA:306,5
DA:307,5
DA:308,1
DA:309,1
DA:310,1
DA:311,5
DA:312,5
DA:313,5
DA:314,5
DA:315,5
DA:316,5
DA:317,5
DA:318,5
DA:319,5
DA:320,5
DA:321,5
DA:322,5
DA:323,5
DA:324,5
DA:325,5
DA:326,5
DA:327,5
DA:328,5
DA:329,5
DA:330,5
DA:331,5
DA:332,5
DA:333,5
DA:334,5
DA:335,5
DA:336,5
DA:337,5
DA:338,5
DA:339,5
DA:340,5
DA:341,5
DA:342,5
DA:343,5
DA:344,5
DA:345,5
DA:346,5
DA:347,5
DA:348,5
DA:349,5
DA:350,5
DA:351,5
DA:352,5
DA:353,5
DA:354,5
DA:355,5
DA:356,5
DA:357,5
DA:358,5
DA:359,5
DA:360,5
DA:361,5
DA:362,5
DA:363,5
DA:364,5
DA:365,5
DA:366,5
DA:367,5
DA:368,5
DA:369,5
DA:370,5
DA:371,5
DA:372,5
DA:373,5
DA:374,5
DA:375,5
DA:376,5
DA:377,5
DA:378,5
DA:379,5
DA:380,5
DA:381,5
DA:382,5
DA:383,5
DA:384,5
DA:385,5
DA:386,5
DA:387,5
DA:388,5
DA:389,5
DA:390,5
DA:391,5
DA:392,5
DA:393,5
DA:394,5
DA:395,5
DA:396,5
DA:397,5
DA:398,5
DA:399,5
DA:400,5
DA:401,5
DA:402,5
DA:403,5
DA:404,5
DA:405,1
DA:406,1
DA:407,2
DA:408,2
DA:409,1
LF:409
LH:369
BRDA:14,0,0,4
BRDA:19,1,0,1
BRDA:26,2,0,2
BRDA:30,3,0,1
BRDA:44,4,0,0
BRDA:49,5,0,2
BRDA:54,6,0,1
BRDA:82,7,0,6
BRDA:91,8,0,2
BRDA:100,9,0,4
BRDA:85,10,0,8
BRDA:93,11,0,4
BRDA:94,12,0,3
BRDA:114,13,0,3
BRDA:118,14,0,0
BRDA:128,15,0,2
BRDA:129,16,0,1
BRDA:163,17,0,1
BRDA:168,18,0,1
BRDA:178,19,0,2
BRDA:182,20,0,2
BRDA:186,21,0,2
BRDA:190,22,0,2
BRDA:199,23,0,6
BRDA:208,24,0,5
BRDA:212,25,0,4
BRDA:213,26,0,2
BRDA:223,27,0,2
BRDA:227,28,0,3
BRDA:228,29,0,2
BRDA:264,30,0,39
BRDA:265,31,0,39
BRDA:267,32,0,2
BRDA:268,33,0,37
BRDA:271,34,0,1
BRDA:274,35,0,35
BRDA:274,36,0,0
BRDA:277,37,0,35
BRDA:277,38,0,0
BRDA:280,39,0,35
BRDA:280,40,0,10
BRDA:283,41,0,25
BRDA:284,42,0,12
BRDA:294,43,0,5
BRDA:307,44,0,1
BRDA:406,45,0,2
BRF:46
BRH:42
end_of_record
TN:
SF:src\services\cards.ts
FN:30,CardsService
FN:39,execute
FN:193,insertMedias
FN:205,generateMediaLinks
FN:226,insertCardsOnAnki
FN:262,updateFrontmatter
FN:270,writeAnkiBlocks
FN:293,updateCardsOnAnki
FN:309,deleteCardsOnAnki
FN:346,getAnkiIDs
FN:355,filterByUpdate
FN:491,addMissingIdToCard
FN:510,deckNeedToBeChanged
FN:521,getCardsIds
FN:541,parseGlobalTags
FN:566,deleteCardsFromAnkiOnly
FNF:16
FNH:11
FNDA:17,CardsService
FNDA:6,execute
FNDA:0,insertMedias
FNDA:0,generateMediaLinks
FNDA:5,insertCardsOnAnki
FNDA:0,updateFrontmatter
FNDA:0,writeAnkiBlocks
FNDA:5,updateCardsOnAnki
FNDA:5,deleteCardsOnAnki
FNDA:5,getAnkiIDs
FNDA:13,filterByUpdate
FNDA:1,addMissingIdToCard
FNDA:0,deckNeedToBeChanged
FNDA:5,getCardsIds
FNDA:5,parseGlobalTags
FNDA:3,deleteCardsFromAnkiOnly
DA:1,1
DA:2,1
DA:3,1
DA:4,1
DA:5,1
DA:6,1
DA:7,1
DA:8,1
DA:9,1
DA:10,1
DA:11,1
DA:12,1
DA:13,1
DA:14,1
DA:15,1
DA:16,1
DA:17,1
DA:18,1
DA:19,1
DA:20,1
DA:21,1
DA:22,1
DA:23,1
DA:24,1
DA:25,1
DA:26,1
DA:27,1
DA:28,1
DA:29,1
DA:30,1
DA:31,17
DA:32,17
DA:33,17
DA:34,17
DA:35,17
DA:36,17
DA:37,17
DA:38,1
DA:39,1
DA:40,6
DA:41,6
DA:42,6
DA:43,6
DA:44,6
DA:45,1
DA:46,1
DA:47,1
DA:48,5
DA:49,5
DA:50,5
DA:51,5
DA:52,5
DA:53,5
DA:54,5
DA:55,5
DA:56,5
DA:57,5
DA:58,5
DA:59,5
DA:60,5
DA:61,5
DA:62,5
DA:63,6
DA:64,1
DA:65,6
DA:66,4
DA:67,4
DA:68,1
DA:69,1
DA:70,4
DA:71,3
DA:72,3
DA:73,3
DA:74,3
DA:75,2
DA:76,2
DA:77,3
DA:78,4
DA:79,5
DA:80,5
DA:81,5
DA:82,5
DA:83,5
DA:84,5
DA:85,5
DA:86,5
DA:87,5
DA:88,5
DA:89,5
DA:90,5
DA:91,5
DA:92,5
DA:93,5
DA:94,5
DA:95,5
DA:96,5
DA:97,5
DA:98,5
DA:99,5
DA:100,6
DA:101,6
DA:102,6
DA:103,6
DA:104,6
DA:105,6
DA:106,6
DA:107,6
DA:108,6
DA:109,6
DA:110,6
DA:111,6
DA:112,6
DA:113,6
DA:114,6
DA:115,6
DA:116,6
DA:117,6
DA:118,6
DA:119,6
DA:120,6
DA:121,6
DA:122,6
DA:123,6
DA:124,6
DA:125,6
DA:126,6
DA:127,5
DA:128,5
DA:129,0
DA:130,0
DA:131,0
DA:132,0
DA:133,5
DA:134,5
DA:135,5
DA:136,5
DA:137,5
DA:138,5
DA:139,5
DA:140,5
DA:141,5
DA:142,5
DA:143,5
DA:144,5
DA:145,5
DA:146,6
DA:147,0
DA:148,0
DA:149,0
DA:150,0
DA:151,0
DA:152,0
DA:153,0
DA:154,5
DA:155,5
DA:156,6
DA:157,0
DA:158,0
DA:159,0
DA:160,0
DA:161,0
DA:162,0
DA:163,0
DA:164,0
DA:165,0
DA:166,0
DA:167,0
DA:168,0
DA:169,5
DA:170,5
DA:171,5
DA:172,6
DA:173,0
DA:174,0
DA:175,0
DA:176,0
DA:177,0
DA:178,0
DA:179,0
DA:180,5
DA:181,5
DA:182,5
DA:183,5
DA:184,5
DA:185,5
DA:186,5
DA:187,6
DA:188,0
DA:189,0
DA:190,0
DA:191,6
DA:192,1
DA:193,1
DA:194,0
DA:195,0
DA:196,0
DA:197,0
DA:198,0
DA:199,0
DA:200,0
DA:201,0
DA:202,0
DA:203,0
DA:204,1
DA:205,1
DA:206,0
DA:207,0
DA:208,0
DA:209,0
DA:210,0
DA:211,0
DA:212,0
DA:213,0
DA:214,0
DA:215,0
DA:216,0
DA:217,0
DA:218,0
DA:219,0
DA:220,0
DA:221,0
DA:222,0
DA:223,0
DA:224,0
DA:225,1
DA:226,1
DA:227,5
DA:228,0
DA:229,0
DA:230,0
DA:231,0
DA:232,0
DA:233,0
DA:234,0
DA:235,0
DA:236,0
DA:237,0
DA:238,0
DA:239,0
DA:240,0
DA:241,0
DA:242,0
DA:243,0
DA:244,0
DA:245,0
DA:246,0
DA:247,0
DA:248,0
DA:249,0
DA:250,0
DA:251,0
DA:252,0
DA:253,0
DA:254,0
DA:255,0
DA:256,0
DA:257,0
DA:258,0
DA:259,0
DA:260,5
DA:261,1
DA:262,1
DA:263,0
DA:264,0
DA:265,0
DA:266,0
DA:267,0
DA:268,0
DA:269,1
DA:270,1
DA:271,0
DA:272,0
DA:273,0
DA:274,0
DA:275,0
DA:276,0
DA:277,0
DA:278,0
DA:279,0
DA:280,0
DA:281,0
DA:282,0
DA:283,0
DA:284,0
DA:285,0
DA:286,0
DA:287,0
DA:288,0
DA:289,0
DA:290,0
DA:291,0
DA:292,1
DA:293,1
DA:294,5
DA:295,0
DA:296,0
DA:297,0
DA:298,0
DA:299,0
DA:300,0
DA:301,0
DA:302,0
DA:303,0
DA:304,0
DA:305,0
DA:306,0
DA:307,5
DA:308,1
DA:309,1
DA:310,5
DA:311,5
DA:312,5
DA:313,5
DA:314,0
DA:315,0
DA:316,0
DA:317,0
DA:318,0
DA:319,0
DA:320,0
DA:321,0
DA:322,0
DA:323,0
DA:324,0
DA:325,0
DA:326,0
DA:327,0
DA:328,0
DA:329,0
DA:330,0
DA:331,0
DA:332,0
DA:333,0
DA:334,0
DA:335,0
DA:336,0
DA:337,0
DA:338,0
DA:339,0
DA:340,0
DA:341,0
DA:342,0
DA:343,0
DA:344,5
DA:345,1
DA:346,1
DA:347,5
DA:348,5
DA:349,0
DA:350,0
DA:351,5
DA:352,5
DA:353,5
DA:354,1
DA:355,1
DA:356,13
DA:357,13
DA:358,13
DA:359,13
DA:360,13
DA:361,13
DA:362,13
DA:363,13
DA:364,13
DA:365,13
DA:366,13
DA:367,13
DA:368,13
DA:369,13
DA:370,13
DA:371,13
DA:372,13
DA:373,10
DA:374,10
DA:375,10
DA:376,10
DA:377,10
DA:378,10
DA:379,10
DA:380,10
DA:381,10
DA:382,10
DA:383,5
DA:384,5
DA:385,5
DA:386,5
DA:387,5
DA:388,5
DA:389,5
DA:390,5
DA:391,5
DA:392,5
DA:393,5
DA:394,5
DA:395,2
DA:396,2
DA:397,2
DA:398,2
DA:399,10
DA:400,10
DA:401,0
DA:402,0
DA:403,0
DA:404,0
DA:405,0
DA:406,13
DA:407,3
DA:408,3
DA:409,3
DA:410,3
DA:411,13
DA:412,13
DA:413,13
DA:414,13
DA:415,13
DA:416,5
DA:417,5
DA:418,5
DA:419,5
DA:420,5
DA:421,5
DA:422,5
DA:423,8
DA:424,8
DA:425,8
DA:426,8
DA:427,0
DA:428,0
DA:429,0
DA:430,8
DA:431,8
DA:432,8
DA:433,3
DA:434,3
DA:435,3
DA:436,3
DA:437,0
DA:438,0
DA:439,0
DA:440,0
DA:441,0
DA:442,0
DA:443,0
DA:444,0
DA:445,3
DA:446,3
DA:447,3
DA:448,3
DA:449,3
DA:450,3
DA:451,3
DA:452,1
DA:453,1
DA:454,1
DA:455,1
DA:456,1
DA:457,1
DA:458,1
DA:459,1
DA:460,1
DA:461,1
DA:462,0
DA:463,0
DA:464,0
DA:465,1
DA:466,1
DA:467,1
DA:468,1
DA:469,1
DA:470,1
DA:471,1
DA:472,3
DA:473,8
DA:474,8
DA:475,8
DA:476,7
DA:477,7
DA:478,8
DA:479,5
DA:480,5
DA:481,5
DA:482,5
DA:483,13
DA:484,13
DA:485,13
DA:486,13
DA:487,13
DA:488,13
DA:489,13
DA:490,1
DA:491,1
DA:492,1
DA:493,1
DA:494,1
DA:495,1
DA:496,1
DA:497,1
DA:498,1
DA:499,1
DA:500,1
DA:501,1
DA:502,1
DA:503,0
DA:504,0
DA:505,0
DA:506,1
DA:507,1
DA:508,1
DA:509,1
DA:510,1
DA:511,0
DA:512,0
DA:513,0
DA:514,0
DA:515,0
DA:516,0
DA:517,0
DA:518,0
DA:519,0
DA:520,1
DA:521,1
DA:522,5
DA:523,5
DA:524,5
DA:525,5
DA:526,0
DA:527,0
DA:528,0
DA:529,0
DA:530,0
DA:531,0
DA:532,0
DA:533,0
DA:534,0
DA:535,0
DA:536,5
DA:537,5
DA:538,5
DA:539,5
DA:540,1
DA:541,1
DA:542,5
DA:543,5
DA:544,5
DA:545,5
DA:546,5
DA:547,5
DA:548,5
DA:549,1
DA:550,1
DA:551,1
DA:552,1
DA:553,1
DA:554,1
DA:555,5
DA:556,5
DA:557,5
DA:558,0
DA:559,0
DA:560,0
DA:561,1
DA:562,1
DA:563,1
DA:564,1
DA:565,1
DA:566,1
DA:567,3
DA:568,1
DA:569,1
DA:570,1
DA:571,2
DA:572,2
DA:573,2
DA:574,1
DA:575,1
DA:576,1
DA:577,1
DA:578,1
DA:579,1
DA:580,1
DA:581,3
DA:582,1
LF:582
LH:373
BRDA:30,0,0,17
BRDA:39,1,0,6
BRDA:44,2,0,5
BRDA:44,3,0,1
BRDA:48,4,0,5
BRDA:63,5,0,4
BRDA:63,6,0,1
BRDA:65,7,0,4
BRDA:67,8,0,1
BRDA:67,9,0,1
BRDA:70,10,0,3
BRDA:74,11,0,2
BRDA:74,12,0,2
BRDA:79,13,0,5
BRDA:100,14,0,0
BRDA:101,15,0,5
BRDA:126,16,0,5
BRDA:128,17,0,0
BRDA:146,18,0,0
BRDA:154,19,0,5
BRDA:156,20,0,0
BRDA:169,21,0,5
BRDA:172,22,0,0
BRDA:180,23,0,5
BRDA:187,24,0,0
BRDA:226,25,0,5
BRDA:227,26,0,0
BRDA:293,27,0,5
BRDA:294,28,0,0
BRDA:309,29,0,5
BRDA:313,30,0,0
BRDA:346,31,0,5
BRDA:348,32,0,0
BRDA:355,33,0,13
BRDA:368,34,0,13
BRDA:372,35,0,10
BRDA:378,36,0,0
BRDA:382,37,0,5
BRDA:394,38,0,2
BRDA:400,39,0,0
BRDA:406,40,0,3
BRDA:415,41,0,5
BRDA:422,42,0,8
BRDA:426,43,0,0
BRDA:432,44,0,3
BRDA:436,45,0,0
BRDA:451,46,0,1
BRDA:461,47,0,0
BRDA:475,48,0,7
BRDA:379,49,0,6
BRDA:484,50,0,7
BRDA:485,51,0,2
BRDA:491,52,0,1
BRDA:502,53,0,0
BRDA:521,54,0,5
BRDA:525,55,0,0
BRDA:541,56,0,5
BRDA:545,57,0,1
BRDA:545,58,0,4
BRDA:548,59,0,1
BRDA:558,60,0,0
BRDA:566,61,0,3
BRDA:567,62,0,1
BRDA:571,63,0,2
BRDA:574,64,0,1
BRF:65
BRH:47
end_of_record
TN:
SF:src\services\parser.ts
FN:18,Parser
FN:31,generateFlashcards
FN:102,getContext
FN:144,generateSpacedCards
FN:209,generateClozeCards
FN:306,generateInlineCards
FN:329,findLineNumber
FN:512,generateCardsWithTag
FN:528,findLineNumber
FN:655,containsCode
FN:664,getCardsToDelete
FN:673,parseLine
FN:697,getImageLinks
FN:713,getAudioLinks
FN:724,substituteObsidianLinks
FN:737,substituteImageLinks
FN:757,substituteAudioLinks
FN:761,mathToAnki
FN:773,parseTags
FN:790,getAnkiIDsBlocks
FN:797,getEmbedMap
FN:820,getEmbedWrapContent
FNF:22
FNH:22
FNDA:12,Parser
FNDA:17,generateFlashcards
FNDA:6,getContext
FNDA:17,generateSpacedCards
FNDA:17,generateClozeCards
FNDA:17,generateInlineCards
FNDA:3,findLineNumber
FNDA:17,generateCardsWithTag
FNDA:21,findLineNumber
FNDA:38,containsCode
FNDA:2,getCardsToDelete
FNDA:65,parseLine
FNDA:62,getImageLinks
FNDA:41,getAudioLinks
FNDA:83,substituteObsidianLinks
FNDA:70,substituteImageLinks
FNDA:68,substituteAudioLinks
FNDA:67,mathToAnki
FNDA:35,parseTags
FNDA:4,getAnkiIDsBlocks
FNDA:26,getEmbedMap
FNDA:33,getEmbedWrapContent
DA:1,1
DA:2,1
DA:3,1
DA:4,1
DA:5,1
DA:6,1
DA:7,1
DA:8,1
DA:9,1
DA:10,1
DA:11,1
DA:12,1
DA:13,1
DA:14,1
DA:15,1
DA:16,1
DA:17,1
DA:18,1
DA:19,12
DA:20,12
DA:21,12
DA:22,12
DA:23,12
DA:24,12
DA:25,12
DA:26,12
DA:27,12
DA:28,12
DA:29,12
DA:30,1
DA:31,1
DA:32,17
DA:33,17
DA:34,17
DA:35,17
DA:36,17
DA:37,17
DA:38,17
DA:39,17
DA:40,0
DA:41,0
DA:42,0
DA:43,17
DA:44,17
DA:45,17
DA:46,17
DA:47,17
DA:48,17
DA:49,2
DA:50,2
DA:51,2
DA:52,17
DA:53,17
DA:54,17
DA:55,17
DA:56,17
DA:57,17
DA:58,17
DA:59,17
DA:60,17
DA:61,17
DA:62,17
DA:63,17
DA:64,17
DA:65,17
DA:66,17
DA:67,17
DA:68,17
DA:69,17
DA:70,17
DA:71,17
DA:72,17
DA:73,17
DA:74,38
DA:75,38
DA:76,38
DA:77,33
DA:78,33
DA:79,33
DA:80,38
DA:81,38
DA:82,17
DA:83,17
DA:84,17
DA:85,17
DA:86,17
DA:87,17
DA:88,17
DA:89,37
DA:90,37
DA:91,17
DA:92,17
DA:93,17
DA:94,17
DA:95,1
DA:96,1
DA:97,1
DA:98,1
DA:99,1
DA:100,1
DA:101,1
DA:102,1
DA:103,6
DA:104,6
DA:105,6
DA:106,6
DA:107,6
DA:108,6
DA:109,6
DA:110,6
DA:111,6
DA:112,6
DA:113,6
DA:114,0
DA:115,0
DA:116,6
DA:117,6
DA:118,6
DA:119,6
DA:120,13
DA:121,6
DA:122,6
DA:123,6
DA:124,6
DA:125,6
DA:126,6
DA:127,13
DA:128,6
DA:129,6
DA:130,6
DA:131,6
DA:132,20
DA:133,20
DA:134,8
DA:135,8
DA:136,8
DA:137,8
DA:138,8
DA:139,20
DA:140,6
DA:141,6
DA:142,6
DA:143,1
DA:144,1
DA:145,17
DA:146,17
DA:147,17
DA:148,17
DA:149,17
DA:150,17
DA:151,17
DA:152,17
DA:153,17
DA:154,17
DA:155,17
DA:156,17
DA:157,4
DA:158,4
DA:159,4
DA:160,0
DA:161,0
DA:162,0
DA:163,4
DA:164,4
DA:165,4
DA:166,4
DA:167,4
DA:168,4
DA:169,4
DA:170,4
DA:171,0
DA:172,4
DA:173,4
DA:174,4
DA:175,4
DA:176,4
DA:177,4
DA:178,4
DA:179,4
DA:180,4
DA:181,4
DA:182,4
DA:183,4
DA:184,4
DA:185,4
DA:186,0
DA:187,0
DA:188,4
DA:189,4
DA:190,4
DA:191,4
DA:192,4
DA:193,4
DA:194,4
DA:195,4
DA:196,4
DA:197,4
DA:198,4
DA:199,4
DA:200,4
DA:201,4
DA:202,4
DA:203,4
DA:204,4
DA:205,17
DA:206,17
DA:207,17
DA:208,1
DA:209,1
DA:210,17
DA:211,17
DA:212,17
DA:213,17
DA:214,17
DA:215,17
DA:216,17
DA:217,17
DA:218,17
DA:219,17
DA:220,17
DA:221,17
DA:222,17
DA:223,17
DA:224,17
DA:225,17
DA:226,17
DA:227,13
DA:228,13
DA:229,13
DA:230,3
DA:231,3
DA:232,3
DA:233,13
DA:234,13
DA:235,13
DA:236,13
DA:237,13
DA:238,13
DA:239,13
DA:240,13
DA:241,13
DA:242,13
DA:243,16
DA:244,16
DA:245,16
DA:246,6
DA:247,16
DA:248,10
DA:249,5
DA:250,5
DA:251,5
DA:252,5
DA:253,10
DA:254,13
DA:255,13
DA:256,13
DA:257,13
DA:258,13
DA:259,13
DA:260,3
DA:261,3
DA:262,3
DA:263,10
DA:264,10
DA:265,10
DA:266,10
DA:267,13
DA:268,0
DA:269,13
DA:270,13
DA:271,13
DA:272,13
DA:273,13
DA:274,13
DA:275,13
DA:276,13
DA:277,13
DA:278,13
DA:279,13
DA:280,13
DA:281,13
DA:282,13
DA:283,0
DA:284,0
DA:285,10
DA:286,10
DA:287,10
DA:288,10
DA:289,10
DA:290,10
DA:291,10
DA:292,10
DA:293,10
DA:294,10
DA:295,10
DA:296,10
DA:297,10
DA:298,10
DA:299,10
DA:300,10
DA:301,10
DA:302,17
DA:303,17
DA:304,17
DA:305,1
DA:306,1
DA:307,17
DA:308,17
DA:309,17
DA:310,17
DA:311,17
DA:312,17
DA:313,17
DA:314,17
DA:315,17
DA:316,17
DA:317,17
DA:318,17
DA:319,17
DA:320,17
DA:321,17
DA:322,17
DA:323,17
DA:324,17
DA:325,17
DA:326,17
DA:327,17
DA:328,17
DA:329,17
DA:330,3
DA:331,3
DA:332,18
DA:333,18
DA:334,3
DA:335,3
DA:336,18
DA:337,0
DA:338,17
DA:339,17
DA:340,17
DA:341,17
DA:342,17
DA:343,3
DA:344,3
DA:345,3
DA:346,3
DA:347,3
DA:348,0
DA:349,0
DA:350,3
DA:351,3
DA:352,3
DA:353,3
DA:354,3
DA:355,3
DA:356,3
DA:357,3
DA:358,3
DA:359,3
DA:360,0
DA:361,0
DA:362,0
DA:363,0
DA:364,0
DA:365,3
DA:366,3
DA:367,3
DA:368,3
DA:369,3
DA:370,3
DA:371,3
DA:372,3
DA:373,3
DA:374,3
DA:375,3
DA:376,3
DA:377,0
DA:378,0
DA:379,3
DA:380,3
DA:381,3
DA:382,3
DA:383,3
DA:384,3
DA:385,3
DA:386,3
DA:387,3
DA:388,3
DA:389,3
DA:390,3
DA:391,3
DA:392,3
DA:393,3
DA:394,3
DA:395,3
DA:396,3
DA:397,3
DA:398,3
DA:399,3
DA:400,3
DA:401,3
DA:402,18
DA:403,18
DA:404,3
DA:405,3
DA:406,3
DA:407,3
DA:408,5
DA:409,5
DA:410,5
DA:411,5
DA:412,5
DA:413,5
DA:414,5
DA:415,5
DA:416,2
DA:417,8
DA:418,8
DA:419,8
DA:420,8
DA:421,8
DA:422,8
DA:423,8
DA:424,8
DA:425,2
DA:426,2
DA:427,5
DA:428,5
DA:429,0
DA:430,0
DA:431,0
DA:432,0
DA:433,0
DA:434,0
DA:435,5
DA:436,3
DA:437,3
DA:438,3
DA:439,3
DA:440,5
DA:441,2
DA:442,2
DA:443,2
DA:444,2
DA:445,2
DA:446,2
DA:447,2
DA:448,2
DA:449,5
DA:450,3
DA:451,3
DA:452,3
DA:453,3
DA:454,3
DA:455,3
DA:456,3
DA:457,3
DA:458,3
DA:459,3
DA:460,3
DA:461,3
DA:462,3
DA:463,3
DA:464,3
DA:465,3
DA:466,0
DA:467,0
DA:468,0
DA:469,0
DA:470,0
DA:471,3
DA:472,3
DA:473,3
DA:474,3
DA:475,3
DA:476,3
DA:477,3
DA:478,3
DA:479,3
DA:480,3
DA:481,3
DA:482,0
DA:483,0
DA:484,0
DA:485,3
DA:486,3
DA:487,3
DA:488,0
DA:489,0
DA:490,3
DA:491,3
DA:492,3
DA:493,3
DA:494,3
DA:495,3
DA:496,3
DA:497,3
DA:498,3
DA:499,3
DA:500,3
DA:501,3
DA:502,3
DA:503,3
DA:504,3
DA:505,3
DA:506,17
DA:507,17
DA:508,17
DA:509,17
DA:510,1
DA:511,1
DA:512,1
DA:513,17
DA:514,17
DA:515,17
DA:516,17
DA:517,17
DA:518,17
DA:519,17
DA:520,17
DA:521,17
DA:522,17
DA:523,17
DA:524,17
DA:525,17
DA:526,17
DA:527,17
DA:528,17
DA:529,21
DA:530,21
DA:531,146
DA:532,146
DA:533,21
DA:534,21
DA:535,146
DA:536,0
DA:537,17
DA:538,17
DA:539,17
DA:540,21
DA:541,21
DA:542,21
DA:543,21
DA:544,21
DA:545,21
DA:546,21
DA:547,21
DA:548,21
DA:549,21
DA:550,21
DA:551,21
DA:552,21
DA:553,21
DA:554,21
DA:555,21
DA:556,21
DA:557,21
DA:558,21
DA:559,21
DA:560,21
DA:561,21
DA:562,21
DA:563,21
DA:564,21
DA:565,21
DA:566,21
DA:567,21
DA:568,21
DA:569,21
DA:570,21
DA:571,21
DA:572,21
DA:573,21
DA:574,21
DA:575,21
DA:576,21
DA:577,21
DA:578,66
DA:579,66
DA:580,66
DA:581,66
DA:582,66
DA:583,66
DA:584,140
DA:585,66
DA:586,66
DA:587,66
DA:588,66
DA:589,14
DA:590,14
DA:591,14
DA:592,14
DA:593,14
DA:594,66
DA:595,7
DA:596,7
DA:597,7
DA:598,52
DA:599,45
DA:600,45
DA:601,45
DA:602,45
DA:603,45
DA:604,66
DA:605,66
DA:606,21
DA:607,21
DA:608,21
DA:609,21
DA:610,21
DA:611,21
DA:612,21
DA:613,21
DA:614,21
DA:615,21
DA:616,21
DA:617,21
DA:618,21
DA:619,21
DA:620,0
DA:621,0
DA:622,0
DA:623,0
DA:624,0
DA:625,21
DA:626,21
DA:627,21
DA:628,21
DA:629,21
DA:630,21
DA:631,21
DA:632,0
DA:633,0
DA:634,21
DA:635,21
DA:636,21
DA:637,21
DA:638,21
DA:639,21
DA:640,21
DA:641,21
DA:642,21
DA:643,21
DA:644,21
DA:645,21
DA:646,21
DA:647,21
DA:648,21
DA:649,21
DA:650,17
DA:651,17
DA:652,17
DA:653,17
DA:654,1
DA:655,1
DA:656,38
DA:657,62
DA:658,2
DA:659,2
DA:660,62
DA:661,36
DA:662,36
DA:663,1
DA:664,1
DA:665,2
DA:666,2
DA:667,2
DA:668,2
DA:669,4
DA:670,2
DA:671,2
DA:672,1
DA:673,1
DA:674,65
DA:675,65
DA:676,65
DA:677,65
DA:678,65
DA:679,65
DA:680,65
DA:681,65
DA:682,65
DA:683,65
DA:684,65
DA:685,65
DA:686,65
DA:687,65
DA:688,65
DA:689,65
DA:690,65
DA:691,65
DA:692,65
DA:693,65
DA:694,65
DA:695,65
DA:696,1
DA:697,1
DA:698,62
DA:699,62
DA:700,62
DA:701,62
DA:702,62
DA:703,5
DA:704,5
DA:705,62
DA:706,62
DA:707,3
DA:708,3
DA:709,62
DA:710,62
DA:711,62
DA:712,1
DA:713,1
DA:714,41
DA:715,41
DA:716,41
DA:717,41
DA:718,6
DA:719,6
DA:720,41
DA:721,41
DA:722,41
DA:723,1
DA:724,1
DA:725,83
DA:726,83
DA:727,83
DA:728,83
DA:729,23
DA:730,23
DA:731,23
DA:732,23
DA:733,23
DA:734,83
DA:735,83
DA:736,1
DA:737,1
DA:738,70
DA:739,70
DA:740,8
DA:741,8
DA:742,8
DA:743,8
DA:744,70
DA:745,70
DA:746,70
DA:747,70
DA:748,5
DA:749,5
DA:750,5
DA:751,5
DA:752,70
DA:753,70
DA:754,70
DA:755,70
DA:756,1
DA:757,1
DA:758,68
DA:759,68
DA:760,1
DA:761,1
DA:762,67
DA:763,2
DA:764,67
DA:765,67
DA:766,67
DA:767,6
DA:768,67
DA:769,67
DA:770,67
DA:771,67
DA:772,1
DA:773,1
DA:774,35
DA:775,35
DA:776,35
DA:777,11
DA:778,24
DA:779,24
DA:780,13
DA:781,13
DA:782,13
DA:783,13
DA:784,24
DA:785,11
DA:786,35
DA:787,35
DA:788,35
DA:789,1
DA:790,1
DA:791,4
DA:792,4
DA:793,4
DA:794,1
DA:795,1
DA:796,1
DA:797,1
DA:798,26
DA:799,26
DA:800,26
DA:801,26
DA:802,27
DA:803,27
DA:804,27
DA:805,27
DA:806,27
DA:807,27
DA:808,27
DA:809,26
DA:810,26
DA:811,2
DA:812,1
DA:813,1
DA:814,2
DA:815,2
DA:816,26
DA:817,26
DA:818,1
DA:819,1
DA:820,1
DA:821,33
DA:822,33
DA:823,11
DA:824,11
DA:825,22
DA:826,22
DA:827,22
DA:828,33
DA:829,17
DA:830,17
DA:831,17
DA:832,10
DA:833,10
DA:834,10
DA:835,10
DA:836,10
DA:837,17
DA:838,22
DA:839,22
DA:840,22
DA:841,22
DA:842,1
LF:842
LH:794
BRDA:18,0,0,12
BRDA:31,1,0,17
BRDA:48,2,0,2
BRDA:88,3,0,37
BRDA:72,4,0,13
BRDA:73,5,0,38
BRDA:74,6,0,0
BRDA:76,7,0,33
BRDA:78,8,0,22
BRDA:84,9,0,22
BRDA:102,10,0,6
BRDA:113,11,0,0
BRDA:119,12,0,13
BRDA:120,13,0,6
BRDA:131,14,0,20
BRDA:133,15,0,8
BRDA:133,16,0,8
BRDA:144,17,0,17
BRDA:156,18,0,4
BRDA:159,19,0,0
BRDA:165,20,0,0
BRDA:170,21,0,0
BRDA:182,22,0,1
BRDA:182,23,0,3
BRDA:183,24,0,1
BRDA:183,25,0,3
BRDA:185,26,0,0
BRDA:209,27,0,17
BRDA:226,28,0,13
BRDA:229,29,0,3
BRDA:231,30,0,0
BRDA:235,31,0,0
BRDA:259,32,0,3
BRDA:263,33,0,10
BRDA:267,34,0,0
BRDA:270,35,0,10
BRDA:279,36,0,6
BRDA:279,37,0,4
BRDA:280,38,0,6
BRDA:280,39,0,4
BRDA:282,40,0,0
BRDA:285,41,0,10
BRDA:224,42,0,11
BRDA:242,43,0,16
BRDA:245,44,0,6
BRDA:247,45,0,10
BRDA:248,46,0,5
BRDA:244,47,0,34
BRDA:306,48,0,17
BRDA:329,49,0,3
BRDA:331,50,0,18
BRDA:333,51,0,3
BRDA:337,52,0,0
BRDA:342,53,0,3
BRDA:345,54,0,0
BRDA:345,55,0,0
BRDA:345,56,0,0
BRDA:347,57,0,0
BRDA:359,58,0,0
BRDA:359,59,0,0
BRDA:366,60,0,1
BRDA:366,61,0,0
BRDA:367,62,0,2
BRDA:370,63,0,0
BRDA:372,64,0,0
BRDA:376,65,0,0
BRDA:389,66,0,1
BRDA:390,67,0,2
BRDA:401,68,0,18
BRDA:407,69,0,5
BRDA:415,70,0,2
BRDA:428,71,0,0
BRDA:435,72,0,3
BRDA:440,73,0,2
BRDA:465,74,0,0
BRDA:481,75,0,0
BRDA:487,76,0,0
BRDA:416,77,0,8
BRDA:423,78,0,1
BRDA:512,79,0,17
BRDA:528,80,0,21
BRDA:530,81,0,146
BRDA:532,82,0,21
BRDA:536,83,0,0
BRDA:539,84,0,21
BRDA:552,85,0,0
BRDA:556,86,0,5
BRDA:557,87,0,16
BRDA:562,88,0,5
BRDA:563,89,0,16
BRDA:577,90,0,66
BRDA:588,91,0,14
BRDA:594,92,0,52
BRDA:594,93,0,7
BRDA:598,94,0,45
BRDA:619,95,0,0
BRDA:631,96,0,0
BRDA:583,97,0,140
BRDA:584,98,0,43
BRDA:655,99,0,38
BRDA:656,100,0,62
BRDA:657,101,0,2
BRDA:661,102,0,36
BRDA:664,103,0,2
BRDA:668,104,0,4
BRDA:673,105,0,65
BRDA:697,106,0,62
BRDA:702,107,0,5
BRDA:706,108,0,3
BRDA:713,109,0,41
BRDA:717,110,0,6
BRDA:724,111,0,83
BRDA:728,112,0,23
BRDA:732,113,0,1
BRDA:732,114,0,22
BRDA:737,115,0,70
BRDA:739,116,0,8
BRDA:741,117,0,4
BRDA:742,118,0,2
BRDA:747,119,0,5
BRDA:749,120,0,1
BRDA:750,121,0,1
BRDA:757,122,0,68
BRDA:761,123,0,67
BRDA:762,124,0,2
BRDA:766,125,0,6
BRDA:773,126,0,35
BRDA:776,127,0,11
BRDA:777,128,0,24
BRDA:779,129,0,13
BRDA:790,130,0,4
BRDA:797,131,0,26
BRDA:810,132,0,2
BRDA:811,133,0,1
BRDA:801,134,0,27
BRDA:820,135,0,33
BRDA:822,136,0,11
BRDA:825,137,0,22
BRDA:828,138,0,17
BRDA:831,139,0,10
BRDA:838,140,0,22
BRF:141
BRH:112
end_of_record
TN:
SF:tests\mocks\obsidian.ts
FN:6,htmlToMarkdown
FNF:1
FNH:1
FNDA:27,htmlToMarkdown
DA:1,1
DA:2,1
DA:3,1
DA:4,1
DA:5,1
DA:6,1
DA:7,27
DA:8,27
DA:9,27
DA:10,27
DA:11,27
DA:12,27
DA:13,1
DA:14,1
DA:15,1
DA:16,5
DA:17,5
DA:18,5
DA:19,5
DA:20,5
DA:21,5
DA:22,5
DA:23,1
DA:24,1
LF:24
LH:24
BRDA:6,0,0,27
BRDA:15,1,0,5
BRF:2
BRH:2
end_of_record
