TN:
SF:src\utils.ts
FN:1,arrayBufferToBase64
FN:11,arraysEqual
FN:25,escapeMarkdown
FN:49,escapeRegExp
FNF:4
FNH:3
FNDA:0,arrayBufferToBase64
FNDA:18,arraysEqual
FNDA:12,escapeMarkdown
FNDA:3,escapeRegExp
DA:1,0
DA:2,0
DA:3,0
DA:4,0
DA:5,0
DA:6,0
DA:7,0
DA:8,0
DA:9,0
DA:10,1
DA:11,18
DA:12,18
DA:13,18
DA:14,18
DA:15,14
DA:16,14
DA:17,14
DA:18,14
DA:19,18
DA:20,15
DA:21,15
DA:22,12
DA:23,12
DA:24,1
DA:25,12
DA:26,12
DA:27,12
DA:28,12
DA:29,12
DA:30,12
DA:31,12
DA:32,12
DA:33,12
DA:34,12
DA:35,12
DA:36,12
DA:37,12
DA:38,12
DA:39,12
DA:40,12
DA:41,108
DA:42,108
DA:43,108
DA:44,108
DA:45,12
DA:46,12
DA:47,1
DA:48,1
DA:49,1
DA:50,3
DA:51,3
LF:51
LH:42
BRDA:11,0,0,18
BRDA:12,1,0,1
BRDA:13,2,0,17
BRDA:13,3,0,16
BRDA:13,4,0,2
BRDA:14,5,0,15
BRDA:14,6,0,1
BRDA:15,7,0,14
BRDA:19,8,0,15
BRDA:20,9,0,2
BRDA:22,10,0,12
BRDA:25,11,0,12
BRDA:25,12,0,11
BRDA:40,13,0,108
BRDA:43,14,0,4
BRDA:44,15,0,104
BRDA:49,16,0,3
BRF:17
BRH:17
end_of_record
TN:
SF:src\conf\constants.ts
FNF:0
FNH:0
DA:1,1
DA:2,1
DA:3,1
DA:4,1
DA:5,1
DA:6,1
DA:7,1
DA:8,1
DA:9,1
DA:10,1
LF:10
LH:10
BRF:0
BRH:0
end_of_record
TN:
SF:src\conf\regex.ts
FN:27,Regex
FN:31,Object.<anonymous>.Regex.update
FNF:2
FNH:2
FNDA:2,Regex
FNDA:2,Object.<anonymous>.Regex.update
DA:1,1
DA:2,1
DA:3,2
DA:4,2
DA:5,2
DA:6,2
DA:7,2
DA:8,2
DA:9,2
DA:10,2
DA:11,2
DA:12,2
DA:13,2
DA:14,2
DA:15,2
DA:16,2
DA:17,2
DA:18,2
DA:19,2
DA:20,2
DA:21,2
DA:22,2
DA:23,2
DA:24,2
DA:25,2
DA:26,2
DA:27,2
DA:28,2
DA:29,2
DA:30,2
DA:31,2
DA:32,2
DA:33,2
DA:34,2
DA:35,2
DA:36,2
DA:37,2
DA:38,2
DA:39,2
DA:40,2
DA:41,2
DA:42,2
DA:43,2
DA:44,2
DA:45,2
DA:46,2
DA:47,2
DA:48,2
DA:49,2
DA:50,2
DA:51,2
DA:52,2
DA:53,2
DA:54,2
DA:55,2
DA:56,2
DA:57,2
DA:58,2
DA:59,2
DA:60,2
DA:61,2
DA:62,2
DA:63,2
DA:64,2
DA:65,2
DA:66,2
DA:67,2
DA:68,2
DA:69,2
DA:70,2
DA:71,2
DA:72,2
DA:73,2
DA:74,2
DA:75,2
DA:76,2
DA:77,0
DA:78,0
DA:79,2
DA:80,2
DA:81,2
DA:82,2
DA:83,2
DA:84,2
DA:85,2
DA:86,2
DA:87,2
DA:88,2
DA:89,2
DA:90,2
DA:91,2
DA:92,2
DA:93,2
DA:94,2
DA:95,2
DA:96,2
DA:97,2
DA:98,2
DA:99,2
DA:100,2
DA:101,2
DA:102,2
DA:103,2
LF:103
LH:101
BRDA:3,0,0,2
BRDA:27,1,0,2
BRDA:31,2,0,2
BRDA:72,3,0,0
BRDA:73,4,0,0
BRDA:76,5,0,0
BRF:6
BRH:3
end_of_record
TN:
SF:src\entities\card.ts
FN:20,Card
FN:54,Object.<anonymous>.Card.match
FN:90,Object.<anonymous>.Card.normalizeHtml
FN:111,Object.<anonymous>.Card.simplifyText
FN:118,Object.<anonymous>.Card.getCodeDeckNameExtension
FNF:5
FNH:4
FNDA:74,Card
FNDA:12,Object.<anonymous>.Card.match
FNDA:44,Object.<anonymous>.Card.normalizeHtml
FNDA:2,Object.<anonymous>.Card.simplifyText
FNDA:0,Object.<anonymous>.Card.getCodeDeckNameExtension
DA:1,1
DA:2,1
DA:3,1
DA:4,4
DA:5,4
DA:6,4
DA:7,4
DA:8,4
DA:9,4
DA:10,4
DA:11,4
DA:12,4
DA:13,4
DA:14,4
DA:15,4
DA:16,4
DA:17,4
DA:18,4
DA:19,4
DA:20,4
DA:21,74
DA:22,74
DA:23,74
DA:24,74
DA:25,74
DA:26,74
DA:27,74
DA:28,74
DA:29,74
DA:30,74
DA:31,74
DA:32,74
DA:33,74
DA:34,74
DA:35,74
DA:36,74
DA:37,74
DA:38,74
DA:39,74
DA:40,74
DA:41,74
DA:42,74
DA:43,74
DA:44,74
DA:45,74
DA:46,74
DA:47,74
DA:48,4
DA:49,4
DA:50,4
DA:51,4
DA:52,4
DA:53,4
DA:54,4
DA:55,12
DA:56,12
DA:57,12
DA:58,12
DA:59,12
DA:60,12
DA:61,12
DA:62,12
DA:63,1
DA:64,1
DA:65,11
DA:66,12
DA:67,22
DA:68,22
DA:69,22
DA:70,22
DA:71,22
DA:72,1
DA:73,1
DA:74,1
DA:75,1
DA:76,1
DA:77,1
DA:78,1
DA:79,1
DA:80,22
DA:81,12
DA:82,12
DA:83,12
DA:84,4
DA:85,4
DA:86,4
DA:87,4
DA:88,4
DA:89,4
DA:90,4
DA:91,44
DA:92,44
DA:93,44
DA:94,44
DA:95,44
DA:96,44
DA:97,44
DA:98,44
DA:99,44
DA:100,44
DA:101,44
DA:102,44
DA:103,44
DA:104,44
DA:105,4
DA:106,4
DA:107,4
DA:108,4
DA:109,4
DA:110,4
DA:111,4
DA:112,2
DA:113,2
DA:114,2
DA:115,2
DA:116,2
DA:117,4
DA:118,4
DA:119,0
DA:120,0
DA:121,4
LF:121
LH:119
BRDA:4,0,0,4
BRDA:20,1,0,74
BRDA:31,2,0,0
BRDA:54,3,0,12
BRDA:62,4,0,1
BRDA:65,5,0,11
BRDA:66,6,0,22
BRDA:71,7,0,1
BRDA:90,8,0,44
BRDA:91,9,0,0
BRDA:111,10,0,2
BRDA:112,11,0,0
BRF:12
BRH:9
end_of_record
TN:
SF:src\entities\clozecard.ts
FN:5,Clozecard
FN:67,Clozecard._this.toString
FN:40,Object.<anonymous>.Clozecard.getCard
FN:55,Object.<anonymous>.Clozecard.getMedias
FN:71,Object.<anonymous>.Clozecard.getIdFormat
FNF:5
FNH:5
FNDA:15,Clozecard
FNDA:1,Clozecard._this.toString
FNDA:1,Object.<anonymous>.Clozecard.getCard
FNDA:1,Object.<anonymous>.Clozecard.getMedias
FNDA:1,Object.<anonymous>.Clozecard.getIdFormat
DA:1,1
DA:2,1
DA:3,1
DA:4,3
DA:5,3
DA:6,15
DA:7,15
DA:8,15
DA:9,15
DA:10,15
DA:11,15
DA:12,15
DA:13,15
DA:14,15
DA:15,15
DA:16,15
DA:17,15
DA:18,15
DA:19,15
DA:20,15
DA:21,15
DA:22,15
DA:23,15
DA:24,15
DA:25,15
DA:26,15
DA:27,15
DA:28,15
DA:29,15
DA:30,15
DA:31,15
DA:32,15
DA:33,0
DA:34,0
DA:35,15
DA:36,1
DA:37,1
DA:38,15
DA:39,3
DA:40,3
DA:41,1
DA:42,1
DA:43,1
DA:44,1
DA:45,1
DA:46,1
DA:47,1
DA:48,1
DA:49,1
DA:50,1
DA:51,1
DA:52,1
DA:53,1
DA:54,3
DA:55,3
DA:56,1
DA:57,1
DA:58,1
DA:59,1
DA:60,1
DA:61,1
DA:62,1
DA:63,1
DA:64,1
DA:65,1
DA:66,3
DA:67,3
DA:68,1
DA:69,3
DA:70,3
DA:71,3
DA:72,1
DA:73,1
DA:74,3
LF:74
LH:72
BRDA:4,0,0,3
BRDA:5,1,0,15
BRDA:6,2,0,0
BRDA:13,3,0,0
BRDA:14,4,0,0
BRDA:32,5,0,0
BRDA:35,6,0,1
BRDA:67,7,0,1
BRDA:40,8,0,1
BRDA:40,9,0,0
BRDA:55,10,0,1
BRDA:57,11,0,1
BRDA:71,12,0,1
BRF:13
BRH:8
end_of_record
TN:
SF:src\entities\flashcard.ts
FN:5,Flashcard
FN:69,Flashcard._this.toString
FN:42,Object.<anonymous>.Flashcard.getCard
FN:57,Object.<anonymous>.Flashcard.getMedias
FN:73,Object.<anonymous>.Flashcard.getIdFormat
FNF:5
FNH:5
FNDA:41,Flashcard
FNDA:2,Flashcard._this.toString
FNDA:4,Object.<anonymous>.Flashcard.getCard
FNDA:1,Object.<anonymous>.Flashcard.getMedias
FNDA:3,Object.<anonymous>.Flashcard.getIdFormat
DA:1,1
DA:2,1
DA:3,1
DA:4,4
DA:5,4
DA:6,41
DA:7,41
DA:8,41
DA:9,41
DA:10,41
DA:11,41
DA:12,41
DA:13,41
DA:14,41
DA:15,41
DA:16,41
DA:17,41
DA:18,41
DA:19,41
DA:20,41
DA:21,41
DA:22,41
DA:23,41
DA:24,41
DA:25,41
DA:26,41
DA:27,41
DA:28,41
DA:29,41
DA:30,41
DA:31,41
DA:32,41
DA:33,41
DA:34,41
DA:35,0
DA:36,0
DA:37,41
DA:38,4
DA:39,4
DA:40,41
DA:41,4
DA:42,4
DA:43,4
DA:44,4
DA:45,4
DA:46,4
DA:47,4
DA:48,4
DA:49,4
DA:50,4
DA:51,3
DA:52,3
DA:53,4
DA:54,4
DA:55,4
DA:56,4
DA:57,4
DA:58,1
DA:59,1
DA:60,1
DA:61,1
DA:62,1
DA:63,1
DA:64,1
DA:65,1
DA:66,1
DA:67,1
DA:68,4
DA:69,4
DA:70,2
DA:71,4
DA:72,4
DA:73,4
DA:74,3
DA:75,3
DA:76,4
LF:76
LH:74
BRDA:4,0,0,4
BRDA:5,1,0,41
BRDA:6,2,0,0
BRDA:13,3,0,0
BRDA:14,4,0,0
BRDA:32,5,0,1
BRDA:33,6,0,40
BRDA:34,7,0,0
BRDA:37,8,0,4
BRDA:69,9,0,2
BRDA:42,10,0,4
BRDA:42,11,0,0
BRDA:50,12,0,3
BRDA:57,13,0,1
BRDA:59,14,0,1
BRDA:73,15,0,3
BRF:16
BRH:11
end_of_record
TN:
SF:src\entities\inlinecard.ts
FN:5,Inlinecard
FN:70,Inlinecard._this.toString
FN:43,Object.<anonymous>.Inlinecard.getCard
FN:58,Object.<anonymous>.Inlinecard.getMedias
FN:74,Object.<anonymous>.Inlinecard.getIdFormat
FNF:5
FNH:4
FNDA:9,Inlinecard
FNDA:1,Inlinecard._this.toString
FNDA:3,Object.<anonymous>.Inlinecard.getCard
FNDA:1,Object.<anonymous>.Inlinecard.getMedias
FNDA:0,Object.<anonymous>.Inlinecard.getIdFormat
DA:1,1
DA:2,1
DA:3,1
DA:4,3
DA:5,3
DA:6,9
DA:7,9
DA:8,9
DA:9,9
DA:10,9
DA:11,9
DA:12,9
DA:13,9
DA:14,9
DA:15,9
DA:16,9
DA:17,9
DA:18,9
DA:19,9
DA:20,9
DA:21,9
DA:22,9
DA:23,9
DA:24,9
DA:25,9
DA:26,9
DA:27,9
DA:28,9
DA:29,9
DA:30,9
DA:31,9
DA:32,9
DA:33,9
DA:34,9
DA:35,9
DA:36,2
DA:37,2
DA:38,9
DA:39,2
DA:40,2
DA:41,9
DA:42,3
DA:43,3
DA:44,3
DA:45,3
DA:46,3
DA:47,3
DA:48,3
DA:49,3
DA:50,3
DA:51,3
DA:52,3
DA:53,3
DA:54,3
DA:55,3
DA:56,3
DA:57,3
DA:58,3
DA:59,1
DA:60,1
DA:61,1
DA:62,1
DA:63,1
DA:64,1
DA:65,1
DA:66,1
DA:67,1
DA:68,1
DA:69,3
DA:70,3
DA:71,1
DA:72,3
DA:73,3
DA:74,3
DA:75,0
DA:76,0
DA:77,3
LF:77
LH:75
BRDA:4,0,0,3
BRDA:5,1,0,9
BRDA:6,2,0,0
BRDA:13,3,0,0
BRDA:14,4,0,0
BRDA:33,5,0,1
BRDA:34,6,0,8
BRDA:35,7,0,2
BRDA:38,8,0,2
BRDA:70,9,0,1
BRDA:43,10,0,3
BRDA:43,11,0,0
BRDA:58,12,0,1
BRDA:60,13,0,1
BRF:14
BRH:10
end_of_record
TN:
SF:src\entities\spacedcard.ts
FN:5,Spacedcard
FN:67,Spacedcard._this.toString
FN:40,Object.<anonymous>.Spacedcard.getCard
FN:55,Object.<anonymous>.Spacedcard.getMedias
FN:71,Object.<anonymous>.Spacedcard.getIdFormat
FNF:5
FNH:5
FNDA:9,Spacedcard
FNDA:1,Spacedcard._this.toString
FNDA:1,Object.<anonymous>.Spacedcard.getCard
FNDA:1,Object.<anonymous>.Spacedcard.getMedias
FNDA:1,Object.<anonymous>.Spacedcard.getIdFormat
DA:1,1
DA:2,1
DA:3,1
DA:4,3
DA:5,3
DA:6,9
DA:7,9
DA:8,9
DA:9,9
DA:10,9
DA:11,9
DA:12,9
DA:13,9
DA:14,9
DA:15,9
DA:16,9
DA:17,9
DA:18,9
DA:19,9
DA:20,9
DA:21,9
DA:22,9
DA:23,9
DA:24,9
DA:25,9
DA:26,9
DA:27,9
DA:28,9
DA:29,9
DA:30,9
DA:31,9
DA:32,9
DA:33,0
DA:34,0
DA:35,9
DA:36,1
DA:37,1
DA:38,9
DA:39,3
DA:40,3
DA:41,1
DA:42,1
DA:43,1
DA:44,1
DA:45,1
DA:46,1
DA:47,1
DA:48,1
DA:49,1
DA:50,1
DA:51,1
DA:52,1
DA:53,1
DA:54,3
DA:55,3
DA:56,1
DA:57,1
DA:58,1
DA:59,1
DA:60,1
DA:61,1
DA:62,1
DA:63,1
DA:64,1
DA:65,1
DA:66,3
DA:67,3
DA:68,1
DA:69,3
DA:70,3
DA:71,3
DA:72,1
DA:73,1
DA:74,3
LF:74
LH:72
BRDA:4,0,0,3
BRDA:5,1,0,9
BRDA:6,2,0,0
BRDA:13,3,0,0
BRDA:14,4,0,0
BRDA:32,5,0,0
BRDA:35,6,0,1
BRDA:67,7,0,1
BRDA:40,8,0,1
BRDA:40,9,0,0
BRDA:55,10,0,1
BRDA:57,11,0,1
BRDA:71,12,0,1
BRF:13
BRH:8
end_of_record
TN:
SF:src\services\anki.ts
FN:13,Anki
FN:14,Object.<anonymous>.Anki.createModels
FN:26,Object.<anonymous>.Anki.createDeck
FN:30,Object.<anonymous>.Anki.storeMediaFiles
FN:49,Object.<anonymous>.Anki.storeCodeHighlightMedias
FN:82,Object.<anonymous>.Anki.addCards
FN:114,Object.<anonymous>.Anki.updateCards
FN:182,Object.<anonymous>.Anki.changeDeck
FN:186,Object.<anonymous>.Anki.cardsInfo
FN:190,Object.<anonymous>.Anki.getCards
FN:194,Object.<anonymous>.Anki.deleteCards
FN:198,Object.<anonymous>.Anki.ping
FN:202,Object.<anonymous>.Anki.mergeTags
FN:235,Object.<anonymous>.Anki.invoke
FN:265,Object.<anonymous>.Anki.getModels
FN:377,Object.<anonymous>.Anki.requestPermission
FNF:16
FNH:0
FNDA:0,Anki
FNDA:0,Object.<anonymous>.Anki.createModels
FNDA:0,Object.<anonymous>.Anki.createDeck
FNDA:0,Object.<anonymous>.Anki.storeMediaFiles
FNDA:0,Object.<anonymous>.Anki.storeCodeHighlightMedias
FNDA:0,Object.<anonymous>.Anki.addCards
FNDA:0,Object.<anonymous>.Anki.updateCards
FNDA:0,Object.<anonymous>.Anki.changeDeck
FNDA:0,Object.<anonymous>.Anki.cardsInfo
FNDA:0,Object.<anonymous>.Anki.getCards
FNDA:0,Object.<anonymous>.Anki.deleteCards
FNDA:0,Object.<anonymous>.Anki.ping
FNDA:0,Object.<anonymous>.Anki.mergeTags
FNDA:0,Object.<anonymous>.Anki.invoke
FNDA:0,Object.<anonymous>.Anki.getModels
FNDA:0,Object.<anonymous>.Anki.requestPermission
DA:1,1
DA:2,1
DA:3,1
DA:4,1
DA:5,1
DA:6,1
DA:7,1
DA:8,1
DA:9,1
DA:10,1
DA:11,1
DA:12,1
DA:13,0
DA:14,0
DA:15,0
DA:16,0
DA:17,0
DA:18,0
DA:19,0
DA:20,0
DA:21,0
DA:22,0
DA:23,0
DA:24,0
DA:25,0
DA:26,0
DA:27,0
DA:28,0
DA:29,0
DA:30,0
DA:31,0
DA:32,0
DA:33,0
DA:34,0
DA:35,0
DA:36,0
DA:37,0
DA:38,0
DA:39,0
DA:40,0
DA:41,0
DA:42,0
DA:43,0
DA:44,0
DA:45,0
DA:46,0
DA:47,0
DA:48,0
DA:49,0
DA:50,0
DA:51,0
DA:52,0
DA:53,0
DA:54,0
DA:55,0
DA:56,0
DA:57,0
DA:58,0
DA:59,0
DA:60,0
DA:61,0
DA:62,0
DA:63,0
DA:64,0
DA:65,0
DA:66,0
DA:67,0
DA:68,0
DA:69,0
DA:70,0
DA:71,0
DA:72,0
DA:73,0
DA:74,0
DA:75,0
DA:76,0
DA:77,0
DA:78,0
DA:79,0
DA:80,0
DA:81,0
DA:82,0
DA:83,0
DA:84,0
DA:85,0
DA:86,0
DA:87,0
DA:88,0
DA:89,0
DA:90,0
DA:91,0
DA:92,0
DA:93,0
DA:94,0
DA:95,0
DA:96,0
DA:97,0
DA:98,0
DA:99,0
DA:100,0
DA:101,0
DA:102,0
DA:103,0
DA:104,0
DA:105,0
DA:106,0
DA:107,0
DA:108,0
DA:109,0
DA:110,0
DA:111,0
DA:112,0
DA:113,0
DA:114,0
DA:115,0
DA:116,0
DA:117,0
DA:118,0
DA:119,0
DA:120,0
DA:121,0
DA:122,0
DA:123,0
DA:124,0
DA:125,0
DA:126,0
DA:127,0
DA:128,0
DA:129,0
DA:130,0
DA:131,0
DA:132,0
DA:133,0
DA:134,0
DA:135,0
DA:136,0
DA:137,0
DA:138,0
DA:139,0
DA:140,0
DA:141,0
DA:142,0
DA:143,0
DA:144,0
DA:145,0
DA:146,0
DA:147,0
DA:148,0
DA:149,0
DA:150,0
DA:151,0
DA:152,0
DA:153,0
DA:154,0
DA:155,0
DA:156,0
DA:157,0
DA:158,0
DA:159,0
DA:160,0
DA:161,0
DA:162,0
DA:163,0
DA:164,0
DA:165,0
DA:166,0
DA:167,0
DA:168,0
DA:169,0
DA:170,0
DA:171,0
DA:172,0
DA:173,0
DA:174,0
DA:175,0
DA:176,0
DA:177,0
DA:178,0
DA:179,0
DA:180,0
DA:181,0
DA:182,0
DA:183,0
DA:184,0
DA:185,0
DA:186,0
DA:187,0
DA:188,0
DA:189,0
DA:190,0
DA:191,0
DA:192,0
DA:193,0
DA:194,0
DA:195,0
DA:196,0
DA:197,0
DA:198,0
DA:199,0
DA:200,0
DA:201,0
DA:202,0
DA:203,0
DA:204,0
DA:205,0
DA:206,0
DA:207,0
DA:208,0
DA:209,0
DA:210,0
DA:211,0
DA:212,0
DA:213,0
DA:214,0
DA:215,0
DA:216,0
DA:217,0
DA:218,0
DA:219,0
DA:220,0
DA:221,0
DA:222,0
DA:223,0
DA:224,0
DA:225,0
DA:226,0
DA:227,0
DA:228,0
DA:229,0
DA:230,0
DA:231,0
DA:232,0
DA:233,0
DA:234,0
DA:235,0
DA:236,0
DA:237,0
DA:238,0
DA:239,0
DA:240,0
DA:241,0
DA:242,0
DA:243,0
DA:244,0
DA:245,0
DA:246,0
DA:247,0
DA:248,0
DA:249,0
DA:250,0
DA:251,0
DA:252,0
DA:253,0
DA:254,0
DA:255,0
DA:256,0
DA:257,0
DA:258,0
DA:259,0
DA:260,0
DA:261,0
DA:262,0
DA:263,0
DA:264,0
DA:265,0
DA:266,0
DA:267,0
DA:268,0
DA:269,0
DA:270,0
DA:271,0
DA:272,0
DA:273,0
DA:274,0
DA:275,0
DA:276,0
DA:277,0
DA:278,0
DA:279,0
DA:280,0
DA:281,0
DA:282,0
DA:283,0
DA:284,0
DA:285,0
DA:286,0
DA:287,0
DA:288,0
DA:289,0
DA:290,0
DA:291,0
DA:292,0
DA:293,0
DA:294,0
DA:295,0
DA:296,0
DA:297,0
DA:298,0
DA:299,0
DA:300,0
DA:301,0
DA:302,0
DA:303,0
DA:304,0
DA:305,0
DA:306,0
DA:307,0
DA:308,0
DA:309,0
DA:310,0
DA:311,0
DA:312,0
DA:313,0
DA:314,0
DA:315,0
DA:316,0
DA:317,0
DA:318,0
DA:319,0
DA:320,0
DA:321,0
DA:322,0
DA:323,0
DA:324,0
DA:325,0
DA:326,0
DA:327,0
DA:328,0
DA:329,0
DA:330,0
DA:331,0
DA:332,0
DA:333,0
DA:334,0
DA:335,0
DA:336,0
DA:337,0
DA:338,0
DA:339,0
DA:340,0
DA:341,0
DA:342,0
DA:343,0
DA:344,0
DA:345,0
DA:346,0
DA:347,0
DA:348,0
DA:349,0
DA:350,0
DA:351,0
DA:352,0
DA:353,0
DA:354,0
DA:355,0
DA:356,0
DA:357,0
DA:358,0
DA:359,0
DA:360,0
DA:361,0
DA:362,0
DA:363,0
DA:364,0
DA:365,0
DA:366,0
DA:367,0
DA:368,0
DA:369,0
DA:370,0
DA:371,0
DA:372,0
DA:373,0
DA:374,0
DA:375,0
DA:376,0
DA:377,0
DA:378,0
DA:379,0
DA:380,0
LF:380
LH:12
BRDA:13,0,0,1
BRF:1
BRH:1
end_of_record
TN:
SF:src\services\cards.ts
FN:29,CardsService
FN:37,Object.<anonymous>.CardsService.execute
FN:159,Object.<anonymous>.CardsService.insertMedias
FN:171,Object.<anonymous>.CardsService.generateMediaLinks
FN:192,Object.<anonymous>.CardsService.insertCardsOnAnki
FN:228,Object.<anonymous>.CardsService.updateFrontmatter
FN:236,Object.<anonymous>.CardsService.writeAnkiBlocks
FN:259,Object.<anonymous>.CardsService.updateCardsOnAnki
FN:275,Object.<anonymous>.CardsService.deleteCardsOnAnki
FN:312,Object.<anonymous>.CardsService.getAnkiIDs
FN:321,Object.<anonymous>.CardsService.filterByUpdate
FN:433,Object.<anonymous>.CardsService.addMissingIdToCard
FN:455,Object.<anonymous>.CardsService.deckNeedToBeChanged
FN:466,Object.<anonymous>.CardsService.getCardsIds
FN:486,Object.<anonymous>.CardsService.parseGlobalTags
FN:511,Object.<anonymous>.CardsService.deleteCardsFromAnkiOnly
FNF:16
FNH:3
FNDA:4,CardsService
FNDA:0,Object.<anonymous>.CardsService.execute
FNDA:0,Object.<anonymous>.CardsService.insertMedias
FNDA:0,Object.<anonymous>.CardsService.generateMediaLinks
FNDA:0,Object.<anonymous>.CardsService.insertCardsOnAnki
FNDA:0,Object.<anonymous>.CardsService.updateFrontmatter
FNDA:0,Object.<anonymous>.CardsService.writeAnkiBlocks
FNDA:0,Object.<anonymous>.CardsService.updateCardsOnAnki
FNDA:0,Object.<anonymous>.CardsService.deleteCardsOnAnki
FNDA:0,Object.<anonymous>.CardsService.getAnkiIDs
FNDA:4,Object.<anonymous>.CardsService.filterByUpdate
FNDA:2,Object.<anonymous>.CardsService.addMissingIdToCard
FNDA:0,Object.<anonymous>.CardsService.deckNeedToBeChanged
FNDA:0,Object.<anonymous>.CardsService.getCardsIds
FNDA:0,Object.<anonymous>.CardsService.parseGlobalTags
FNDA:0,Object.<anonymous>.CardsService.deleteCardsFromAnkiOnly
DA:1,1
DA:2,1
DA:3,1
DA:4,1
DA:5,1
DA:6,1
DA:7,1
DA:8,1
DA:9,1
DA:10,1
DA:11,1
DA:12,1
DA:13,1
DA:14,1
DA:15,1
DA:16,1
DA:17,1
DA:18,1
DA:19,1
DA:20,1
DA:21,1
DA:22,1
DA:23,1
DA:24,1
DA:25,1
DA:26,1
DA:27,1
DA:28,1
DA:29,1
DA:30,4
DA:31,4
DA:32,4
DA:33,4
DA:34,4
DA:35,4
DA:36,1
DA:37,1
DA:38,0
DA:39,0
DA:40,0
DA:41,0
DA:42,0
DA:43,0
DA:44,0
DA:45,0
DA:46,0
DA:47,0
DA:48,0
DA:49,0
DA:50,0
DA:51,0
DA:52,0
DA:53,0
DA:54,0
DA:55,0
DA:56,0
DA:57,0
DA:58,0
DA:59,0
DA:60,0
DA:61,0
DA:62,0
DA:63,0
DA:64,0
DA:65,0
DA:66,0
DA:67,0
DA:68,0
DA:69,0
DA:70,0
DA:71,0
DA:72,0
DA:73,0
DA:74,0
DA:75,0
DA:76,0
DA:77,0
DA:78,0
DA:79,0
DA:80,0
DA:81,0
DA:82,0
DA:83,0
DA:84,0
DA:85,0
DA:86,0
DA:87,0
DA:88,0
DA:89,0
DA:90,0
DA:91,0
DA:92,0
DA:93,0
DA:94,0
DA:95,0
DA:96,0
DA:97,0
DA:98,0
DA:99,0
DA:100,0
DA:101,0
DA:102,0
DA:103,0
DA:104,0
DA:105,0
DA:106,0
DA:107,0
DA:108,0
DA:109,0
DA:110,0
DA:111,0
DA:112,0
DA:113,0
DA:114,0
DA:115,0
DA:116,0
DA:117,0
DA:118,0
DA:119,0
DA:120,0
DA:121,0
DA:122,0
DA:123,0
DA:124,0
DA:125,0
DA:126,0
DA:127,0
DA:128,0
DA:129,0
DA:130,0
DA:131,0
DA:132,0
DA:133,0
DA:134,0
DA:135,0
DA:136,0
DA:137,0
DA:138,0
DA:139,0
DA:140,0
DA:141,0
DA:142,0
DA:143,0
DA:144,0
DA:145,0
DA:146,0
DA:147,0
DA:148,0
DA:149,0
DA:150,0
DA:151,0
DA:152,0
DA:153,0
DA:154,0
DA:155,0
DA:156,0
DA:157,0
DA:158,1
DA:159,1
DA:160,0
DA:161,0
DA:162,0
DA:163,0
DA:164,0
DA:165,0
DA:166,0
DA:167,0
DA:168,0
DA:169,0
DA:170,1
DA:171,1
DA:172,0
DA:173,0
DA:174,0
DA:175,0
DA:176,0
DA:177,0
DA:178,0
DA:179,0
DA:180,0
DA:181,0
DA:182,0
DA:183,0
DA:184,0
DA:185,0
DA:186,0
DA:187,0
DA:188,0
DA:189,0
DA:190,0
DA:191,1
DA:192,1
DA:193,0
DA:194,0
DA:195,0
DA:196,0
DA:197,0
DA:198,0
DA:199,0
DA:200,0
DA:201,0
DA:202,0
DA:203,0
DA:204,0
DA:205,0
DA:206,0
DA:207,0
DA:208,0
DA:209,0
DA:210,0
DA:211,0
DA:212,0
DA:213,0
DA:214,0
DA:215,0
DA:216,0
DA:217,0
DA:218,0
DA:219,0
DA:220,0
DA:221,0
DA:222,0
DA:223,0
DA:224,0
DA:225,0
DA:226,0
DA:227,1
DA:228,1
DA:229,0
DA:230,0
DA:231,0
DA:232,0
DA:233,0
DA:234,0
DA:235,1
DA:236,1
DA:237,0
DA:238,0
DA:239,0
DA:240,0
DA:241,0
DA:242,0
DA:243,0
DA:244,0
DA:245,0
DA:246,0
DA:247,0
DA:248,0
DA:249,0
DA:250,0
DA:251,0
DA:252,0
DA:253,0
DA:254,0
DA:255,0
DA:256,0
DA:257,0
DA:258,1
DA:259,1
DA:260,0
DA:261,0
DA:262,0
DA:263,0
DA:264,0
DA:265,0
DA:266,0
DA:267,0
DA:268,0
DA:269,0
DA:270,0
DA:271,0
DA:272,0
DA:273,0
DA:274,1
DA:275,1
DA:276,0
DA:277,0
DA:278,0
DA:279,0
DA:280,0
DA:281,0
DA:282,0
DA:283,0
DA:284,0
DA:285,0
DA:286,0
DA:287,0
DA:288,0
DA:289,0
DA:290,0
DA:291,0
DA:292,0
DA:293,0
DA:294,0
DA:295,0
DA:296,0
DA:297,0
DA:298,0
DA:299,0
DA:300,0
DA:301,0
DA:302,0
DA:303,0
DA:304,0
DA:305,0
DA:306,0
DA:307,0
DA:308,0
DA:309,0
DA:310,0
DA:311,1
DA:312,1
DA:313,0
DA:314,0
DA:315,0
DA:316,0
DA:317,0
DA:318,0
DA:319,0
DA:320,1
DA:321,1
DA:322,4
DA:323,4
DA:324,4
DA:325,4
DA:326,4
DA:327,4
DA:328,4
DA:329,4
DA:330,4
DA:331,4
DA:332,4
DA:333,4
DA:334,4
DA:335,4
DA:336,4
DA:337,1
DA:338,1
DA:339,1
DA:340,1
DA:341,1
DA:342,1
DA:343,1
DA:344,1
DA:345,1
DA:346,1
DA:347,0
DA:348,0
DA:349,1
DA:350,0
DA:351,0
DA:352,0
DA:353,0
DA:354,1
DA:355,1
DA:356,0
DA:357,0
DA:358,0
DA:359,0
DA:360,0
DA:361,4
DA:362,3
DA:363,3
DA:364,3
DA:365,3
DA:366,4
DA:367,4
DA:368,4
DA:369,4
DA:370,3
DA:371,3
DA:372,3
DA:373,3
DA:374,3
DA:375,3
DA:376,3
DA:377,3
DA:378,3
DA:379,3
DA:380,3
DA:381,0
DA:382,0
DA:383,0
DA:384,3
DA:385,3
DA:386,3
DA:387,2
DA:388,2
DA:389,2
DA:390,2
DA:391,0
DA:392,0
DA:393,2
DA:394,2
DA:395,2
DA:396,2
DA:397,2
DA:398,2
DA:399,2
DA:400,2
DA:401,2
DA:402,2
DA:403,2
DA:404,2
DA:405,2
DA:406,2
DA:407,2
DA:408,2
DA:409,2
DA:410,2
DA:411,0
DA:412,0
DA:413,0
DA:414,2
DA:415,2
DA:416,2
DA:417,2
DA:418,2
DA:419,3
DA:420,3
DA:421,3
DA:422,1
DA:423,1
DA:424,3
DA:425,3
DA:426,3
DA:427,3
DA:428,3
DA:429,4
DA:430,4
DA:431,4
DA:432,1
DA:433,1
DA:434,2
DA:435,2
DA:436,2
DA:437,2
DA:438,2
DA:439,2
DA:440,2
DA:441,2
DA:442,2
DA:443,2
DA:444,2
DA:445,2
DA:446,2
DA:447,2
DA:448,0
DA:449,0
DA:450,0
DA:451,2
DA:452,2
DA:453,2
DA:454,1
DA:455,1
DA:456,0
DA:457,0
DA:458,0
DA:459,0
DA:460,0
DA:461,0
DA:462,0
DA:463,0
DA:464,0
DA:465,1
DA:466,1
DA:467,0
DA:468,0
DA:469,0
DA:470,0
DA:471,0
DA:472,0
DA:473,0
DA:474,0
DA:475,0
DA:476,0
DA:477,0
DA:478,0
DA:479,0
DA:480,0
DA:481,0
DA:482,0
DA:483,0
DA:484,0
DA:485,1
DA:486,1
DA:487,0
DA:488,0
DA:489,0
DA:490,0
DA:491,0
DA:492,0
DA:493,0
DA:494,0
DA:495,0
DA:496,0
DA:497,0
DA:498,0
DA:499,0
DA:500,0
DA:501,0
DA:502,0
DA:503,0
DA:504,0
DA:505,0
DA:506,1
DA:507,1
DA:508,1
DA:509,1
DA:510,1
DA:511,1
DA:512,0
DA:513,0
DA:514,0
DA:515,0
DA:516,0
DA:517,0
DA:518,0
DA:519,0
DA:520,0
DA:521,0
DA:522,0
DA:523,0
DA:524,0
DA:525,0
DA:526,0
DA:527,1
LF:527
LH:178
BRDA:17,0,0,1
BRDA:29,1,0,4
BRDA:321,2,0,4
BRDA:369,3,0,3
BRDA:380,4,0,0
BRDA:386,5,0,2
BRDA:390,6,0,0
BRDA:410,7,0,0
BRDA:421,8,0,1
BRDA:336,9,0,1
BRDA:342,10,0,0
BRDA:346,11,0,0
BRDA:349,12,0,0
BRDA:355,13,0,0
BRDA:361,14,0,3
BRDA:343,15,0,1
BRDA:433,16,0,2
BRDA:447,17,0,0
BRF:18
BRH:10
end_of_record
TN:
SF:src\services\parser.ts
FN:18,Parser
FN:31,Object.<anonymous>.Parser.generateFlashcards
FN:96,Object.<anonymous>.Parser.getContext
FN:138,Object.<anonymous>.Parser.generateSpacedCards
FN:203,Object.<anonymous>.Parser.generateClozeCards
FN:300,Object.<anonymous>.Parser.generateInlineCards
FN:323,findLineNumber
FN:506,Object.<anonymous>.Parser.generateCardsWithTag
FN:522,findLineNumber
FN:649,Object.<anonymous>.Parser.containsCode
FN:658,Object.<anonymous>.Parser.getCardsToDelete
FN:667,Object.<anonymous>.Parser.parseLine
FN:691,Object.<anonymous>.Parser.getImageLinks
FN:707,Object.<anonymous>.Parser.getAudioLinks
FN:718,Object.<anonymous>.Parser.substituteObsidianLinks
FN:731,Object.<anonymous>.Parser.substituteImageLinks
FN:751,Object.<anonymous>.Parser.substituteAudioLinks
FN:755,Object.<anonymous>.Parser.mathToAnki
FN:767,Object.<anonymous>.Parser.parseTags
FN:784,Object.<anonymous>.Parser.getAnkiIDsBlocks
FN:791,Object.<anonymous>.Parser.getEmbedMap
FN:814,Object.<anonymous>.Parser.getEmbedWrapContent
FNF:22
FNH:22
FNDA:2,Parser
FNDA:17,Object.<anonymous>.Parser.generateFlashcards
FNDA:6,Object.<anonymous>.Parser.getContext
FNDA:17,Object.<anonymous>.Parser.generateSpacedCards
FNDA:17,Object.<anonymous>.Parser.generateClozeCards
FNDA:17,Object.<anonymous>.Parser.generateInlineCards
FNDA:3,findLineNumber
FNDA:17,Object.<anonymous>.Parser.generateCardsWithTag
FNDA:21,findLineNumber
FNDA:38,Object.<anonymous>.Parser.containsCode
FNDA:2,Object.<anonymous>.Parser.getCardsToDelete
FNDA:65,Object.<anonymous>.Parser.parseLine
FNDA:62,Object.<anonymous>.Parser.getImageLinks
FNDA:41,Object.<anonymous>.Parser.getAudioLinks
FNDA:83,Object.<anonymous>.Parser.substituteObsidianLinks
FNDA:70,Object.<anonymous>.Parser.substituteImageLinks
FNDA:68,Object.<anonymous>.Parser.substituteAudioLinks
FNDA:67,Object.<anonymous>.Parser.mathToAnki
FNDA:35,Object.<anonymous>.Parser.parseTags
FNDA:4,Object.<anonymous>.Parser.getAnkiIDsBlocks
FNDA:26,Object.<anonymous>.Parser.getEmbedMap
FNDA:33,Object.<anonymous>.Parser.getEmbedWrapContent
DA:1,1
DA:2,1
DA:3,1
DA:4,1
DA:5,1
DA:6,1
DA:7,1
DA:8,1
DA:9,1
DA:10,1
DA:11,1
DA:12,1
DA:13,2
DA:14,2
DA:15,2
DA:16,2
DA:17,2
DA:18,2
DA:19,2
DA:20,2
DA:21,2
DA:22,2
DA:23,2
DA:24,2
DA:25,2
DA:26,2
DA:27,2
DA:28,2
DA:29,2
DA:30,2
DA:31,2
DA:32,17
DA:33,17
DA:34,17
DA:35,17
DA:36,17
DA:37,17
DA:38,17
DA:39,17
DA:40,17
DA:41,17
DA:42,17
DA:43,2
DA:44,2
DA:45,2
DA:46,17
DA:47,17
DA:48,17
DA:49,17
DA:50,17
DA:51,17
DA:52,17
DA:53,17
DA:54,17
DA:55,17
DA:56,17
DA:57,17
DA:58,17
DA:59,17
DA:60,17
DA:61,17
DA:62,17
DA:63,17
DA:64,17
DA:65,17
DA:66,17
DA:67,17
DA:68,38
DA:69,38
DA:70,38
DA:71,33
DA:72,33
DA:73,33
DA:74,38
DA:75,38
DA:76,17
DA:77,17
DA:78,17
DA:79,17
DA:80,17
DA:81,17
DA:82,0
DA:83,0
DA:84,0
DA:85,0
DA:86,17
DA:87,17
DA:88,17
DA:89,2
DA:90,2
DA:91,2
DA:92,2
DA:93,2
DA:94,2
DA:95,2
DA:96,2
DA:97,6
DA:98,6
DA:99,6
DA:100,6
DA:101,6
DA:102,6
DA:103,6
DA:104,6
DA:105,6
DA:106,6
DA:107,6
DA:108,0
DA:109,0
DA:110,6
DA:111,6
DA:112,6
DA:113,6
DA:114,13
DA:115,6
DA:116,6
DA:117,6
DA:118,6
DA:119,6
DA:120,6
DA:121,13
DA:122,6
DA:123,6
DA:124,6
DA:125,6
DA:126,20
DA:127,20
DA:128,8
DA:129,8
DA:130,8
DA:131,8
DA:132,8
DA:133,20
DA:134,6
DA:135,6
DA:136,6
DA:137,2
DA:138,2
DA:139,17
DA:140,17
DA:141,17
DA:142,17
DA:143,17
DA:144,17
DA:145,17
DA:146,17
DA:147,17
DA:148,17
DA:149,17
DA:150,17
DA:151,4
DA:152,4
DA:153,4
DA:154,0
DA:155,0
DA:156,0
DA:157,4
DA:158,4
DA:159,4
DA:160,4
DA:161,4
DA:162,4
DA:163,4
DA:164,4
DA:165,0
DA:166,4
DA:167,4
DA:168,4
DA:169,4
DA:170,4
DA:171,4
DA:172,4
DA:173,4
DA:174,4
DA:175,4
DA:176,4
DA:177,4
DA:178,4
DA:179,4
DA:180,0
DA:181,0
DA:182,4
DA:183,4
DA:184,4
DA:185,4
DA:186,4
DA:187,4
DA:188,4
DA:189,4
DA:190,4
DA:191,4
DA:192,4
DA:193,4
DA:194,4
DA:195,4
DA:196,4
DA:197,4
DA:198,4
DA:199,17
DA:200,17
DA:201,17
DA:202,2
DA:203,2
DA:204,17
DA:205,17
DA:206,17
DA:207,17
DA:208,17
DA:209,17
DA:210,17
DA:211,17
DA:212,17
DA:213,17
DA:214,17
DA:215,17
DA:216,17
DA:217,17
DA:218,17
DA:219,17
DA:220,17
DA:221,13
DA:222,13
DA:223,13
DA:224,3
DA:225,3
DA:226,3
DA:227,13
DA:228,13
DA:229,13
DA:230,13
DA:231,13
DA:232,13
DA:233,13
DA:234,13
DA:235,13
DA:236,13
DA:237,16
DA:238,16
DA:239,16
DA:240,6
DA:241,16
DA:242,10
DA:243,5
DA:244,5
DA:245,5
DA:246,5
DA:247,10
DA:248,13
DA:249,13
DA:250,13
DA:251,13
DA:252,13
DA:253,13
DA:254,3
DA:255,3
DA:256,3
DA:257,10
DA:258,10
DA:259,10
DA:260,10
DA:261,13
DA:262,0
DA:263,13
DA:264,13
DA:265,13
DA:266,13
DA:267,13
DA:268,13
DA:269,13
DA:270,13
DA:271,13
DA:272,13
DA:273,13
DA:274,13
DA:275,13
DA:276,13
DA:277,0
DA:278,0
DA:279,13
DA:280,13
DA:281,13
DA:282,13
DA:283,13
DA:284,13
DA:285,13
DA:286,13
DA:287,13
DA:288,13
DA:289,13
DA:290,13
DA:291,13
DA:292,13
DA:293,13
DA:294,13
DA:295,13
DA:296,17
DA:297,17
DA:298,17
DA:299,2
DA:300,2
DA:301,17
DA:302,17
DA:303,17
DA:304,17
DA:305,17
DA:306,17
DA:307,17
DA:308,17
DA:309,17
DA:310,17
DA:311,17
DA:312,17
DA:313,17
DA:314,17
DA:315,17
DA:316,17
DA:317,17
DA:318,17
DA:319,17
DA:320,17
DA:321,17
DA:322,17
DA:323,17
DA:324,3
DA:325,3
DA:326,18
DA:327,18
DA:328,3
DA:329,3
DA:330,18
DA:331,0
DA:332,17
DA:333,17
DA:334,17
DA:335,17
DA:336,17
DA:337,3
DA:338,3
DA:339,3
DA:340,3
DA:341,3
DA:342,0
DA:343,0
DA:344,3
DA:345,3
DA:346,3
DA:347,3
DA:348,3
DA:349,3
DA:350,3
DA:351,3
DA:352,3
DA:353,3
DA:354,0
DA:355,0
DA:356,0
DA:357,0
DA:358,0
DA:359,3
DA:360,3
DA:361,3
DA:362,3
DA:363,3
DA:364,3
DA:365,3
DA:366,3
DA:367,3
DA:368,3
DA:369,3
DA:370,3
DA:371,0
DA:372,0
DA:373,3
DA:374,3
DA:375,3
DA:376,3
DA:377,3
DA:378,3
DA:379,3
DA:380,3
DA:381,3
DA:382,3
DA:383,3
DA:384,3
DA:385,3
DA:386,3
DA:387,3
DA:388,3
DA:389,3
DA:390,3
DA:391,3
DA:392,3
DA:393,3
DA:394,3
DA:395,3
DA:396,18
DA:397,18
DA:398,3
DA:399,3
DA:400,3
DA:401,3
DA:402,5
DA:403,5
DA:404,5
DA:405,5
DA:406,5
DA:407,5
DA:408,5
DA:409,5
DA:410,2
DA:411,8
DA:412,8
DA:413,8
DA:414,8
DA:415,8
DA:416,8
DA:417,8
DA:418,8
DA:419,2
DA:420,2
DA:421,5
DA:422,5
DA:423,0
DA:424,0
DA:425,0
DA:426,0
DA:427,0
DA:428,0
DA:429,5
DA:430,3
DA:431,3
DA:432,3
DA:433,3
DA:434,5
DA:435,2
DA:436,2
DA:437,2
DA:438,2
DA:439,2
DA:440,2
DA:441,2
DA:442,2
DA:443,3
DA:444,3
DA:445,3
DA:446,3
DA:447,3
DA:448,3
DA:449,3
DA:450,3
DA:451,3
DA:452,3
DA:453,3
DA:454,3
DA:455,3
DA:456,3
DA:457,3
DA:458,3
DA:459,3
DA:460,0
DA:461,0
DA:462,0
DA:463,0
DA:464,0
DA:465,3
DA:466,3
DA:467,3
DA:468,3
DA:469,3
DA:470,3
DA:471,3
DA:472,3
DA:473,3
DA:474,3
DA:475,3
DA:476,0
DA:477,0
DA:478,0
DA:479,3
DA:480,3
DA:481,3
DA:482,0
DA:483,0
DA:484,3
DA:485,3
DA:486,3
DA:487,3
DA:488,3
DA:489,3
DA:490,3
DA:491,3
DA:492,3
DA:493,3
DA:494,3
DA:495,3
DA:496,3
DA:497,3
DA:498,3
DA:499,3
DA:500,17
DA:501,17
DA:502,17
DA:503,17
DA:504,2
DA:505,2
DA:506,2
DA:507,17
DA:508,17
DA:509,17
DA:510,17
DA:511,17
DA:512,17
DA:513,17
DA:514,17
DA:515,17
DA:516,17
DA:517,17
DA:518,17
DA:519,17
DA:520,17
DA:521,17
DA:522,17
DA:523,21
DA:524,21
DA:525,146
DA:526,146
DA:527,21
DA:528,21
DA:529,146
DA:530,0
DA:531,17
DA:532,17
DA:533,17
DA:534,21
DA:535,21
DA:536,21
DA:537,21
DA:538,21
DA:539,21
DA:540,21
DA:541,21
DA:542,21
DA:543,21
DA:544,21
DA:545,21
DA:546,21
DA:547,21
DA:548,21
DA:549,21
DA:550,21
DA:551,21
DA:552,21
DA:553,21
DA:554,21
DA:555,21
DA:556,21
DA:557,21
DA:558,21
DA:559,21
DA:560,21
DA:561,21
DA:562,21
DA:563,21
DA:564,21
DA:565,21
DA:566,21
DA:567,21
DA:568,21
DA:569,21
DA:570,21
DA:571,21
DA:572,66
DA:573,66
DA:574,66
DA:575,66
DA:576,66
DA:577,66
DA:578,66
DA:579,66
DA:580,66
DA:581,66
DA:582,66
DA:583,14
DA:584,14
DA:585,14
DA:586,14
DA:587,14
DA:588,66
DA:589,7
DA:590,7
DA:591,7
DA:592,52
DA:593,45
DA:594,45
DA:595,45
DA:596,45
DA:597,45
DA:598,66
DA:599,21
DA:600,21
DA:601,21
DA:602,21
DA:603,21
DA:604,21
DA:605,21
DA:606,21
DA:607,21
DA:608,21
DA:609,21
DA:610,21
DA:611,21
DA:612,21
DA:613,21
DA:614,0
DA:615,0
DA:616,0
DA:617,0
DA:618,0
DA:619,21
DA:620,21
DA:621,21
DA:622,21
DA:623,21
DA:624,21
DA:625,21
DA:626,0
DA:627,0
DA:628,21
DA:629,21
DA:630,21
DA:631,21
DA:632,21
DA:633,21
DA:634,21
DA:635,21
DA:636,21
DA:637,21
DA:638,21
DA:639,21
DA:640,21
DA:641,21
DA:642,21
DA:643,21
DA:644,17
DA:645,17
DA:646,17
DA:647,17
DA:648,2
DA:649,2
DA:650,38
DA:651,62
DA:652,2
DA:653,2
DA:654,62
DA:655,38
DA:656,38
DA:657,2
DA:658,2
DA:659,2
DA:660,2
DA:661,2
DA:662,2
DA:663,4
DA:664,2
DA:665,2
DA:666,2
DA:667,2
DA:668,65
DA:669,65
DA:670,65
DA:671,65
DA:672,65
DA:673,65
DA:674,65
DA:675,65
DA:676,65
DA:677,65
DA:678,65
DA:679,65
DA:680,65
DA:681,65
DA:682,65
DA:683,65
DA:684,65
DA:685,65
DA:686,65
DA:687,65
DA:688,65
DA:689,65
DA:690,2
DA:691,2
DA:692,62
DA:693,62
DA:694,62
DA:695,62
DA:696,62
DA:697,5
DA:698,5
DA:699,62
DA:700,62
DA:701,3
DA:702,3
DA:703,62
DA:704,62
DA:705,62
DA:706,2
DA:707,2
DA:708,41
DA:709,41
DA:710,41
DA:711,41
DA:712,6
DA:713,6
DA:714,41
DA:715,41
DA:716,41
DA:717,2
DA:718,2
DA:719,83
DA:720,83
DA:721,83
DA:722,83
DA:723,23
DA:724,23
DA:725,23
DA:726,23
DA:727,23
DA:728,83
DA:729,83
DA:730,2
DA:731,2
DA:732,70
DA:733,70
DA:734,8
DA:735,8
DA:736,8
DA:737,8
DA:738,70
DA:739,70
DA:740,70
DA:741,70
DA:742,5
DA:743,5
DA:744,5
DA:745,5
DA:746,70
DA:747,70
DA:748,70
DA:749,70
DA:750,2
DA:751,2
DA:752,68
DA:753,68
DA:754,2
DA:755,2
DA:756,67
DA:757,2
DA:758,67
DA:759,67
DA:760,67
DA:761,6
DA:762,67
DA:763,67
DA:764,67
DA:765,67
DA:766,2
DA:767,2
DA:768,35
DA:769,35
DA:770,35
DA:771,11
DA:772,24
DA:773,24
DA:774,13
DA:775,13
DA:776,13
DA:777,13
DA:778,24
DA:779,11
DA:780,35
DA:781,35
DA:782,35
DA:783,2
DA:784,2
DA:785,4
DA:786,4
DA:787,4
DA:788,2
DA:789,2
DA:790,2
DA:791,2
DA:792,26
DA:793,26
DA:794,26
DA:795,26
DA:796,27
DA:797,27
DA:798,27
DA:799,27
DA:800,27
DA:801,27
DA:802,27
DA:803,26
DA:804,26
DA:805,2
DA:806,1
DA:807,1
DA:808,2
DA:809,2
DA:810,26
DA:811,26
DA:812,2
DA:813,2
DA:814,2
DA:815,33
DA:816,33
DA:817,11
DA:818,11
DA:819,22
DA:820,22
DA:821,22
DA:822,33
DA:823,17
DA:824,17
DA:825,17
DA:826,10
DA:827,10
DA:828,10
DA:829,10
DA:830,10
DA:831,17
DA:832,22
DA:833,22
DA:834,22
DA:835,22
DA:836,2
LF:836
LH:787
BRDA:13,0,0,2
BRDA:18,1,0,2
BRDA:31,2,0,17
BRDA:36,3,0,0
BRDA:42,4,0,2
BRDA:81,5,0,0
BRDA:66,6,0,13
BRDA:67,7,0,38
BRDA:68,8,0,0
BRDA:70,9,0,33
BRDA:72,10,0,22
BRDA:78,11,0,22
BRDA:96,12,0,6
BRDA:107,13,0,0
BRDA:113,14,0,13
BRDA:114,15,0,6
BRDA:125,16,0,20
BRDA:127,17,0,8
BRDA:127,18,0,8
BRDA:138,19,0,17
BRDA:144,20,0,0
BRDA:150,21,0,4
BRDA:153,22,0,0
BRDA:159,23,0,0
BRDA:164,24,0,0
BRDA:176,25,0,1
BRDA:176,26,0,3
BRDA:177,27,0,1
BRDA:177,28,0,3
BRDA:179,29,0,0
BRDA:203,30,0,17
BRDA:209,31,0,0
BRDA:220,32,0,13
BRDA:218,33,0,11
BRDA:223,34,0,3
BRDA:225,35,0,0
BRDA:229,36,0,0
BRDA:253,37,0,3
BRDA:257,38,0,10
BRDA:261,39,0,0
BRDA:264,40,0,10
BRDA:273,41,0,6
BRDA:273,42,0,4
BRDA:274,43,0,6
BRDA:274,44,0,4
BRDA:276,45,0,0
BRDA:236,46,0,16
BRDA:239,47,0,6
BRDA:241,48,0,10
BRDA:242,49,0,5
BRDA:238,50,0,34
BRDA:300,51,0,17
BRDA:306,52,0,0
BRDA:323,53,0,3
BRDA:325,54,0,18
BRDA:327,55,0,3
BRDA:331,56,0,0
BRDA:336,57,0,3
BRDA:339,58,0,0
BRDA:339,59,0,0
BRDA:339,60,0,0
BRDA:341,61,0,0
BRDA:353,62,0,0
BRDA:353,63,0,0
BRDA:360,64,0,1
BRDA:360,65,0,0
BRDA:361,66,0,2
BRDA:364,67,0,0
BRDA:366,68,0,0
BRDA:370,69,0,0
BRDA:383,70,0,1
BRDA:384,71,0,2
BRDA:395,72,0,18
BRDA:401,73,0,5
BRDA:409,74,0,2
BRDA:422,75,0,0
BRDA:429,76,0,3
BRDA:434,77,0,2
BRDA:459,78,0,0
BRDA:475,79,0,0
BRDA:481,80,0,0
BRDA:410,81,0,8
BRDA:417,82,0,1
BRDA:506,83,0,17
BRDA:512,84,0,0
BRDA:522,85,0,21
BRDA:524,86,0,146
BRDA:526,87,0,21
BRDA:530,88,0,0
BRDA:533,89,0,21
BRDA:546,90,0,0
BRDA:550,91,0,5
BRDA:551,92,0,16
BRDA:556,93,0,5
BRDA:557,94,0,16
BRDA:571,95,0,66
BRDA:613,96,0,0
BRDA:625,97,0,0
BRDA:582,98,0,14
BRDA:588,99,0,52
BRDA:588,100,0,7
BRDA:592,101,0,45
BRDA:577,102,0,140
BRDA:578,103,0,43
BRDA:649,104,0,38
BRDA:650,105,0,62
BRDA:651,106,0,2
BRDA:658,107,0,2
BRDA:662,108,0,4
BRDA:667,109,0,65
BRDA:691,110,0,62
BRDA:696,111,0,5
BRDA:700,112,0,3
BRDA:707,113,0,41
BRDA:711,114,0,6
BRDA:718,115,0,83
BRDA:722,116,0,23
BRDA:726,117,0,1
BRDA:726,118,0,22
BRDA:731,119,0,70
BRDA:733,120,0,8
BRDA:735,121,0,4
BRDA:736,122,0,2
BRDA:741,123,0,5
BRDA:743,124,0,1
BRDA:744,125,0,1
BRDA:751,126,0,68
BRDA:755,127,0,67
BRDA:756,128,0,2
BRDA:760,129,0,6
BRDA:767,130,0,35
BRDA:770,131,0,11
BRDA:771,132,0,24
BRDA:773,133,0,13
BRDA:784,134,0,4
BRDA:791,135,0,26
BRDA:804,136,0,2
BRDA:805,137,0,1
BRDA:795,138,0,27
BRDA:814,139,0,33
BRDA:816,140,0,11
BRDA:819,141,0,22
BRDA:822,142,0,17
BRDA:825,143,0,10
BRDA:832,144,0,22
BRF:145
BRH:110
end_of_record
TN:
SF:tests\mocks\obsidian.ts
FN:6,htmlToMarkdown
FNF:1
FNH:1
FNDA:27,htmlToMarkdown
DA:1,1
DA:2,1
DA:3,1
DA:4,1
DA:5,1
DA:6,1
DA:7,27
DA:8,27
DA:9,27
DA:10,27
DA:11,27
DA:12,27
DA:13,1
DA:14,1
DA:15,1
DA:16,1
DA:17,1
DA:18,1
LF:18
LH:18
BRDA:6,0,0,27
BRF:1
BRH:1
end_of_record
